<?xml version="1.0" encoding="UTF-8"?>
<!-- Generated by org.testng.reporters.JUnitXMLReporter -->
<testsuite ignored="2" hostname="BALT-CHN-00" failures="0" tests="2376" name="SnowFlake" time="5.185" errors="0" timestamp="2021-12-10T13:45:41 IST">
  <testcase classname="testcases.BaseClass" name="@BeforeSuite beforeSuite" time="15.32">
    <failure type="java.lang.NullPointerException" message="Cannot invoke &amp;quot;com.relevantcodes.extentreports.ExtentTest.log(com.relevantcodes.extentreports.LogStatus, String)&amp;quot; because &amp;quot;common.ExtentReport.test&amp;quot; is null">
      <![CDATA[java.lang.NullPointerException: Cannot invoke "com.relevantcodes.extentreports.ExtentTest.log(com.relevantcodes.extentreports.LogStatus, String)" because "common.ExtentReport.test" is null
at common.ExtentReport.testStep(ExtentReport.java:46)
at common.PrintUtils.logError(PrintUtils.java:19)
at dbdriver.SQLConnector.connectToDB(SQLConnector.java:32)
at testcases.BaseClass.beforeSuite(BaseClass.java:29)
... Removed 19 stack frames]]>
    </failure>
  </testcase> <!-- @BeforeSuite beforeSuite -->
  <testcase classname="testcases.BaseClass" name="@BeforeMethod beforeMethod" time="-1.639124136642E9">
    <skipped/>
  </testcase> <!-- @BeforeMethod beforeMethod -->
  <testcase classname="testcases.BaseClass" name="@BeforeMethod beforeMethod" time="-1.639124136646E9">
    <skipped/>
  </testcase> <!-- @BeforeMethod beforeMethod -->
  <testcase classname="testcases.BaseClass" name="@BeforeMethod beforeMethod" time="-1.639124136649E9">
    <skipped/>
  </testcase> <!-- @BeforeMethod beforeMethod -->
  <testcase classname="testcases.BaseClass" name="@BeforeMethod beforeMethod" time="-1.639124136651E9">
    <skipped/>
  </testcase> <!-- @BeforeMethod beforeMethod -->
  <testcase classname="testcases.BaseClass" name="@BeforeMethod beforeMethod" time="-1.639124136653E9">
    <skipped/>
  </testcase> <!-- @BeforeMethod beforeMethod -->
  <testcase classname="testcases.BaseClass" name="@BeforeMethod beforeMethod" time="-1.639124136656E9">
    <skipped/>
  </testcase> <!-- @BeforeMethod beforeMethod -->
  <testcase classname="testcases.BaseClass" name="@BeforeMethod beforeMethod" time="-1.639124136658E9">
    <skipped/>
  </testcase> <!-- @BeforeMethod beforeMethod -->
  <testcase classname="testcases.BaseClass" name="@BeforeMethod beforeMethod" time="-1.639124136659E9">
    <skipped/>
  </testcase> <!-- @BeforeMethod beforeMethod -->
  <testcase classname="testcases.BaseClass" name="@BeforeMethod beforeMethod" time="-1.639124136661E9">
    <skipped/>
  </testcase> <!-- @BeforeMethod beforeMethod -->
  <testcase classname="testcases.BaseClass" name="@BeforeMethod beforeMethod" time="-1.639124136662E9">
    <skipped/>
  </testcase> <!-- @BeforeMethod beforeMethod -->
  <testcase classname="testcases.BaseClass" name="@BeforeMethod beforeMethod" time="-1.639124136664E9">
    <skipped/>
  </testcase> <!-- @BeforeMethod beforeMethod -->
  <testcase classname="testcases.BaseClass" name="@BeforeMethod beforeMethod" time="-1.639124136666E9">
    <skipped/>
  </testcase> <!-- @BeforeMethod beforeMethod -->
  <testcase classname="testcases.BaseClass" name="@BeforeMethod beforeMethod" time="-1.639124136668E9">
    <skipped/>
  </testcase> <!-- @BeforeMethod beforeMethod -->
  <testcase classname="testcases.BaseClass" name="@BeforeMethod beforeMethod" time="-1.639124136669E9">
    <skipped/>
  </testcase> <!-- @BeforeMethod beforeMethod -->
  <testcase classname="testcases.BaseClass" name="@BeforeMethod beforeMethod" time="-1.639124136671E9">
    <skipped/>
  </testcase> <!-- @BeforeMethod beforeMethod -->
  <testcase classname="testcases.BaseClass" name="@BeforeMethod beforeMethod" time="-1.639124136672E9">
    <skipped/>
  </testcase> <!-- @BeforeMethod beforeMethod -->
  <testcase classname="testcases.BaseClass" name="@BeforeMethod beforeMethod" time="-1.639124136674E9">
    <skipped/>
  </testcase> <!-- @BeforeMethod beforeMethod -->
  <testcase classname="testcases.BaseClass" name="@BeforeMethod beforeMethod" time="-1.639124136675E9">
    <skipped/>
  </testcase> <!-- @BeforeMethod beforeMethod -->
  <testcase classname="testcases.BaseClass" name="@BeforeMethod beforeMethod" time="-1.639124136677E9">
    <skipped/>
  </testcase> <!-- @BeforeMethod beforeMethod -->
  <testcase classname="testcases.BaseClass" name="@BeforeMethod beforeMethod" time="-1.639124136678E9">
    <skipped/>
  </testcase> <!-- @BeforeMethod beforeMethod -->
  <testcase classname="testcases.BaseClass" name="@BeforeMethod beforeMethod" time="-1.639124136679E9">
    <skipped/>
  </testcase> <!-- @BeforeMethod beforeMethod -->
  <testcase classname="testcases.BaseClass" name="@BeforeMethod beforeMethod" time="-1.639124136681E9">
    <skipped/>
  </testcase> <!-- @BeforeMethod beforeMethod -->
  <testcase classname="testcases.BaseClass" name="@BeforeMethod beforeMethod" time="-1.639124136682E9">
    <skipped/>
  </testcase> <!-- @BeforeMethod beforeMethod -->
  <testcase classname="testcases.BaseClass" name="@BeforeMethod beforeMethod" time="-1.639124136683E9">
    <skipped/>
  </testcase> <!-- @BeforeMethod beforeMethod -->
  <testcase classname="testcases.BaseClass" name="@BeforeMethod beforeMethod" time="-1.639124136684E9">
    <skipped/>
  </testcase> <!-- @BeforeMethod beforeMethod -->
  <testcase classname="testcases.BaseClass" name="@BeforeMethod beforeMethod" time="-1.639124136685E9">
    <skipped/>
  </testcase> <!-- @BeforeMethod beforeMethod -->
  <testcase classname="testcases.BaseClass" name="@BeforeMethod beforeMethod" time="-1.639124136687E9">
    <skipped/>
  </testcase> <!-- @BeforeMethod beforeMethod -->
  <testcase classname="testcases.BaseClass" name="@BeforeMethod beforeMethod" time="-1.639124136688E9">
    <skipped/>
  </testcase> <!-- @BeforeMethod beforeMethod -->
  <testcase classname="testcases.BaseClass" name="@BeforeMethod beforeMethod" time="-1.639124136689E9">
    <skipped/>
  </testcase> <!-- @BeforeMethod beforeMethod -->
  <testcase classname="testcases.BaseClass" name="@BeforeMethod beforeMethod" time="-1.639124136691E9">
    <skipped/>
  </testcase> <!-- @BeforeMethod beforeMethod -->
  <testcase classname="testcases.BaseClass" name="@BeforeMethod beforeMethod" time="-1.639124136691E9">
    <skipped/>
  </testcase> <!-- @BeforeMethod beforeMethod -->
  <testcase classname="testcases.BaseClass" name="@BeforeMethod beforeMethod" time="-1.639124136693E9">
    <skipped/>
  </testcase> <!-- @BeforeMethod beforeMethod -->
  <testcase classname="testcases.BaseClass" name="@BeforeMethod beforeMethod" time="-1.639124136694E9">
    <skipped/>
  </testcase> <!-- @BeforeMethod beforeMethod -->
  <testcase classname="testcases.BaseClass" name="@BeforeMethod beforeMethod" time="-1.639124136695E9">
    <skipped/>
  </testcase> <!-- @BeforeMethod beforeMethod -->
  <testcase classname="testcases.BaseClass" name="@BeforeMethod beforeMethod" time="-1.639124136696E9">
    <skipped/>
  </testcase> <!-- @BeforeMethod beforeMethod -->
  <testcase classname="testcases.BaseClass" name="@BeforeMethod beforeMethod" time="-1.639124136697E9">
    <skipped/>
  </testcase> <!-- @BeforeMethod beforeMethod -->
  <testcase classname="testcases.BaseClass" name="@BeforeMethod beforeMethod" time="-1.639124136698E9">
    <skipped/>
  </testcase> <!-- @BeforeMethod beforeMethod -->
  <testcase classname="testcases.BaseClass" name="@BeforeMethod beforeMethod" time="-1.639124136698E9">
    <skipped/>
  </testcase> <!-- @BeforeMethod beforeMethod -->
  <testcase classname="testcases.BaseClass" name="@BeforeMethod beforeMethod" time="-1.639124136699E9">
    <skipped/>
  </testcase> <!-- @BeforeMethod beforeMethod -->
  <testcase classname="testcases.BaseClass" name="@BeforeMethod beforeMethod" time="-1.6391241367E9">
    <skipped/>
  </testcase> <!-- @BeforeMethod beforeMethod -->
  <testcase classname="testcases.BaseClass" name="@BeforeMethod beforeMethod" time="-1.639124136701E9">
    <skipped/>
  </testcase> <!-- @BeforeMethod beforeMethod -->
  <testcase classname="testcases.BaseClass" name="@BeforeMethod beforeMethod" time="-1.639124136702E9">
    <skipped/>
  </testcase> <!-- @BeforeMethod beforeMethod -->
  <testcase classname="testcases.BaseClass" name="@BeforeMethod beforeMethod" time="-1.639124136703E9">
    <skipped/>
  </testcase> <!-- @BeforeMethod beforeMethod -->
  <testcase classname="testcases.BaseClass" name="@BeforeMethod beforeMethod" time="-1.639124136704E9">
    <skipped/>
  </testcase> <!-- @BeforeMethod beforeMethod -->
  <testcase classname="testcases.BaseClass" name="@BeforeMethod beforeMethod" time="-1.639124136705E9">
    <skipped/>
  </testcase> <!-- @BeforeMethod beforeMethod -->
  <testcase classname="testcases.BaseClass" name="@BeforeMethod beforeMethod" time="-1.639124136706E9">
    <skipped/>
  </testcase> <!-- @BeforeMethod beforeMethod -->
  <testcase classname="testcases.BaseClass" name="@BeforeMethod beforeMethod" time="-1.639124136707E9">
    <skipped/>
  </testcase> <!-- @BeforeMethod beforeMethod -->
  <testcase classname="testcases.BaseClass" name="@BeforeMethod beforeMethod" time="-1.639124136709E9">
    <skipped/>
  </testcase> <!-- @BeforeMethod beforeMethod -->
  <testcase classname="testcases.BaseClass" name="@BeforeMethod beforeMethod" time="-1.63912413671E9">
    <skipped/>
  </testcase> <!-- @BeforeMethod beforeMethod -->
  <testcase classname="testcases.BaseClass" name="@BeforeMethod beforeMethod" time="-1.639124136711E9">
    <skipped/>
  </testcase> <!-- @BeforeMethod beforeMethod -->
  <testcase classname="testcases.BaseClass" name="@BeforeMethod beforeMethod" time="-1.639124136712E9">
    <skipped/>
  </testcase> <!-- @BeforeMethod beforeMethod -->
  <testcase classname="testcases.BaseClass" name="@BeforeMethod beforeMethod" time="-1.639124136714E9">
    <skipped/>
  </testcase> <!-- @BeforeMethod beforeMethod -->
  <testcase classname="testcases.BaseClass" name="@BeforeMethod beforeMethod" time="-1.639124136715E9">
    <skipped/>
  </testcase> <!-- @BeforeMethod beforeMethod -->
  <testcase classname="testcases.BaseClass" name="@BeforeMethod beforeMethod" time="-1.639124136716E9">
    <skipped/>
  </testcase> <!-- @BeforeMethod beforeMethod -->
  <testcase classname="testcases.BaseClass" name="@BeforeMethod beforeMethod" time="-1.639124136718E9">
    <skipped/>
  </testcase> <!-- @BeforeMethod beforeMethod -->
  <testcase classname="testcases.BaseClass" name="@BeforeMethod beforeMethod" time="-1.639124136719E9">
    <skipped/>
  </testcase> <!-- @BeforeMethod beforeMethod -->
  <testcase classname="testcases.BaseClass" name="@BeforeMethod beforeMethod" time="-1.63912413672E9">
    <skipped/>
  </testcase> <!-- @BeforeMethod beforeMethod -->
  <testcase classname="testcases.BaseClass" name="@BeforeMethod beforeMethod" time="-1.639124136721E9">
    <skipped/>
  </testcase> <!-- @BeforeMethod beforeMethod -->
  <testcase classname="testcases.BaseClass" name="@BeforeMethod beforeMethod" time="-1.639124136722E9">
    <skipped/>
  </testcase> <!-- @BeforeMethod beforeMethod -->
  <testcase classname="testcases.BaseClass" name="@BeforeMethod beforeMethod" time="-1.639124136723E9">
    <skipped/>
  </testcase> <!-- @BeforeMethod beforeMethod -->
  <testcase classname="testcases.BaseClass" name="@BeforeMethod beforeMethod" time="-1.639124136725E9">
    <skipped/>
  </testcase> <!-- @BeforeMethod beforeMethod -->
  <testcase classname="testcases.BaseClass" name="@BeforeMethod beforeMethod" time="-1.639124136726E9">
    <skipped/>
  </testcase> <!-- @BeforeMethod beforeMethod -->
  <testcase classname="testcases.BaseClass" name="@BeforeMethod beforeMethod" time="-1.639124136727E9">
    <skipped/>
  </testcase> <!-- @BeforeMethod beforeMethod -->
  <testcase classname="testcases.BaseClass" name="@BeforeMethod beforeMethod" time="-1.639124136728E9">
    <skipped/>
  </testcase> <!-- @BeforeMethod beforeMethod -->
  <testcase classname="testcases.BaseClass" name="@BeforeMethod beforeMethod" time="-1.639124136729E9">
    <skipped/>
  </testcase> <!-- @BeforeMethod beforeMethod -->
  <testcase classname="testcases.BaseClass" name="@BeforeMethod beforeMethod" time="-1.63912413673E9">
    <skipped/>
  </testcase> <!-- @BeforeMethod beforeMethod -->
  <testcase classname="testcases.BaseClass" name="@BeforeMethod beforeMethod" time="-1.639124136732E9">
    <skipped/>
  </testcase> <!-- @BeforeMethod beforeMethod -->
  <testcase classname="testcases.BaseClass" name="@BeforeMethod beforeMethod" time="-1.639124136733E9">
    <skipped/>
  </testcase> <!-- @BeforeMethod beforeMethod -->
  <testcase classname="testcases.BaseClass" name="@BeforeMethod beforeMethod" time="-1.639124136733E9">
    <skipped/>
  </testcase> <!-- @BeforeMethod beforeMethod -->
  <testcase classname="testcases.BaseClass" name="@BeforeMethod beforeMethod" time="-1.639124136734E9">
    <skipped/>
  </testcase> <!-- @BeforeMethod beforeMethod -->
  <testcase classname="testcases.BaseClass" name="@BeforeMethod beforeMethod" time="-1.639124136735E9">
    <skipped/>
  </testcase> <!-- @BeforeMethod beforeMethod -->
  <testcase classname="testcases.BaseClass" name="@BeforeMethod beforeMethod" time="-1.639124136736E9">
    <skipped/>
  </testcase> <!-- @BeforeMethod beforeMethod -->
  <testcase classname="testcases.BaseClass" name="@BeforeMethod beforeMethod" time="-1.639124136749E9">
    <skipped/>
  </testcase> <!-- @BeforeMethod beforeMethod -->
  <testcase classname="testcases.BaseClass" name="@BeforeMethod beforeMethod" time="-1.63912413675E9">
    <skipped/>
  </testcase> <!-- @BeforeMethod beforeMethod -->
  <testcase classname="testcases.BaseClass" name="@BeforeMethod beforeMethod" time="-1.639124136751E9">
    <skipped/>
  </testcase> <!-- @BeforeMethod beforeMethod -->
  <testcase classname="testcases.BaseClass" name="@BeforeMethod beforeMethod" time="-1.639124136752E9">
    <skipped/>
  </testcase> <!-- @BeforeMethod beforeMethod -->
  <testcase classname="testcases.BaseClass" name="@BeforeMethod beforeMethod" time="-1.639124136753E9">
    <skipped/>
  </testcase> <!-- @BeforeMethod beforeMethod -->
  <testcase classname="testcases.BaseClass" name="@BeforeMethod beforeMethod" time="-1.639124136754E9">
    <skipped/>
  </testcase> <!-- @BeforeMethod beforeMethod -->
  <testcase classname="testcases.BaseClass" name="@BeforeMethod beforeMethod" time="-1.639124136755E9">
    <skipped/>
  </testcase> <!-- @BeforeMethod beforeMethod -->
  <testcase classname="testcases.BaseClass" name="@BeforeMethod beforeMethod" time="-1.639124136756E9">
    <skipped/>
  </testcase> <!-- @BeforeMethod beforeMethod -->
  <testcase classname="testcases.BaseClass" name="@BeforeMethod beforeMethod" time="-1.639124136757E9">
    <skipped/>
  </testcase> <!-- @BeforeMethod beforeMethod -->
  <testcase classname="testcases.BaseClass" name="@BeforeMethod beforeMethod" time="-1.639124136758E9">
    <skipped/>
  </testcase> <!-- @BeforeMethod beforeMethod -->
  <testcase classname="testcases.BaseClass" name="@BeforeMethod beforeMethod" time="-1.639124136759E9">
    <skipped/>
  </testcase> <!-- @BeforeMethod beforeMethod -->
  <testcase classname="testcases.BaseClass" name="@BeforeMethod beforeMethod" time="-1.63912413676E9">
    <skipped/>
  </testcase> <!-- @BeforeMethod beforeMethod -->
  <testcase classname="testcases.BaseClass" name="@BeforeMethod beforeMethod" time="-1.639124136761E9">
    <skipped/>
  </testcase> <!-- @BeforeMethod beforeMethod -->
  <testcase classname="testcases.BaseClass" name="@BeforeMethod beforeMethod" time="-1.639124136762E9">
    <skipped/>
  </testcase> <!-- @BeforeMethod beforeMethod -->
  <testcase classname="testcases.BaseClass" name="@BeforeMethod beforeMethod" time="-1.639124136763E9">
    <skipped/>
  </testcase> <!-- @BeforeMethod beforeMethod -->
  <testcase classname="testcases.BaseClass" name="@BeforeMethod beforeMethod" time="-1.639124136764E9">
    <skipped/>
  </testcase> <!-- @BeforeMethod beforeMethod -->
  <testcase classname="testcases.BaseClass" name="@BeforeMethod beforeMethod" time="-1.639124136765E9">
    <skipped/>
  </testcase> <!-- @BeforeMethod beforeMethod -->
  <testcase classname="testcases.BaseClass" name="@BeforeMethod beforeMethod" time="-1.639124136765E9">
    <skipped/>
  </testcase> <!-- @BeforeMethod beforeMethod -->
  <testcase classname="testcases.BaseClass" name="@BeforeMethod beforeMethod" time="-1.639124136766E9">
    <skipped/>
  </testcase> <!-- @BeforeMethod beforeMethod -->
  <testcase classname="testcases.BaseClass" name="@BeforeMethod beforeMethod" time="-1.639124136767E9">
    <skipped/>
  </testcase> <!-- @BeforeMethod beforeMethod -->
  <testcase classname="testcases.BaseClass" name="@BeforeMethod beforeMethod" time="-1.639124136767E9">
    <skipped/>
  </testcase> <!-- @BeforeMethod beforeMethod -->
  <testcase classname="testcases.BaseClass" name="@BeforeMethod beforeMethod" time="-1.639124136768E9">
    <skipped/>
  </testcase> <!-- @BeforeMethod beforeMethod -->
  <testcase classname="testcases.BaseClass" name="@BeforeMethod beforeMethod" time="-1.639124136769E9">
    <skipped/>
  </testcase> <!-- @BeforeMethod beforeMethod -->
  <testcase classname="testcases.BaseClass" name="@BeforeMethod beforeMethod" time="-1.639124136769E9">
    <skipped/>
  </testcase> <!-- @BeforeMethod beforeMethod -->
  <testcase classname="testcases.BaseClass" name="@BeforeMethod beforeMethod" time="-1.63912413677E9">
    <skipped/>
  </testcase> <!-- @BeforeMethod beforeMethod -->
  <testcase classname="testcases.BaseClass" name="@BeforeMethod beforeMethod" time="-1.639124136771E9">
    <skipped/>
  </testcase> <!-- @BeforeMethod beforeMethod -->
  <testcase classname="testcases.BaseClass" name="@BeforeMethod beforeMethod" time="-1.639124136772E9">
    <skipped/>
  </testcase> <!-- @BeforeMethod beforeMethod -->
  <testcase classname="testcases.BaseClass" name="@BeforeMethod beforeMethod" time="-1.639124136772E9">
    <skipped/>
  </testcase> <!-- @BeforeMethod beforeMethod -->
  <testcase classname="testcases.BaseClass" name="@BeforeMethod beforeMethod" time="-1.639124136773E9">
    <skipped/>
  </testcase> <!-- @BeforeMethod beforeMethod -->
  <testcase classname="testcases.BaseClass" name="@BeforeMethod beforeMethod" time="-1.639124136774E9">
    <skipped/>
  </testcase> <!-- @BeforeMethod beforeMethod -->
  <testcase classname="testcases.BaseClass" name="@BeforeMethod beforeMethod" time="-1.639124136775E9">
    <skipped/>
  </testcase> <!-- @BeforeMethod beforeMethod -->
  <testcase classname="testcases.BaseClass" name="@BeforeMethod beforeMethod" time="-1.639124136775E9">
    <skipped/>
  </testcase> <!-- @BeforeMethod beforeMethod -->
  <testcase classname="testcases.BaseClass" name="@BeforeMethod beforeMethod" time="-1.639124136776E9">
    <skipped/>
  </testcase> <!-- @BeforeMethod beforeMethod -->
  <testcase classname="testcases.BaseClass" name="@BeforeMethod beforeMethod" time="-1.639124136777E9">
    <skipped/>
  </testcase> <!-- @BeforeMethod beforeMethod -->
  <testcase classname="testcases.BaseClass" name="@BeforeMethod beforeMethod" time="-1.639124136778E9">
    <skipped/>
  </testcase> <!-- @BeforeMethod beforeMethod -->
  <testcase classname="testcases.BaseClass" name="@BeforeMethod beforeMethod" time="-1.639124136779E9">
    <skipped/>
  </testcase> <!-- @BeforeMethod beforeMethod -->
  <testcase classname="testcases.BaseClass" name="@BeforeMethod beforeMethod" time="-1.63912413678E9">
    <skipped/>
  </testcase> <!-- @BeforeMethod beforeMethod -->
  <testcase classname="testcases.BaseClass" name="@BeforeMethod beforeMethod" time="-1.63912413678E9">
    <skipped/>
  </testcase> <!-- @BeforeMethod beforeMethod -->
  <testcase classname="testcases.BaseClass" name="@BeforeMethod beforeMethod" time="-1.639124136781E9">
    <skipped/>
  </testcase> <!-- @BeforeMethod beforeMethod -->
  <testcase classname="testcases.BaseClass" name="@BeforeMethod beforeMethod" time="-1.639124136782E9">
    <skipped/>
  </testcase> <!-- @BeforeMethod beforeMethod -->
  <testcase classname="testcases.BaseClass" name="@BeforeMethod beforeMethod" time="-1.639124136783E9">
    <skipped/>
  </testcase> <!-- @BeforeMethod beforeMethod -->
  <testcase classname="testcases.BaseClass" name="@BeforeMethod beforeMethod" time="-1.639124136783E9">
    <skipped/>
  </testcase> <!-- @BeforeMethod beforeMethod -->
  <testcase classname="testcases.BaseClass" name="@BeforeMethod beforeMethod" time="-1.639124136784E9">
    <skipped/>
  </testcase> <!-- @BeforeMethod beforeMethod -->
  <testcase classname="testcases.BaseClass" name="@BeforeMethod beforeMethod" time="-1.639124136785E9">
    <skipped/>
  </testcase> <!-- @BeforeMethod beforeMethod -->
  <testcase classname="testcases.BaseClass" name="@BeforeMethod beforeMethod" time="-1.639124136786E9">
    <skipped/>
  </testcase> <!-- @BeforeMethod beforeMethod -->
  <testcase classname="testcases.BaseClass" name="@BeforeMethod beforeMethod" time="-1.639124136786E9">
    <skipped/>
  </testcase> <!-- @BeforeMethod beforeMethod -->
  <testcase classname="testcases.BaseClass" name="@BeforeMethod beforeMethod" time="-1.639124136787E9">
    <skipped/>
  </testcase> <!-- @BeforeMethod beforeMethod -->
  <testcase classname="testcases.BaseClass" name="@BeforeMethod beforeMethod" time="-1.639124136788E9">
    <skipped/>
  </testcase> <!-- @BeforeMethod beforeMethod -->
  <testcase classname="testcases.BaseClass" name="@BeforeMethod beforeMethod" time="-1.639124136788E9">
    <skipped/>
  </testcase> <!-- @BeforeMethod beforeMethod -->
  <testcase classname="testcases.BaseClass" name="@BeforeMethod beforeMethod" time="-1.639124136789E9">
    <skipped/>
  </testcase> <!-- @BeforeMethod beforeMethod -->
  <testcase classname="testcases.BaseClass" name="@BeforeMethod beforeMethod" time="-1.63912413679E9">
    <skipped/>
  </testcase> <!-- @BeforeMethod beforeMethod -->
  <testcase classname="testcases.BaseClass" name="@BeforeMethod beforeMethod" time="-1.63912413679E9">
    <skipped/>
  </testcase> <!-- @BeforeMethod beforeMethod -->
  <testcase classname="testcases.BaseClass" name="@BeforeMethod beforeMethod" time="-1.639124136791E9">
    <skipped/>
  </testcase> <!-- @BeforeMethod beforeMethod -->
  <testcase classname="testcases.BaseClass" name="@BeforeMethod beforeMethod" time="-1.639124136792E9">
    <skipped/>
  </testcase> <!-- @BeforeMethod beforeMethod -->
  <testcase classname="testcases.BaseClass" name="@BeforeMethod beforeMethod" time="-1.639124136793E9">
    <skipped/>
  </testcase> <!-- @BeforeMethod beforeMethod -->
  <testcase classname="testcases.BaseClass" name="@BeforeMethod beforeMethod" time="-1.639124136793E9">
    <skipped/>
  </testcase> <!-- @BeforeMethod beforeMethod -->
  <testcase classname="testcases.BaseClass" name="@BeforeMethod beforeMethod" time="-1.639124136794E9">
    <skipped/>
  </testcase> <!-- @BeforeMethod beforeMethod -->
  <testcase classname="testcases.BaseClass" name="@BeforeMethod beforeMethod" time="-1.639124136795E9">
    <skipped/>
  </testcase> <!-- @BeforeMethod beforeMethod -->
  <testcase classname="testcases.BaseClass" name="@BeforeMethod beforeMethod" time="-1.639124136795E9">
    <skipped/>
  </testcase> <!-- @BeforeMethod beforeMethod -->
  <testcase classname="testcases.BaseClass" name="@BeforeMethod beforeMethod" time="-1.639124136796E9">
    <skipped/>
  </testcase> <!-- @BeforeMethod beforeMethod -->
  <testcase classname="testcases.BaseClass" name="@BeforeMethod beforeMethod" time="-1.639124136796E9">
    <skipped/>
  </testcase> <!-- @BeforeMethod beforeMethod -->
  <testcase classname="testcases.BaseClass" name="@BeforeMethod beforeMethod" time="-1.639124136797E9">
    <skipped/>
  </testcase> <!-- @BeforeMethod beforeMethod -->
  <testcase classname="testcases.BaseClass" name="@BeforeMethod beforeMethod" time="-1.639124136798E9">
    <skipped/>
  </testcase> <!-- @BeforeMethod beforeMethod -->
  <testcase classname="testcases.BaseClass" name="@BeforeMethod beforeMethod" time="-1.639124136799E9">
    <skipped/>
  </testcase> <!-- @BeforeMethod beforeMethod -->
  <testcase classname="testcases.BaseClass" name="@BeforeMethod beforeMethod" time="-1.639124136799E9">
    <skipped/>
  </testcase> <!-- @BeforeMethod beforeMethod -->
  <testcase classname="testcases.BaseClass" name="@BeforeMethod beforeMethod" time="-1.6391241368E9">
    <skipped/>
  </testcase> <!-- @BeforeMethod beforeMethod -->
  <testcase classname="testcases.BaseClass" name="@BeforeMethod beforeMethod" time="-1.639124136801E9">
    <skipped/>
  </testcase> <!-- @BeforeMethod beforeMethod -->
  <testcase classname="testcases.BaseClass" name="@BeforeMethod beforeMethod" time="-1.639124136801E9">
    <skipped/>
  </testcase> <!-- @BeforeMethod beforeMethod -->
  <testcase classname="testcases.BaseClass" name="@BeforeMethod beforeMethod" time="-1.639124136802E9">
    <skipped/>
  </testcase> <!-- @BeforeMethod beforeMethod -->
  <testcase classname="testcases.BaseClass" name="@BeforeMethod beforeMethod" time="-1.639124136802E9">
    <skipped/>
  </testcase> <!-- @BeforeMethod beforeMethod -->
  <testcase classname="testcases.BaseClass" name="@BeforeMethod beforeMethod" time="-1.639124136803E9">
    <skipped/>
  </testcase> <!-- @BeforeMethod beforeMethod -->
  <testcase classname="testcases.BaseClass" name="@BeforeMethod beforeMethod" time="-1.639124136804E9">
    <skipped/>
  </testcase> <!-- @BeforeMethod beforeMethod -->
  <testcase classname="testcases.BaseClass" name="@BeforeMethod beforeMethod" time="-1.639124136805E9">
    <skipped/>
  </testcase> <!-- @BeforeMethod beforeMethod -->
  <testcase classname="testcases.BaseClass" name="@BeforeMethod beforeMethod" time="-1.639124136805E9">
    <skipped/>
  </testcase> <!-- @BeforeMethod beforeMethod -->
  <testcase classname="testcases.BaseClass" name="@BeforeMethod beforeMethod" time="-1.639124136806E9">
    <skipped/>
  </testcase> <!-- @BeforeMethod beforeMethod -->
  <testcase classname="testcases.BaseClass" name="@BeforeMethod beforeMethod" time="-1.639124136807E9">
    <skipped/>
  </testcase> <!-- @BeforeMethod beforeMethod -->
  <testcase classname="testcases.BaseClass" name="@BeforeMethod beforeMethod" time="-1.639124136808E9">
    <skipped/>
  </testcase> <!-- @BeforeMethod beforeMethod -->
  <testcase classname="testcases.BaseClass" name="@BeforeMethod beforeMethod" time="-1.639124136809E9">
    <skipped/>
  </testcase> <!-- @BeforeMethod beforeMethod -->
  <testcase classname="testcases.BaseClass" name="@BeforeMethod beforeMethod" time="-1.639124136809E9">
    <skipped/>
  </testcase> <!-- @BeforeMethod beforeMethod -->
  <testcase classname="testcases.BaseClass" name="@BeforeMethod beforeMethod" time="-1.63912413681E9">
    <skipped/>
  </testcase> <!-- @BeforeMethod beforeMethod -->
  <testcase classname="testcases.BaseClass" name="@BeforeMethod beforeMethod" time="-1.639124136811E9">
    <skipped/>
  </testcase> <!-- @BeforeMethod beforeMethod -->
  <testcase classname="testcases.BaseClass" name="@BeforeMethod beforeMethod" time="-1.639124136811E9">
    <skipped/>
  </testcase> <!-- @BeforeMethod beforeMethod -->
  <testcase classname="testcases.BaseClass" name="@BeforeMethod beforeMethod" time="-1.639124136812E9">
    <skipped/>
  </testcase> <!-- @BeforeMethod beforeMethod -->
  <testcase classname="testcases.BaseClass" name="@BeforeMethod beforeMethod" time="-1.639124136812E9">
    <skipped/>
  </testcase> <!-- @BeforeMethod beforeMethod -->
  <testcase classname="testcases.BaseClass" name="@BeforeMethod beforeMethod" time="-1.639124136813E9">
    <skipped/>
  </testcase> <!-- @BeforeMethod beforeMethod -->
  <testcase classname="testcases.BaseClass" name="@BeforeMethod beforeMethod" time="-1.639124136814E9">
    <skipped/>
  </testcase> <!-- @BeforeMethod beforeMethod -->
  <testcase classname="testcases.BaseClass" name="@BeforeMethod beforeMethod" time="-1.639124136814E9">
    <skipped/>
  </testcase> <!-- @BeforeMethod beforeMethod -->
  <testcase classname="testcases.BaseClass" name="@BeforeMethod beforeMethod" time="-1.639124136815E9">
    <skipped/>
  </testcase> <!-- @BeforeMethod beforeMethod -->
  <testcase classname="testcases.BaseClass" name="@BeforeMethod beforeMethod" time="-1.63912413682E9">
    <skipped/>
  </testcase> <!-- @BeforeMethod beforeMethod -->
  <testcase classname="testcases.BaseClass" name="@BeforeMethod beforeMethod" time="-1.639124136821E9">
    <skipped/>
  </testcase> <!-- @BeforeMethod beforeMethod -->
  <testcase classname="testcases.BaseClass" name="@BeforeMethod beforeMethod" time="-1.639124136821E9">
    <skipped/>
  </testcase> <!-- @BeforeMethod beforeMethod -->
  <testcase classname="testcases.BaseClass" name="@BeforeMethod beforeMethod" time="-1.639124136822E9">
    <skipped/>
  </testcase> <!-- @BeforeMethod beforeMethod -->
  <testcase classname="testcases.BaseClass" name="@BeforeMethod beforeMethod" time="-1.639124136822E9">
    <skipped/>
  </testcase> <!-- @BeforeMethod beforeMethod -->
  <testcase classname="testcases.BaseClass" name="@BeforeMethod beforeMethod" time="-1.639124136823E9">
    <skipped/>
  </testcase> <!-- @BeforeMethod beforeMethod -->
  <testcase classname="testcases.BaseClass" name="@BeforeMethod beforeMethod" time="-1.639124136824E9">
    <skipped/>
  </testcase> <!-- @BeforeMethod beforeMethod -->
  <testcase classname="testcases.BaseClass" name="@BeforeMethod beforeMethod" time="-1.639124136824E9">
    <skipped/>
  </testcase> <!-- @BeforeMethod beforeMethod -->
  <testcase classname="testcases.BaseClass" name="@BeforeMethod beforeMethod" time="-1.639124136825E9">
    <skipped/>
  </testcase> <!-- @BeforeMethod beforeMethod -->
  <testcase classname="testcases.BaseClass" name="@BeforeMethod beforeMethod" time="-1.639124136825E9">
    <skipped/>
  </testcase> <!-- @BeforeMethod beforeMethod -->
  <testcase classname="testcases.BaseClass" name="@BeforeMethod beforeMethod" time="-1.639124136826E9">
    <skipped/>
  </testcase> <!-- @BeforeMethod beforeMethod -->
  <testcase classname="testcases.BaseClass" name="@BeforeMethod beforeMethod" time="-1.639124136827E9">
    <skipped/>
  </testcase> <!-- @BeforeMethod beforeMethod -->
  <testcase classname="testcases.BaseClass" name="@BeforeMethod beforeMethod" time="-1.639124136827E9">
    <skipped/>
  </testcase> <!-- @BeforeMethod beforeMethod -->
  <testcase classname="testcases.BaseClass" name="@BeforeMethod beforeMethod" time="-1.639124136828E9">
    <skipped/>
  </testcase> <!-- @BeforeMethod beforeMethod -->
  <testcase classname="testcases.BaseClass" name="@BeforeMethod beforeMethod" time="-1.639124136829E9">
    <skipped/>
  </testcase> <!-- @BeforeMethod beforeMethod -->
  <testcase classname="testcases.BaseClass" name="@BeforeMethod beforeMethod" time="-1.639124136829E9">
    <skipped/>
  </testcase> <!-- @BeforeMethod beforeMethod -->
  <testcase classname="testcases.BaseClass" name="@BeforeMethod beforeMethod" time="-1.63912413683E9">
    <skipped/>
  </testcase> <!-- @BeforeMethod beforeMethod -->
  <testcase classname="testcases.BaseClass" name="@BeforeMethod beforeMethod" time="-1.63912413683E9">
    <skipped/>
  </testcase> <!-- @BeforeMethod beforeMethod -->
  <testcase classname="testcases.BaseClass" name="@BeforeMethod beforeMethod" time="-1.639124136831E9">
    <skipped/>
  </testcase> <!-- @BeforeMethod beforeMethod -->
  <testcase classname="testcases.BaseClass" name="@BeforeMethod beforeMethod" time="-1.639124136832E9">
    <skipped/>
  </testcase> <!-- @BeforeMethod beforeMethod -->
  <testcase classname="testcases.BaseClass" name="@BeforeMethod beforeMethod" time="-1.639124136832E9">
    <skipped/>
  </testcase> <!-- @BeforeMethod beforeMethod -->
  <testcase classname="testcases.BaseClass" name="@BeforeMethod beforeMethod" time="-1.639124136833E9">
    <skipped/>
  </testcase> <!-- @BeforeMethod beforeMethod -->
  <testcase classname="testcases.BaseClass" name="@BeforeMethod beforeMethod" time="-1.639124136833E9">
    <skipped/>
  </testcase> <!-- @BeforeMethod beforeMethod -->
  <testcase classname="testcases.BaseClass" name="@BeforeMethod beforeMethod" time="-1.639124136834E9">
    <skipped/>
  </testcase> <!-- @BeforeMethod beforeMethod -->
  <testcase classname="testcases.BaseClass" name="@BeforeMethod beforeMethod" time="-1.639124136834E9">
    <skipped/>
  </testcase> <!-- @BeforeMethod beforeMethod -->
  <testcase classname="testcases.BaseClass" name="@BeforeMethod beforeMethod" time="-1.639124136835E9">
    <skipped/>
  </testcase> <!-- @BeforeMethod beforeMethod -->
  <testcase classname="testcases.BaseClass" name="@BeforeMethod beforeMethod" time="-1.639124136836E9">
    <skipped/>
  </testcase> <!-- @BeforeMethod beforeMethod -->
  <testcase classname="testcases.BaseClass" name="@BeforeMethod beforeMethod" time="-1.639124136836E9">
    <skipped/>
  </testcase> <!-- @BeforeMethod beforeMethod -->
  <testcase classname="testcases.BaseClass" name="@BeforeMethod beforeMethod" time="-1.639124136837E9">
    <skipped/>
  </testcase> <!-- @BeforeMethod beforeMethod -->
  <testcase classname="testcases.BaseClass" name="@BeforeMethod beforeMethod" time="-1.639124136839E9">
    <skipped/>
  </testcase> <!-- @BeforeMethod beforeMethod -->
  <testcase classname="testcases.BaseClass" name="@BeforeMethod beforeMethod" time="-1.63912413684E9">
    <skipped/>
  </testcase> <!-- @BeforeMethod beforeMethod -->
  <testcase classname="testcases.BaseClass" name="@BeforeMethod beforeMethod" time="-1.639124136841E9">
    <skipped/>
  </testcase> <!-- @BeforeMethod beforeMethod -->
  <testcase classname="testcases.BaseClass" name="@BeforeMethod beforeMethod" time="-1.639124136842E9">
    <skipped/>
  </testcase> <!-- @BeforeMethod beforeMethod -->
  <testcase classname="testcases.BaseClass" name="@BeforeMethod beforeMethod" time="-1.639124136843E9">
    <skipped/>
  </testcase> <!-- @BeforeMethod beforeMethod -->
  <testcase classname="testcases.BaseClass" name="@BeforeMethod beforeMethod" time="-1.639124136843E9">
    <skipped/>
  </testcase> <!-- @BeforeMethod beforeMethod -->
  <testcase classname="testcases.BaseClass" name="@BeforeMethod beforeMethod" time="-1.639124136844E9">
    <skipped/>
  </testcase> <!-- @BeforeMethod beforeMethod -->
  <testcase classname="testcases.BaseClass" name="@BeforeMethod beforeMethod" time="-1.639124136845E9">
    <skipped/>
  </testcase> <!-- @BeforeMethod beforeMethod -->
  <testcase classname="testcases.BaseClass" name="@BeforeMethod beforeMethod" time="-1.639124136845E9">
    <skipped/>
  </testcase> <!-- @BeforeMethod beforeMethod -->
  <testcase classname="testcases.BaseClass" name="@BeforeMethod beforeMethod" time="-1.639124136846E9">
    <skipped/>
  </testcase> <!-- @BeforeMethod beforeMethod -->
  <testcase classname="testcases.BaseClass" name="@BeforeMethod beforeMethod" time="-1.639124136846E9">
    <skipped/>
  </testcase> <!-- @BeforeMethod beforeMethod -->
  <testcase classname="testcases.BaseClass" name="@BeforeMethod beforeMethod" time="-1.639124136847E9">
    <skipped/>
  </testcase> <!-- @BeforeMethod beforeMethod -->
  <testcase classname="testcases.BaseClass" name="@BeforeMethod beforeMethod" time="-1.639124136847E9">
    <skipped/>
  </testcase> <!-- @BeforeMethod beforeMethod -->
  <testcase classname="testcases.BaseClass" name="@BeforeMethod beforeMethod" time="-1.639124136848E9">
    <skipped/>
  </testcase> <!-- @BeforeMethod beforeMethod -->
  <testcase classname="testcases.BaseClass" name="@BeforeMethod beforeMethod" time="-1.639124136848E9">
    <skipped/>
  </testcase> <!-- @BeforeMethod beforeMethod -->
  <testcase classname="testcases.BaseClass" name="@BeforeMethod beforeMethod" time="-1.639124136849E9">
    <skipped/>
  </testcase> <!-- @BeforeMethod beforeMethod -->
  <testcase classname="testcases.BaseClass" name="@BeforeMethod beforeMethod" time="-1.639124136849E9">
    <skipped/>
  </testcase> <!-- @BeforeMethod beforeMethod -->
  <testcase classname="testcases.BaseClass" name="@BeforeMethod beforeMethod" time="-1.63912413685E9">
    <skipped/>
  </testcase> <!-- @BeforeMethod beforeMethod -->
  <testcase classname="testcases.BaseClass" name="@BeforeMethod beforeMethod" time="-1.639124136851E9">
    <skipped/>
  </testcase> <!-- @BeforeMethod beforeMethod -->
  <testcase classname="testcases.BaseClass" name="@BeforeMethod beforeMethod" time="-1.639124136852E9">
    <skipped/>
  </testcase> <!-- @BeforeMethod beforeMethod -->
  <testcase classname="testcases.BaseClass" name="@BeforeMethod beforeMethod" time="-1.639124136853E9">
    <skipped/>
  </testcase> <!-- @BeforeMethod beforeMethod -->
  <testcase classname="testcases.BaseClass" name="@BeforeMethod beforeMethod" time="-1.639124136853E9">
    <skipped/>
  </testcase> <!-- @BeforeMethod beforeMethod -->
  <testcase classname="testcases.BaseClass" name="@BeforeMethod beforeMethod" time="-1.639124136854E9">
    <skipped/>
  </testcase> <!-- @BeforeMethod beforeMethod -->
  <testcase classname="testcases.BaseClass" name="@BeforeMethod beforeMethod" time="-1.639124136864E9">
    <skipped/>
  </testcase> <!-- @BeforeMethod beforeMethod -->
  <testcase classname="testcases.BaseClass" name="@BeforeMethod beforeMethod" time="-1.639124136865E9">
    <skipped/>
  </testcase> <!-- @BeforeMethod beforeMethod -->
  <testcase classname="testcases.BaseClass" name="@BeforeMethod beforeMethod" time="-1.639124136866E9">
    <skipped/>
  </testcase> <!-- @BeforeMethod beforeMethod -->
  <testcase classname="testcases.BaseClass" name="@BeforeMethod beforeMethod" time="-1.639124136866E9">
    <skipped/>
  </testcase> <!-- @BeforeMethod beforeMethod -->
  <testcase classname="testcases.BaseClass" name="@BeforeMethod beforeMethod" time="-1.639124136867E9">
    <skipped/>
  </testcase> <!-- @BeforeMethod beforeMethod -->
  <testcase classname="testcases.BaseClass" name="@BeforeMethod beforeMethod" time="-1.639124136868E9">
    <skipped/>
  </testcase> <!-- @BeforeMethod beforeMethod -->
  <testcase classname="testcases.BaseClass" name="@BeforeMethod beforeMethod" time="-1.639124136868E9">
    <skipped/>
  </testcase> <!-- @BeforeMethod beforeMethod -->
  <testcase classname="testcases.BaseClass" name="@BeforeMethod beforeMethod" time="-1.639124136869E9">
    <skipped/>
  </testcase> <!-- @BeforeMethod beforeMethod -->
  <testcase classname="testcases.BaseClass" name="@BeforeMethod beforeMethod" time="-1.63912413687E9">
    <skipped/>
  </testcase> <!-- @BeforeMethod beforeMethod -->
  <testcase classname="testcases.BaseClass" name="@BeforeMethod beforeMethod" time="-1.639124136871E9">
    <skipped/>
  </testcase> <!-- @BeforeMethod beforeMethod -->
  <testcase classname="testcases.BaseClass" name="@BeforeMethod beforeMethod" time="-1.639124136872E9">
    <skipped/>
  </testcase> <!-- @BeforeMethod beforeMethod -->
  <testcase classname="testcases.BaseClass" name="@BeforeMethod beforeMethod" time="-1.639124136873E9">
    <skipped/>
  </testcase> <!-- @BeforeMethod beforeMethod -->
  <testcase classname="testcases.BaseClass" name="@BeforeMethod beforeMethod" time="-1.639124136873E9">
    <skipped/>
  </testcase> <!-- @BeforeMethod beforeMethod -->
  <testcase classname="testcases.BaseClass" name="@BeforeMethod beforeMethod" time="-1.639124136874E9">
    <skipped/>
  </testcase> <!-- @BeforeMethod beforeMethod -->
  <testcase classname="testcases.BaseClass" name="@BeforeMethod beforeMethod" time="-1.639124136874E9">
    <skipped/>
  </testcase> <!-- @BeforeMethod beforeMethod -->
  <testcase classname="testcases.BaseClass" name="@BeforeMethod beforeMethod" time="-1.639124136875E9">
    <skipped/>
  </testcase> <!-- @BeforeMethod beforeMethod -->
  <testcase classname="testcases.BaseClass" name="@BeforeMethod beforeMethod" time="-1.639124136875E9">
    <skipped/>
  </testcase> <!-- @BeforeMethod beforeMethod -->
  <testcase classname="testcases.BaseClass" name="@BeforeMethod beforeMethod" time="-1.639124136876E9">
    <skipped/>
  </testcase> <!-- @BeforeMethod beforeMethod -->
  <testcase classname="testcases.BaseClass" name="@BeforeMethod beforeMethod" time="-1.639124136876E9">
    <skipped/>
  </testcase> <!-- @BeforeMethod beforeMethod -->
  <testcase classname="testcases.BaseClass" name="@BeforeMethod beforeMethod" time="-1.639124136877E9">
    <skipped/>
  </testcase> <!-- @BeforeMethod beforeMethod -->
  <testcase classname="testcases.BaseClass" name="@BeforeMethod beforeMethod" time="-1.639124136878E9">
    <skipped/>
  </testcase> <!-- @BeforeMethod beforeMethod -->
  <testcase classname="testcases.BaseClass" name="@BeforeMethod beforeMethod" time="-1.639124136878E9">
    <skipped/>
  </testcase> <!-- @BeforeMethod beforeMethod -->
  <testcase classname="testcases.BaseClass" name="@BeforeMethod beforeMethod" time="-1.639124136879E9">
    <skipped/>
  </testcase> <!-- @BeforeMethod beforeMethod -->
  <testcase classname="testcases.BaseClass" name="@BeforeMethod beforeMethod" time="-1.639124136879E9">
    <skipped/>
  </testcase> <!-- @BeforeMethod beforeMethod -->
  <testcase classname="testcases.BaseClass" name="@BeforeMethod beforeMethod" time="-1.63912413688E9">
    <skipped/>
  </testcase> <!-- @BeforeMethod beforeMethod -->
  <testcase classname="testcases.BaseClass" name="@BeforeMethod beforeMethod" time="-1.639124136881E9">
    <skipped/>
  </testcase> <!-- @BeforeMethod beforeMethod -->
  <testcase classname="testcases.BaseClass" name="@BeforeMethod beforeMethod" time="-1.639124136882E9">
    <skipped/>
  </testcase> <!-- @BeforeMethod beforeMethod -->
  <testcase classname="testcases.BaseClass" name="@BeforeMethod beforeMethod" time="-1.639124136883E9">
    <skipped/>
  </testcase> <!-- @BeforeMethod beforeMethod -->
  <testcase classname="testcases.BaseClass" name="@BeforeMethod beforeMethod" time="-1.639124136883E9">
    <skipped/>
  </testcase> <!-- @BeforeMethod beforeMethod -->
  <testcase classname="testcases.BaseClass" name="@BeforeMethod beforeMethod" time="-1.639124136884E9">
    <skipped/>
  </testcase> <!-- @BeforeMethod beforeMethod -->
  <testcase classname="testcases.BaseClass" name="@BeforeMethod beforeMethod" time="-1.639124136885E9">
    <skipped/>
  </testcase> <!-- @BeforeMethod beforeMethod -->
  <testcase classname="testcases.BaseClass" name="@BeforeMethod beforeMethod" time="-1.639124136885E9">
    <skipped/>
  </testcase> <!-- @BeforeMethod beforeMethod -->
  <testcase classname="testcases.BaseClass" name="@BeforeMethod beforeMethod" time="-1.639124136886E9">
    <skipped/>
  </testcase> <!-- @BeforeMethod beforeMethod -->
  <testcase classname="testcases.BaseClass" name="@BeforeMethod beforeMethod" time="-1.639124136887E9">
    <skipped/>
  </testcase> <!-- @BeforeMethod beforeMethod -->
  <testcase classname="testcases.BaseClass" name="@BeforeMethod beforeMethod" time="-1.639124136888E9">
    <skipped/>
  </testcase> <!-- @BeforeMethod beforeMethod -->
  <testcase classname="testcases.BaseClass" name="@BeforeMethod beforeMethod" time="-1.639124136888E9">
    <skipped/>
  </testcase> <!-- @BeforeMethod beforeMethod -->
  <testcase classname="testcases.BaseClass" name="@BeforeMethod beforeMethod" time="-1.639124136889E9">
    <skipped/>
  </testcase> <!-- @BeforeMethod beforeMethod -->
  <testcase classname="testcases.BaseClass" name="@BeforeMethod beforeMethod" time="-1.639124136889E9">
    <skipped/>
  </testcase> <!-- @BeforeMethod beforeMethod -->
  <testcase classname="testcases.BaseClass" name="@BeforeMethod beforeMethod" time="-1.63912413689E9">
    <skipped/>
  </testcase> <!-- @BeforeMethod beforeMethod -->
  <testcase classname="testcases.BaseClass" name="@BeforeMethod beforeMethod" time="-1.63912413689E9">
    <skipped/>
  </testcase> <!-- @BeforeMethod beforeMethod -->
  <testcase classname="testcases.BaseClass" name="@BeforeMethod beforeMethod" time="-1.639124136891E9">
    <skipped/>
  </testcase> <!-- @BeforeMethod beforeMethod -->
  <testcase classname="testcases.BaseClass" name="@BeforeMethod beforeMethod" time="-1.639124136891E9">
    <skipped/>
  </testcase> <!-- @BeforeMethod beforeMethod -->
  <testcase classname="testcases.BaseClass" name="@BeforeMethod beforeMethod" time="-1.639124136892E9">
    <skipped/>
  </testcase> <!-- @BeforeMethod beforeMethod -->
  <testcase classname="testcases.BaseClass" name="@BeforeMethod beforeMethod" time="-1.639124136892E9">
    <skipped/>
  </testcase> <!-- @BeforeMethod beforeMethod -->
  <testcase classname="testcases.BaseClass" name="@BeforeMethod beforeMethod" time="-1.639124136893E9">
    <skipped/>
  </testcase> <!-- @BeforeMethod beforeMethod -->
  <testcase classname="testcases.BaseClass" name="@BeforeMethod beforeMethod" time="-1.639124136893E9">
    <skipped/>
  </testcase> <!-- @BeforeMethod beforeMethod -->
  <testcase classname="testcases.BaseClass" name="@BeforeMethod beforeMethod" time="-1.639124136894E9">
    <skipped/>
  </testcase> <!-- @BeforeMethod beforeMethod -->
  <testcase classname="testcases.BaseClass" name="@BeforeMethod beforeMethod" time="-1.639124136894E9">
    <skipped/>
  </testcase> <!-- @BeforeMethod beforeMethod -->
  <testcase classname="testcases.BaseClass" name="@BeforeMethod beforeMethod" time="-1.639124136895E9">
    <skipped/>
  </testcase> <!-- @BeforeMethod beforeMethod -->
  <testcase classname="testcases.BaseClass" name="@BeforeMethod beforeMethod" time="-1.639124136895E9">
    <skipped/>
  </testcase> <!-- @BeforeMethod beforeMethod -->
  <testcase classname="testcases.BaseClass" name="@BeforeMethod beforeMethod" time="-1.639124136896E9">
    <skipped/>
  </testcase> <!-- @BeforeMethod beforeMethod -->
  <testcase classname="testcases.BaseClass" name="@BeforeMethod beforeMethod" time="-1.639124136896E9">
    <skipped/>
  </testcase> <!-- @BeforeMethod beforeMethod -->
  <testcase classname="testcases.BaseClass" name="@BeforeMethod beforeMethod" time="-1.639124136897E9">
    <skipped/>
  </testcase> <!-- @BeforeMethod beforeMethod -->
  <testcase classname="testcases.BaseClass" name="@BeforeMethod beforeMethod" time="-1.639124136897E9">
    <skipped/>
  </testcase> <!-- @BeforeMethod beforeMethod -->
  <testcase classname="testcases.BaseClass" name="@BeforeMethod beforeMethod" time="-1.639124136898E9">
    <skipped/>
  </testcase> <!-- @BeforeMethod beforeMethod -->
  <testcase classname="testcases.BaseClass" name="@BeforeMethod beforeMethod" time="-1.639124136898E9">
    <skipped/>
  </testcase> <!-- @BeforeMethod beforeMethod -->
  <testcase classname="testcases.BaseClass" name="@BeforeMethod beforeMethod" time="-1.639124136899E9">
    <skipped/>
  </testcase> <!-- @BeforeMethod beforeMethod -->
  <testcase classname="testcases.BaseClass" name="@BeforeMethod beforeMethod" time="-1.639124136899E9">
    <skipped/>
  </testcase> <!-- @BeforeMethod beforeMethod -->
  <testcase classname="testcases.BaseClass" name="@BeforeMethod beforeMethod" time="-1.6391241369E9">
    <skipped/>
  </testcase> <!-- @BeforeMethod beforeMethod -->
  <testcase classname="testcases.BaseClass" name="@BeforeMethod beforeMethod" time="-1.6391241369E9">
    <skipped/>
  </testcase> <!-- @BeforeMethod beforeMethod -->
  <testcase classname="testcases.BaseClass" name="@BeforeMethod beforeMethod" time="-1.639124136901E9">
    <skipped/>
  </testcase> <!-- @BeforeMethod beforeMethod -->
  <testcase classname="testcases.BaseClass" name="@BeforeMethod beforeMethod" time="-1.639124136901E9">
    <skipped/>
  </testcase> <!-- @BeforeMethod beforeMethod -->
  <testcase classname="testcases.BaseClass" name="@BeforeMethod beforeMethod" time="-1.639124136902E9">
    <skipped/>
  </testcase> <!-- @BeforeMethod beforeMethod -->
  <testcase classname="testcases.BaseClass" name="@BeforeMethod beforeMethod" time="-1.639124136902E9">
    <skipped/>
  </testcase> <!-- @BeforeMethod beforeMethod -->
  <testcase classname="testcases.BaseClass" name="@BeforeMethod beforeMethod" time="-1.639124136903E9">
    <skipped/>
  </testcase> <!-- @BeforeMethod beforeMethod -->
  <testcase classname="testcases.BaseClass" name="@BeforeMethod beforeMethod" time="-1.639124136903E9">
    <skipped/>
  </testcase> <!-- @BeforeMethod beforeMethod -->
  <testcase classname="testcases.BaseClass" name="@BeforeMethod beforeMethod" time="-1.639124136904E9">
    <skipped/>
  </testcase> <!-- @BeforeMethod beforeMethod -->
  <testcase classname="testcases.BaseClass" name="@BeforeMethod beforeMethod" time="-1.639124136904E9">
    <skipped/>
  </testcase> <!-- @BeforeMethod beforeMethod -->
  <testcase classname="testcases.BaseClass" name="@BeforeMethod beforeMethod" time="-1.639124136905E9">
    <skipped/>
  </testcase> <!-- @BeforeMethod beforeMethod -->
  <testcase classname="testcases.BaseClass" name="@BeforeMethod beforeMethod" time="-1.639124136905E9">
    <skipped/>
  </testcase> <!-- @BeforeMethod beforeMethod -->
  <testcase classname="testcases.BaseClass" name="@BeforeMethod beforeMethod" time="-1.639124136906E9">
    <skipped/>
  </testcase> <!-- @BeforeMethod beforeMethod -->
  <testcase classname="testcases.BaseClass" name="@BeforeMethod beforeMethod" time="-1.639124136906E9">
    <skipped/>
  </testcase> <!-- @BeforeMethod beforeMethod -->
  <testcase classname="testcases.BaseClass" name="@BeforeMethod beforeMethod" time="-1.639124136907E9">
    <skipped/>
  </testcase> <!-- @BeforeMethod beforeMethod -->
  <testcase classname="testcases.BaseClass" name="@BeforeMethod beforeMethod" time="-1.639124136907E9">
    <skipped/>
  </testcase> <!-- @BeforeMethod beforeMethod -->
  <testcase classname="testcases.BaseClass" name="@BeforeMethod beforeMethod" time="-1.639124136907E9">
    <skipped/>
  </testcase> <!-- @BeforeMethod beforeMethod -->
  <testcase classname="testcases.BaseClass" name="@BeforeMethod beforeMethod" time="-1.639124136908E9">
    <skipped/>
  </testcase> <!-- @BeforeMethod beforeMethod -->
  <testcase classname="testcases.BaseClass" name="@BeforeMethod beforeMethod" time="-1.639124136908E9">
    <skipped/>
  </testcase> <!-- @BeforeMethod beforeMethod -->
  <testcase classname="testcases.BaseClass" name="@BeforeMethod beforeMethod" time="-1.639124136909E9">
    <skipped/>
  </testcase> <!-- @BeforeMethod beforeMethod -->
  <testcase classname="testcases.BaseClass" name="@BeforeMethod beforeMethod" time="-1.639124136909E9">
    <skipped/>
  </testcase> <!-- @BeforeMethod beforeMethod -->
  <testcase classname="testcases.BaseClass" name="@BeforeMethod beforeMethod" time="-1.63912413691E9">
    <skipped/>
  </testcase> <!-- @BeforeMethod beforeMethod -->
  <testcase classname="testcases.BaseClass" name="@BeforeMethod beforeMethod" time="-1.63912413691E9">
    <skipped/>
  </testcase> <!-- @BeforeMethod beforeMethod -->
  <testcase classname="testcases.BaseClass" name="@BeforeMethod beforeMethod" time="-1.639124136911E9">
    <skipped/>
  </testcase> <!-- @BeforeMethod beforeMethod -->
  <testcase classname="testcases.BaseClass" name="@BeforeMethod beforeMethod" time="-1.639124136911E9">
    <skipped/>
  </testcase> <!-- @BeforeMethod beforeMethod -->
  <testcase classname="testcases.BaseClass" name="@BeforeMethod beforeMethod" time="-1.639124136912E9">
    <skipped/>
  </testcase> <!-- @BeforeMethod beforeMethod -->
  <testcase classname="testcases.BaseClass" name="@BeforeMethod beforeMethod" time="-1.639124136912E9">
    <skipped/>
  </testcase> <!-- @BeforeMethod beforeMethod -->
  <testcase classname="testcases.BaseClass" name="@BeforeMethod beforeMethod" time="-1.639124136913E9">
    <skipped/>
  </testcase> <!-- @BeforeMethod beforeMethod -->
  <testcase classname="testcases.BaseClass" name="@BeforeMethod beforeMethod" time="-1.639124136914E9">
    <skipped/>
  </testcase> <!-- @BeforeMethod beforeMethod -->
  <testcase classname="testcases.BaseClass" name="@BeforeMethod beforeMethod" time="-1.639124136914E9">
    <skipped/>
  </testcase> <!-- @BeforeMethod beforeMethod -->
  <testcase classname="testcases.BaseClass" name="@BeforeMethod beforeMethod" time="-1.639124136915E9">
    <skipped/>
  </testcase> <!-- @BeforeMethod beforeMethod -->
  <testcase classname="testcases.BaseClass" name="@BeforeMethod beforeMethod" time="-1.639124136916E9">
    <skipped/>
  </testcase> <!-- @BeforeMethod beforeMethod -->
  <testcase classname="testcases.BaseClass" name="@BeforeMethod beforeMethod" time="-1.639124136916E9">
    <skipped/>
  </testcase> <!-- @BeforeMethod beforeMethod -->
  <testcase classname="testcases.BaseClass" name="@BeforeMethod beforeMethod" time="-1.639124136917E9">
    <skipped/>
  </testcase> <!-- @BeforeMethod beforeMethod -->
  <testcase classname="testcases.BaseClass" name="@BeforeMethod beforeMethod" time="-1.639124136917E9">
    <skipped/>
  </testcase> <!-- @BeforeMethod beforeMethod -->
  <testcase classname="testcases.BaseClass" name="@BeforeMethod beforeMethod" time="-1.639124136918E9">
    <skipped/>
  </testcase> <!-- @BeforeMethod beforeMethod -->
  <testcase classname="testcases.BaseClass" name="@BeforeMethod beforeMethod" time="-1.639124136919E9">
    <skipped/>
  </testcase> <!-- @BeforeMethod beforeMethod -->
  <testcase classname="testcases.BaseClass" name="@BeforeMethod beforeMethod" time="-1.639124136919E9">
    <skipped/>
  </testcase> <!-- @BeforeMethod beforeMethod -->
  <testcase classname="testcases.BaseClass" name="@BeforeMethod beforeMethod" time="-1.63912413692E9">
    <skipped/>
  </testcase> <!-- @BeforeMethod beforeMethod -->
  <testcase classname="testcases.BaseClass" name="@BeforeMethod beforeMethod" time="-1.63912413692E9">
    <skipped/>
  </testcase> <!-- @BeforeMethod beforeMethod -->
  <testcase classname="testcases.BaseClass" name="@BeforeMethod beforeMethod" time="-1.639124136921E9">
    <skipped/>
  </testcase> <!-- @BeforeMethod beforeMethod -->
  <testcase classname="testcases.BaseClass" name="@BeforeMethod beforeMethod" time="-1.639124136921E9">
    <skipped/>
  </testcase> <!-- @BeforeMethod beforeMethod -->
  <testcase classname="testcases.BaseClass" name="@BeforeMethod beforeMethod" time="-1.639124136922E9">
    <skipped/>
  </testcase> <!-- @BeforeMethod beforeMethod -->
  <testcase classname="testcases.BaseClass" name="@BeforeMethod beforeMethod" time="-1.639124136923E9">
    <skipped/>
  </testcase> <!-- @BeforeMethod beforeMethod -->
  <testcase classname="testcases.BaseClass" name="@BeforeMethod beforeMethod" time="-1.639124136923E9">
    <skipped/>
  </testcase> <!-- @BeforeMethod beforeMethod -->
  <testcase classname="testcases.BaseClass" name="@BeforeMethod beforeMethod" time="-1.639124136924E9">
    <skipped/>
  </testcase> <!-- @BeforeMethod beforeMethod -->
  <testcase classname="testcases.BaseClass" name="@BeforeMethod beforeMethod" time="-1.639124136925E9">
    <skipped/>
  </testcase> <!-- @BeforeMethod beforeMethod -->
  <testcase classname="testcases.BaseClass" name="@BeforeMethod beforeMethod" time="-1.639124136925E9">
    <skipped/>
  </testcase> <!-- @BeforeMethod beforeMethod -->
  <testcase classname="testcases.BaseClass" name="@BeforeMethod beforeMethod" time="-1.639124136926E9">
    <skipped/>
  </testcase> <!-- @BeforeMethod beforeMethod -->
  <testcase classname="testcases.BaseClass" name="@BeforeMethod beforeMethod" time="-1.639124136926E9">
    <skipped/>
  </testcase> <!-- @BeforeMethod beforeMethod -->
  <testcase classname="testcases.BaseClass" name="@BeforeMethod beforeMethod" time="-1.639124136927E9">
    <skipped/>
  </testcase> <!-- @BeforeMethod beforeMethod -->
  <testcase classname="testcases.BaseClass" name="@BeforeMethod beforeMethod" time="-1.639124136927E9">
    <skipped/>
  </testcase> <!-- @BeforeMethod beforeMethod -->
  <testcase classname="testcases.BaseClass" name="@BeforeMethod beforeMethod" time="-1.639124136928E9">
    <skipped/>
  </testcase> <!-- @BeforeMethod beforeMethod -->
  <testcase classname="testcases.BaseClass" name="@BeforeMethod beforeMethod" time="-1.639124136928E9">
    <skipped/>
  </testcase> <!-- @BeforeMethod beforeMethod -->
  <testcase classname="testcases.BaseClass" name="@BeforeMethod beforeMethod" time="-1.639124136929E9">
    <skipped/>
  </testcase> <!-- @BeforeMethod beforeMethod -->
  <testcase classname="testcases.BaseClass" name="@BeforeMethod beforeMethod" time="-1.639124136929E9">
    <skipped/>
  </testcase> <!-- @BeforeMethod beforeMethod -->
  <testcase classname="testcases.BaseClass" name="@BeforeMethod beforeMethod" time="-1.63912413693E9">
    <skipped/>
  </testcase> <!-- @BeforeMethod beforeMethod -->
  <testcase classname="testcases.BaseClass" name="@BeforeMethod beforeMethod" time="-1.639124136931E9">
    <skipped/>
  </testcase> <!-- @BeforeMethod beforeMethod -->
  <testcase classname="testcases.BaseClass" name="@BeforeMethod beforeMethod" time="-1.639124136931E9">
    <skipped/>
  </testcase> <!-- @BeforeMethod beforeMethod -->
  <testcase classname="testcases.BaseClass" name="@BeforeMethod beforeMethod" time="-1.639124136932E9">
    <skipped/>
  </testcase> <!-- @BeforeMethod beforeMethod -->
  <testcase classname="testcases.BaseClass" name="@BeforeMethod beforeMethod" time="-1.639124136932E9">
    <skipped/>
  </testcase> <!-- @BeforeMethod beforeMethod -->
  <testcase classname="testcases.BaseClass" name="@BeforeMethod beforeMethod" time="-1.639124136933E9">
    <skipped/>
  </testcase> <!-- @BeforeMethod beforeMethod -->
  <testcase classname="testcases.BaseClass" name="@BeforeMethod beforeMethod" time="-1.639124136933E9">
    <skipped/>
  </testcase> <!-- @BeforeMethod beforeMethod -->
  <testcase classname="testcases.BaseClass" name="@BeforeMethod beforeMethod" time="-1.639124136934E9">
    <skipped/>
  </testcase> <!-- @BeforeMethod beforeMethod -->
  <testcase classname="testcases.BaseClass" name="@BeforeMethod beforeMethod" time="-1.639124136934E9">
    <skipped/>
  </testcase> <!-- @BeforeMethod beforeMethod -->
  <testcase classname="testcases.BaseClass" name="@BeforeMethod beforeMethod" time="-1.639124136934E9">
    <skipped/>
  </testcase> <!-- @BeforeMethod beforeMethod -->
  <testcase classname="testcases.BaseClass" name="@BeforeMethod beforeMethod" time="-1.639124136935E9">
    <skipped/>
  </testcase> <!-- @BeforeMethod beforeMethod -->
  <testcase classname="testcases.BaseClass" name="@BeforeMethod beforeMethod" time="-1.639124136935E9">
    <skipped/>
  </testcase> <!-- @BeforeMethod beforeMethod -->
  <testcase classname="testcases.BaseClass" name="@BeforeMethod beforeMethod" time="-1.639124136936E9">
    <skipped/>
  </testcase> <!-- @BeforeMethod beforeMethod -->
  <testcase classname="testcases.BaseClass" name="@BeforeMethod beforeMethod" time="-1.639124136936E9">
    <skipped/>
  </testcase> <!-- @BeforeMethod beforeMethod -->
  <testcase classname="testcases.BaseClass" name="@BeforeMethod beforeMethod" time="-1.639124136937E9">
    <skipped/>
  </testcase> <!-- @BeforeMethod beforeMethod -->
  <testcase classname="testcases.BaseClass" name="@BeforeMethod beforeMethod" time="-1.639124136937E9">
    <skipped/>
  </testcase> <!-- @BeforeMethod beforeMethod -->
  <testcase classname="testcases.BaseClass" name="@BeforeMethod beforeMethod" time="-1.639124136937E9">
    <skipped/>
  </testcase> <!-- @BeforeMethod beforeMethod -->
  <testcase classname="testcases.BaseClass" name="@BeforeMethod beforeMethod" time="-1.639124136938E9">
    <skipped/>
  </testcase> <!-- @BeforeMethod beforeMethod -->
  <testcase classname="testcases.BaseClass" name="@BeforeMethod beforeMethod" time="-1.639124136938E9">
    <skipped/>
  </testcase> <!-- @BeforeMethod beforeMethod -->
  <testcase classname="testcases.BaseClass" name="@BeforeMethod beforeMethod" time="-1.639124136939E9">
    <skipped/>
  </testcase> <!-- @BeforeMethod beforeMethod -->
  <testcase classname="testcases.BaseClass" name="@BeforeMethod beforeMethod" time="-1.639124136939E9">
    <skipped/>
  </testcase> <!-- @BeforeMethod beforeMethod -->
  <testcase classname="testcases.BaseClass" name="@BeforeMethod beforeMethod" time="-1.63912413694E9">
    <skipped/>
  </testcase> <!-- @BeforeMethod beforeMethod -->
  <testcase classname="testcases.BaseClass" name="@BeforeMethod beforeMethod" time="-1.63912413694E9">
    <skipped/>
  </testcase> <!-- @BeforeMethod beforeMethod -->
  <testcase classname="testcases.BaseClass" name="@BeforeMethod beforeMethod" time="-1.639124136941E9">
    <skipped/>
  </testcase> <!-- @BeforeMethod beforeMethod -->
  <testcase classname="testcases.BaseClass" name="@BeforeMethod beforeMethod" time="-1.639124136942E9">
    <skipped/>
  </testcase> <!-- @BeforeMethod beforeMethod -->
  <testcase classname="testcases.BaseClass" name="@BeforeMethod beforeMethod" time="-1.639124136942E9">
    <skipped/>
  </testcase> <!-- @BeforeMethod beforeMethod -->
  <testcase classname="testcases.BaseClass" name="@BeforeMethod beforeMethod" time="-1.639124136942E9">
    <skipped/>
  </testcase> <!-- @BeforeMethod beforeMethod -->
  <testcase classname="testcases.BaseClass" name="@BeforeMethod beforeMethod" time="-1.639124136943E9">
    <skipped/>
  </testcase> <!-- @BeforeMethod beforeMethod -->
  <testcase classname="testcases.BaseClass" name="@BeforeMethod beforeMethod" time="-1.639124136943E9">
    <skipped/>
  </testcase> <!-- @BeforeMethod beforeMethod -->
  <testcase classname="testcases.BaseClass" name="@BeforeMethod beforeMethod" time="-1.639124136944E9">
    <skipped/>
  </testcase> <!-- @BeforeMethod beforeMethod -->
  <testcase classname="testcases.BaseClass" name="@BeforeMethod beforeMethod" time="-1.639124136944E9">
    <skipped/>
  </testcase> <!-- @BeforeMethod beforeMethod -->
  <testcase classname="testcases.BaseClass" name="@BeforeMethod beforeMethod" time="-1.639124136944E9">
    <skipped/>
  </testcase> <!-- @BeforeMethod beforeMethod -->
  <testcase classname="testcases.BaseClass" name="@BeforeMethod beforeMethod" time="-1.639124136945E9">
    <skipped/>
  </testcase> <!-- @BeforeMethod beforeMethod -->
  <testcase classname="testcases.BaseClass" name="@BeforeMethod beforeMethod" time="-1.639124136945E9">
    <skipped/>
  </testcase> <!-- @BeforeMethod beforeMethod -->
  <testcase classname="testcases.BaseClass" name="@BeforeMethod beforeMethod" time="-1.639124136946E9">
    <skipped/>
  </testcase> <!-- @BeforeMethod beforeMethod -->
  <testcase classname="testcases.BaseClass" name="@BeforeMethod beforeMethod" time="-1.639124136946E9">
    <skipped/>
  </testcase> <!-- @BeforeMethod beforeMethod -->
  <testcase classname="testcases.BaseClass" name="@BeforeMethod beforeMethod" time="-1.639124136946E9">
    <skipped/>
  </testcase> <!-- @BeforeMethod beforeMethod -->
  <testcase classname="testcases.BaseClass" name="@BeforeMethod beforeMethod" time="-1.639124136947E9">
    <skipped/>
  </testcase> <!-- @BeforeMethod beforeMethod -->
  <testcase classname="testcases.BaseClass" name="@BeforeMethod beforeMethod" time="-1.639124136947E9">
    <skipped/>
  </testcase> <!-- @BeforeMethod beforeMethod -->
  <testcase classname="testcases.BaseClass" name="@BeforeMethod beforeMethod" time="-1.639124136948E9">
    <skipped/>
  </testcase> <!-- @BeforeMethod beforeMethod -->
  <testcase classname="testcases.BaseClass" name="@BeforeMethod beforeMethod" time="-1.639124136948E9">
    <skipped/>
  </testcase> <!-- @BeforeMethod beforeMethod -->
  <testcase classname="testcases.BaseClass" name="@BeforeMethod beforeMethod" time="-1.639124136948E9">
    <skipped/>
  </testcase> <!-- @BeforeMethod beforeMethod -->
  <testcase classname="testcases.BaseClass" name="@BeforeMethod beforeMethod" time="-1.639124136949E9">
    <skipped/>
  </testcase> <!-- @BeforeMethod beforeMethod -->
  <testcase classname="testcases.BaseClass" name="@BeforeMethod beforeMethod" time="-1.639124136949E9">
    <skipped/>
  </testcase> <!-- @BeforeMethod beforeMethod -->
  <testcase classname="testcases.BaseClass" name="@BeforeMethod beforeMethod" time="-1.63912413695E9">
    <skipped/>
  </testcase> <!-- @BeforeMethod beforeMethod -->
  <testcase classname="testcases.BaseClass" name="@BeforeMethod beforeMethod" time="-1.63912413695E9">
    <skipped/>
  </testcase> <!-- @BeforeMethod beforeMethod -->
  <testcase classname="testcases.BaseClass" name="@BeforeMethod beforeMethod" time="-1.63912413695E9">
    <skipped/>
  </testcase> <!-- @BeforeMethod beforeMethod -->
  <testcase classname="testcases.BaseClass" name="@BeforeMethod beforeMethod" time="-1.639124136951E9">
    <skipped/>
  </testcase> <!-- @BeforeMethod beforeMethod -->
  <testcase classname="testcases.BaseClass" name="@BeforeMethod beforeMethod" time="-1.639124136951E9">
    <skipped/>
  </testcase> <!-- @BeforeMethod beforeMethod -->
  <testcase classname="testcases.BaseClass" name="@BeforeMethod beforeMethod" time="-1.639124136952E9">
    <skipped/>
  </testcase> <!-- @BeforeMethod beforeMethod -->
  <testcase classname="testcases.BaseClass" name="@BeforeMethod beforeMethod" time="-1.639124136952E9">
    <skipped/>
  </testcase> <!-- @BeforeMethod beforeMethod -->
  <testcase classname="testcases.BaseClass" name="@BeforeMethod beforeMethod" time="-1.639124136953E9">
    <skipped/>
  </testcase> <!-- @BeforeMethod beforeMethod -->
  <testcase classname="testcases.BaseClass" name="@BeforeMethod beforeMethod" time="-1.639124136954E9">
    <skipped/>
  </testcase> <!-- @BeforeMethod beforeMethod -->
  <testcase classname="testcases.BaseClass" name="@BeforeMethod beforeMethod" time="-1.639124136954E9">
    <skipped/>
  </testcase> <!-- @BeforeMethod beforeMethod -->
  <testcase classname="testcases.BaseClass" name="@BeforeMethod beforeMethod" time="-1.639124136955E9">
    <skipped/>
  </testcase> <!-- @BeforeMethod beforeMethod -->
  <testcase classname="testcases.BaseClass" name="@BeforeMethod beforeMethod" time="-1.639124136955E9">
    <skipped/>
  </testcase> <!-- @BeforeMethod beforeMethod -->
  <testcase classname="testcases.BaseClass" name="@BeforeMethod beforeMethod" time="-1.639124136955E9">
    <skipped/>
  </testcase> <!-- @BeforeMethod beforeMethod -->
  <testcase classname="testcases.BaseClass" name="@BeforeMethod beforeMethod" time="-1.639124136956E9">
    <skipped/>
  </testcase> <!-- @BeforeMethod beforeMethod -->
  <testcase classname="testcases.BaseClass" name="@BeforeMethod beforeMethod" time="-1.639124136957E9">
    <skipped/>
  </testcase> <!-- @BeforeMethod beforeMethod -->
  <testcase classname="testcases.BaseClass" name="@BeforeMethod beforeMethod" time="-1.639124136957E9">
    <skipped/>
  </testcase> <!-- @BeforeMethod beforeMethod -->
  <testcase classname="testcases.BaseClass" name="@BeforeMethod beforeMethod" time="-1.639124136958E9">
    <skipped/>
  </testcase> <!-- @BeforeMethod beforeMethod -->
  <testcase classname="testcases.BaseClass" name="@BeforeMethod beforeMethod" time="-1.639124136959E9">
    <skipped/>
  </testcase> <!-- @BeforeMethod beforeMethod -->
  <testcase classname="testcases.BaseClass" name="@BeforeMethod beforeMethod" time="-1.639124136959E9">
    <skipped/>
  </testcase> <!-- @BeforeMethod beforeMethod -->
  <testcase classname="testcases.BaseClass" name="@BeforeMethod beforeMethod" time="-1.63912413696E9">
    <skipped/>
  </testcase> <!-- @BeforeMethod beforeMethod -->
  <testcase classname="testcases.BaseClass" name="@BeforeMethod beforeMethod" time="-1.63912413696E9">
    <skipped/>
  </testcase> <!-- @BeforeMethod beforeMethod -->
  <testcase classname="testcases.BaseClass" name="@BeforeMethod beforeMethod" time="-1.639124136961E9">
    <skipped/>
  </testcase> <!-- @BeforeMethod beforeMethod -->
  <testcase classname="testcases.BaseClass" name="@BeforeMethod beforeMethod" time="-1.639124136961E9">
    <skipped/>
  </testcase> <!-- @BeforeMethod beforeMethod -->
  <testcase classname="testcases.BaseClass" name="@BeforeMethod beforeMethod" time="-1.639124136962E9">
    <skipped/>
  </testcase> <!-- @BeforeMethod beforeMethod -->
  <testcase classname="testcases.BaseClass" name="@BeforeMethod beforeMethod" time="-1.639124136962E9">
    <skipped/>
  </testcase> <!-- @BeforeMethod beforeMethod -->
  <testcase classname="testcases.BaseClass" name="@BeforeMethod beforeMethod" time="-1.639124136963E9">
    <skipped/>
  </testcase> <!-- @BeforeMethod beforeMethod -->
  <testcase classname="testcases.BaseClass" name="@BeforeMethod beforeMethod" time="-1.639124136963E9">
    <skipped/>
  </testcase> <!-- @BeforeMethod beforeMethod -->
  <testcase classname="testcases.BaseClass" name="@BeforeMethod beforeMethod" time="-1.639124136964E9">
    <skipped/>
  </testcase> <!-- @BeforeMethod beforeMethod -->
  <testcase classname="testcases.BaseClass" name="@BeforeMethod beforeMethod" time="-1.639124136964E9">
    <skipped/>
  </testcase> <!-- @BeforeMethod beforeMethod -->
  <testcase classname="testcases.BaseClass" name="@BeforeMethod beforeMethod" time="-1.639124136965E9">
    <skipped/>
  </testcase> <!-- @BeforeMethod beforeMethod -->
  <testcase classname="testcases.BaseClass" name="@BeforeMethod beforeMethod" time="-1.639124136965E9">
    <skipped/>
  </testcase> <!-- @BeforeMethod beforeMethod -->
  <testcase classname="testcases.BaseClass" name="@BeforeMethod beforeMethod" time="-1.639124136965E9">
    <skipped/>
  </testcase> <!-- @BeforeMethod beforeMethod -->
  <testcase classname="testcases.BaseClass" name="@BeforeMethod beforeMethod" time="-1.639124136966E9">
    <skipped/>
  </testcase> <!-- @BeforeMethod beforeMethod -->
  <testcase classname="testcases.BaseClass" name="@BeforeMethod beforeMethod" time="-1.639124136966E9">
    <skipped/>
  </testcase> <!-- @BeforeMethod beforeMethod -->
  <testcase classname="testcases.BaseClass" name="@BeforeMethod beforeMethod" time="-1.639124136967E9">
    <skipped/>
  </testcase> <!-- @BeforeMethod beforeMethod -->
  <testcase classname="testcases.BaseClass" name="@BeforeMethod beforeMethod" time="-1.639124136967E9">
    <skipped/>
  </testcase> <!-- @BeforeMethod beforeMethod -->
  <testcase classname="testcases.BaseClass" name="@BeforeMethod beforeMethod" time="-1.639124136967E9">
    <skipped/>
  </testcase> <!-- @BeforeMethod beforeMethod -->
  <testcase classname="testcases.BaseClass" name="@BeforeMethod beforeMethod" time="-1.639124136968E9">
    <skipped/>
  </testcase> <!-- @BeforeMethod beforeMethod -->
  <testcase classname="testcases.BaseClass" name="@BeforeMethod beforeMethod" time="-1.639124136968E9">
    <skipped/>
  </testcase> <!-- @BeforeMethod beforeMethod -->
  <testcase classname="testcases.BaseClass" name="@BeforeMethod beforeMethod" time="-1.639124136969E9">
    <skipped/>
  </testcase> <!-- @BeforeMethod beforeMethod -->
  <testcase classname="testcases.BaseClass" name="@BeforeMethod beforeMethod" time="-1.639124136969E9">
    <skipped/>
  </testcase> <!-- @BeforeMethod beforeMethod -->
  <testcase classname="testcases.BaseClass" name="@BeforeMethod beforeMethod" time="-1.639124136969E9">
    <skipped/>
  </testcase> <!-- @BeforeMethod beforeMethod -->
  <testcase classname="testcases.BaseClass" name="@BeforeMethod beforeMethod" time="-1.63912413697E9">
    <skipped/>
  </testcase> <!-- @BeforeMethod beforeMethod -->
  <testcase classname="testcases.BaseClass" name="@BeforeMethod beforeMethod" time="-1.63912413697E9">
    <skipped/>
  </testcase> <!-- @BeforeMethod beforeMethod -->
  <testcase classname="testcases.BaseClass" name="@BeforeMethod beforeMethod" time="-1.639124136971E9">
    <skipped/>
  </testcase> <!-- @BeforeMethod beforeMethod -->
  <testcase classname="testcases.BaseClass" name="@BeforeMethod beforeMethod" time="-1.639124136971E9">
    <skipped/>
  </testcase> <!-- @BeforeMethod beforeMethod -->
  <testcase classname="testcases.BaseClass" name="@BeforeMethod beforeMethod" time="-1.639124136972E9">
    <skipped/>
  </testcase> <!-- @BeforeMethod beforeMethod -->
  <testcase classname="testcases.BaseClass" name="@BeforeMethod beforeMethod" time="-1.639124136972E9">
    <skipped/>
  </testcase> <!-- @BeforeMethod beforeMethod -->
  <testcase classname="testcases.BaseClass" name="@BeforeMethod beforeMethod" time="-1.639124136972E9">
    <skipped/>
  </testcase> <!-- @BeforeMethod beforeMethod -->
  <testcase classname="testcases.BaseClass" name="@BeforeMethod beforeMethod" time="-1.639124136973E9">
    <skipped/>
  </testcase> <!-- @BeforeMethod beforeMethod -->
  <testcase classname="testcases.BaseClass" name="@BeforeMethod beforeMethod" time="-1.639124136973E9">
    <skipped/>
  </testcase> <!-- @BeforeMethod beforeMethod -->
  <testcase classname="testcases.BaseClass" name="@BeforeMethod beforeMethod" time="-1.639124136973E9">
    <skipped/>
  </testcase> <!-- @BeforeMethod beforeMethod -->
  <testcase classname="testcases.BaseClass" name="@BeforeMethod beforeMethod" time="-1.639124136974E9">
    <skipped/>
  </testcase> <!-- @BeforeMethod beforeMethod -->
  <testcase classname="testcases.BaseClass" name="@BeforeMethod beforeMethod" time="-1.639124136974E9">
    <skipped/>
  </testcase> <!-- @BeforeMethod beforeMethod -->
  <testcase classname="testcases.BaseClass" name="@BeforeMethod beforeMethod" time="-1.639124136974E9">
    <skipped/>
  </testcase> <!-- @BeforeMethod beforeMethod -->
  <testcase classname="testcases.BaseClass" name="@BeforeMethod beforeMethod" time="-1.639124136975E9">
    <skipped/>
  </testcase> <!-- @BeforeMethod beforeMethod -->
  <testcase classname="testcases.BaseClass" name="@BeforeMethod beforeMethod" time="-1.639124136975E9">
    <skipped/>
  </testcase> <!-- @BeforeMethod beforeMethod -->
  <testcase classname="testcases.BaseClass" name="@BeforeMethod beforeMethod" time="-1.639124136976E9">
    <skipped/>
  </testcase> <!-- @BeforeMethod beforeMethod -->
  <testcase classname="testcases.BaseClass" name="@BeforeMethod beforeMethod" time="-1.639124136976E9">
    <skipped/>
  </testcase> <!-- @BeforeMethod beforeMethod -->
  <testcase classname="testcases.BaseClass" name="@BeforeMethod beforeMethod" time="-1.639124136977E9">
    <skipped/>
  </testcase> <!-- @BeforeMethod beforeMethod -->
  <testcase classname="testcases.BaseClass" name="@BeforeMethod beforeMethod" time="-1.639124136977E9">
    <skipped/>
  </testcase> <!-- @BeforeMethod beforeMethod -->
  <testcase classname="testcases.BaseClass" name="@BeforeMethod beforeMethod" time="-1.639124136977E9">
    <skipped/>
  </testcase> <!-- @BeforeMethod beforeMethod -->
  <testcase classname="testcases.BaseClass" name="@BeforeMethod beforeMethod" time="-1.639124136978E9">
    <skipped/>
  </testcase> <!-- @BeforeMethod beforeMethod -->
  <testcase classname="testcases.BaseClass" name="@BeforeMethod beforeMethod" time="-1.639124136978E9">
    <skipped/>
  </testcase> <!-- @BeforeMethod beforeMethod -->
  <testcase classname="testcases.BaseClass" name="@BeforeMethod beforeMethod" time="-1.639124136979E9">
    <skipped/>
  </testcase> <!-- @BeforeMethod beforeMethod -->
  <testcase classname="testcases.BaseClass" name="@BeforeMethod beforeMethod" time="-1.639124136979E9">
    <skipped/>
  </testcase> <!-- @BeforeMethod beforeMethod -->
  <testcase classname="testcases.BaseClass" name="@BeforeMethod beforeMethod" time="-1.639124136979E9">
    <skipped/>
  </testcase> <!-- @BeforeMethod beforeMethod -->
  <testcase classname="testcases.BaseClass" name="@BeforeMethod beforeMethod" time="-1.63912413698E9">
    <skipped/>
  </testcase> <!-- @BeforeMethod beforeMethod -->
  <testcase classname="testcases.BaseClass" name="@BeforeMethod beforeMethod" time="-1.63912413698E9">
    <skipped/>
  </testcase> <!-- @BeforeMethod beforeMethod -->
  <testcase classname="testcases.BaseClass" name="@BeforeMethod beforeMethod" time="-1.63912413698E9">
    <skipped/>
  </testcase> <!-- @BeforeMethod beforeMethod -->
  <testcase classname="testcases.BaseClass" name="@BeforeMethod beforeMethod" time="-1.639124136981E9">
    <skipped/>
  </testcase> <!-- @BeforeMethod beforeMethod -->
  <testcase classname="testcases.BaseClass" name="@BeforeMethod beforeMethod" time="-1.639124136981E9">
    <skipped/>
  </testcase> <!-- @BeforeMethod beforeMethod -->
  <testcase classname="testcases.BaseClass" name="@BeforeMethod beforeMethod" time="-1.639124136982E9">
    <skipped/>
  </testcase> <!-- @BeforeMethod beforeMethod -->
  <testcase classname="testcases.BaseClass" name="@BeforeMethod beforeMethod" time="-1.639124136982E9">
    <skipped/>
  </testcase> <!-- @BeforeMethod beforeMethod -->
  <testcase classname="testcases.BaseClass" name="@BeforeMethod beforeMethod" time="-1.639124136982E9">
    <skipped/>
  </testcase> <!-- @BeforeMethod beforeMethod -->
  <testcase classname="testcases.BaseClass" name="@BeforeMethod beforeMethod" time="-1.639124136983E9">
    <skipped/>
  </testcase> <!-- @BeforeMethod beforeMethod -->
  <testcase classname="testcases.BaseClass" name="@BeforeMethod beforeMethod" time="-1.639124136983E9">
    <skipped/>
  </testcase> <!-- @BeforeMethod beforeMethod -->
  <testcase classname="testcases.BaseClass" name="@BeforeMethod beforeMethod" time="-1.639124136983E9">
    <skipped/>
  </testcase> <!-- @BeforeMethod beforeMethod -->
  <testcase classname="testcases.BaseClass" name="@BeforeMethod beforeMethod" time="-1.639124136984E9">
    <skipped/>
  </testcase> <!-- @BeforeMethod beforeMethod -->
  <testcase classname="testcases.BaseClass" name="@BeforeMethod beforeMethod" time="-1.639124136985E9">
    <skipped/>
  </testcase> <!-- @BeforeMethod beforeMethod -->
  <testcase classname="testcases.BaseClass" name="@BeforeMethod beforeMethod" time="-1.639124136986E9">
    <skipped/>
  </testcase> <!-- @BeforeMethod beforeMethod -->
  <testcase classname="testcases.BaseClass" name="@BeforeMethod beforeMethod" time="-1.639124136987E9">
    <skipped/>
  </testcase> <!-- @BeforeMethod beforeMethod -->
  <testcase classname="testcases.BaseClass" name="@BeforeMethod beforeMethod" time="-1.639124136988E9">
    <skipped/>
  </testcase> <!-- @BeforeMethod beforeMethod -->
  <testcase classname="testcases.BaseClass" name="@BeforeMethod beforeMethod" time="-1.639124136989E9">
    <skipped/>
  </testcase> <!-- @BeforeMethod beforeMethod -->
  <testcase classname="testcases.BaseClass" name="@BeforeMethod beforeMethod" time="-1.639124136989E9">
    <skipped/>
  </testcase> <!-- @BeforeMethod beforeMethod -->
  <testcase classname="testcases.BaseClass" name="@BeforeMethod beforeMethod" time="-1.63912413699E9">
    <skipped/>
  </testcase> <!-- @BeforeMethod beforeMethod -->
  <testcase classname="testcases.BaseClass" name="@BeforeMethod beforeMethod" time="-1.639124136991E9">
    <skipped/>
  </testcase> <!-- @BeforeMethod beforeMethod -->
  <testcase classname="testcases.BaseClass" name="@BeforeMethod beforeMethod" time="-1.639124136991E9">
    <skipped/>
  </testcase> <!-- @BeforeMethod beforeMethod -->
  <testcase classname="testcases.BaseClass" name="@BeforeMethod beforeMethod" time="-1.639124136991E9">
    <skipped/>
  </testcase> <!-- @BeforeMethod beforeMethod -->
  <testcase classname="testcases.BaseClass" name="@BeforeMethod beforeMethod" time="-1.639124136992E9">
    <skipped/>
  </testcase> <!-- @BeforeMethod beforeMethod -->
  <testcase classname="testcases.BaseClass" name="@BeforeMethod beforeMethod" time="-1.639124136992E9">
    <skipped/>
  </testcase> <!-- @BeforeMethod beforeMethod -->
  <testcase classname="testcases.BaseClass" name="@BeforeMethod beforeMethod" time="-1.639124136993E9">
    <skipped/>
  </testcase> <!-- @BeforeMethod beforeMethod -->
  <testcase classname="testcases.BaseClass" name="@BeforeMethod beforeMethod" time="-1.639124136993E9">
    <skipped/>
  </testcase> <!-- @BeforeMethod beforeMethod -->
  <testcase classname="testcases.BaseClass" name="@BeforeMethod beforeMethod" time="-1.639124136993E9">
    <skipped/>
  </testcase> <!-- @BeforeMethod beforeMethod -->
  <testcase classname="testcases.BaseClass" name="@BeforeMethod beforeMethod" time="-1.639124136994E9">
    <skipped/>
  </testcase> <!-- @BeforeMethod beforeMethod -->
  <testcase classname="testcases.BaseClass" name="@BeforeMethod beforeMethod" time="-1.639124136994E9">
    <skipped/>
  </testcase> <!-- @BeforeMethod beforeMethod -->
  <testcase classname="testcases.BaseClass" name="@BeforeMethod beforeMethod" time="-1.639124136994E9">
    <skipped/>
  </testcase> <!-- @BeforeMethod beforeMethod -->
[...]
    <skipped/>
  </testcase> <!-- Testcase_ColumnValidation -->
  <testcase classname="testcases.RAW_DATAMART_CURATED.SnowFlake_ColumnValidation_Master" name="Testcase_ColumnValidation" time="0.0">
    <skipped/>
  </testcase> <!-- Testcase_ColumnValidation -->
  <testcase classname="testcases.RAW_DATAMART_CURATED.SnowFlake_ColumnValidation_Master" name="Testcase_ColumnValidation" time="0.0">
    <skipped/>
  </testcase> <!-- Testcase_ColumnValidation -->
  <testcase classname="testcases.RAW_DATAMART_CURATED.SnowFlake_ColumnValidation_Master" name="Testcase_ColumnValidation" time="0.0">
    <skipped/>
  </testcase> <!-- Testcase_ColumnValidation -->
  <testcase classname="testcases.RAW_DATAMART_CURATED.SnowFlake_ColumnValidation_Master" name="Testcase_ColumnValidation" time="0.0">
    <skipped/>
  </testcase> <!-- Testcase_ColumnValidation -->
  <testcase classname="testcases.RAW_DATAMART_CURATED.SnowFlake_ColumnValidation_Master" name="Testcase_ColumnValidation" time="0.0">
    <skipped/>
  </testcase> <!-- Testcase_ColumnValidation -->
  <testcase classname="testcases.RAW_DATAMART_CURATED.SnowFlake_ColumnValidation_Master" name="Testcase_ColumnValidation" time="0.0">
    <skipped/>
  </testcase> <!-- Testcase_ColumnValidation -->
  <testcase classname="testcases.RAW_DATAMART_CURATED.SnowFlake_ColumnValidation_Master" name="Testcase_ColumnValidation" time="0.0">
    <skipped/>
  </testcase> <!-- Testcase_ColumnValidation -->
  <testcase classname="testcases.RAW_DATAMART_CURATED.SnowFlake_ColumnValidation_Master" name="Testcase_ColumnValidation" time="0.0">
    <skipped/>
  </testcase> <!-- Testcase_ColumnValidation -->
  <testcase classname="testcases.RAW_DATAMART_CURATED.SnowFlake_ColumnValidation_Master" name="Testcase_ColumnValidation" time="0.0">
    <skipped/>
  </testcase> <!-- Testcase_ColumnValidation -->
  <testcase classname="testcases.RAW_DATAMART_CURATED.SnowFlake_ColumnValidation_Master" name="Testcase_ColumnValidation" time="0.0">
    <skipped/>
  </testcase> <!-- Testcase_ColumnValidation -->
  <testcase classname="testcases.RAW_DATAMART_CURATED.SnowFlake_ColumnValidation_Master" name="Testcase_ColumnValidation" time="0.0">
    <skipped/>
  </testcase> <!-- Testcase_ColumnValidation -->
  <testcase classname="testcases.RAW_DATAMART_CURATED.SnowFlake_ColumnValidation_Master" name="Testcase_ColumnValidation" time="0.0">
    <skipped/>
  </testcase> <!-- Testcase_ColumnValidation -->
  <testcase classname="testcases.RAW_DATAMART_CURATED.SnowFlake_ColumnValidation_Master" name="Testcase_ColumnValidation" time="0.0">
    <skipped/>
  </testcase> <!-- Testcase_ColumnValidation -->
  <testcase classname="testcases.RAW_DATAMART_CURATED.SnowFlake_ColumnValidation_Master" name="Testcase_ColumnValidation" time="0.0">
    <skipped/>
  </testcase> <!-- Testcase_ColumnValidation -->
  <testcase classname="testcases.RAW_DATAMART_CURATED.SnowFlake_ColumnValidation_Master" name="Testcase_ColumnValidation" time="0.0">
    <skipped/>
  </testcase> <!-- Testcase_ColumnValidation -->
  <testcase classname="testcases.RAW_DATAMART_CURATED.SnowFlake_ColumnValidation_Master" name="Testcase_ColumnValidation" time="0.0">
    <skipped/>
  </testcase> <!-- Testcase_ColumnValidation -->
  <testcase classname="testcases.RAW_DATAMART_CURATED.SnowFlake_ColumnValidation_Master" name="Testcase_ColumnValidation" time="0.0">
    <skipped/>
  </testcase> <!-- Testcase_ColumnValidation -->
  <testcase classname="testcases.RAW_DATAMART_CURATED.SnowFlake_ColumnValidation_Master" name="Testcase_ColumnValidation" time="0.0">
    <skipped/>
  </testcase> <!-- Testcase_ColumnValidation -->
  <testcase classname="testcases.RAW_DATAMART_CURATED.SnowFlake_ColumnValidation_Master" name="Testcase_ColumnValidation" time="0.0">
    <skipped/>
  </testcase> <!-- Testcase_ColumnValidation -->
  <testcase classname="testcases.RAW_DATAMART_CURATED.SnowFlake_ColumnValidation_Master" name="Testcase_ColumnValidation" time="0.0">
    <skipped/>
  </testcase> <!-- Testcase_ColumnValidation -->
  <testcase classname="testcases.RAW_DATAMART_CURATED.SnowFlake_ColumnValidation_Master" name="Testcase_ColumnValidation" time="0.0">
    <skipped/>
  </testcase> <!-- Testcase_ColumnValidation -->
  <testcase classname="testcases.RAW_DATAMART_CURATED.SnowFlake_ColumnValidation_Master" name="Testcase_ColumnValidation" time="0.0">
    <skipped/>
  </testcase> <!-- Testcase_ColumnValidation -->
  <testcase classname="testcases.RAW_DATAMART_CURATED.SnowFlake_ColumnValidation_Master" name="Testcase_ColumnValidation" time="0.0">
    <skipped/>
  </testcase> <!-- Testcase_ColumnValidation -->
  <testcase classname="testcases.RAW_DATAMART_CURATED.SnowFlake_ColumnValidation_Master" name="Testcase_ColumnValidation" time="0.0">
    <skipped/>
  </testcase> <!-- Testcase_ColumnValidation -->
  <testcase classname="testcases.RAW_DATAMART_CURATED.SnowFlake_ColumnValidation_Master" name="Testcase_ColumnValidation" time="0.0">
    <skipped/>
  </testcase> <!-- Testcase_ColumnValidation -->
  <testcase classname="testcases.RAW_DATAMART_CURATED.SnowFlake_ColumnValidation_Master" name="Testcase_ColumnValidation" time="0.0">
    <skipped/>
  </testcase> <!-- Testcase_ColumnValidation -->
  <testcase classname="testcases.RAW_DATAMART_CURATED.SnowFlake_ColumnValidation_Master" name="Testcase_ColumnValidation" time="0.0">
    <skipped/>
  </testcase> <!-- Testcase_ColumnValidation -->
  <testcase classname="testcases.RAW_DATAMART_CURATED.SnowFlake_ColumnValidation_Master" name="Testcase_ColumnValidation" time="0.0">
    <skipped/>
  </testcase> <!-- Testcase_ColumnValidation -->
  <testcase classname="testcases.RAW_DATAMART_CURATED.SnowFlake_ColumnValidation_Master" name="Testcase_ColumnValidation" time="0.0">
    <skipped/>
  </testcase> <!-- Testcase_ColumnValidation -->
  <testcase classname="testcases.RAW_DATAMART_CURATED.SnowFlake_ColumnValidation_Master" name="Testcase_ColumnValidation" time="0.0">
    <skipped/>
  </testcase> <!-- Testcase_ColumnValidation -->
  <testcase classname="testcases.RAW_DATAMART_CURATED.SnowFlake_ColumnValidation_Master" name="Testcase_ColumnValidation" time="0.0">
    <skipped/>
  </testcase> <!-- Testcase_ColumnValidation -->
  <testcase classname="testcases.RAW_DATAMART_CURATED.SnowFlake_ColumnValidation_Master" name="Testcase_ColumnValidation" time="0.0">
    <skipped/>
  </testcase> <!-- Testcase_ColumnValidation -->
  <testcase classname="testcases.RAW_DATAMART_CURATED.SnowFlake_ColumnValidation_Master" name="Testcase_ColumnValidation" time="0.0">
    <skipped/>
  </testcase> <!-- Testcase_ColumnValidation -->
  <testcase classname="testcases.RAW_DATAMART_CURATED.SnowFlake_ColumnValidation_Master" name="Testcase_ColumnValidation" time="0.0">
    <skipped/>
  </testcase> <!-- Testcase_ColumnValidation -->
  <testcase classname="testcases.RAW_DATAMART_CURATED.SnowFlake_ColumnValidation_Master" name="Testcase_ColumnValidation" time="0.0">
    <skipped/>
  </testcase> <!-- Testcase_ColumnValidation -->
  <testcase classname="testcases.RAW_DATAMART_CURATED.SnowFlake_ColumnValidation_Master" name="Testcase_ColumnValidation" time="0.0">
    <skipped/>
  </testcase> <!-- Testcase_ColumnValidation -->
  <testcase classname="testcases.RAW_DATAMART_CURATED.SnowFlake_ColumnValidation_Master" name="Testcase_ColumnValidation" time="0.0">
    <skipped/>
  </testcase> <!-- Testcase_ColumnValidation -->
  <testcase classname="testcases.RAW_DATAMART_CURATED.SnowFlake_ColumnValidation_Master" name="Testcase_ColumnValidation" time="0.0">
    <skipped/>
  </testcase> <!-- Testcase_ColumnValidation -->
  <testcase classname="testcases.RAW_DATAMART_CURATED.SnowFlake_ColumnValidation_Master" name="Testcase_ColumnValidation" time="0.0">
    <skipped/>
  </testcase> <!-- Testcase_ColumnValidation -->
  <testcase classname="testcases.RAW_DATAMART_CURATED.SnowFlake_ColumnValidation_Master" name="Testcase_ColumnValidation" time="0.0">
    <skipped/>
  </testcase> <!-- Testcase_ColumnValidation -->
  <testcase classname="testcases.RAW_DATAMART_CURATED.SnowFlake_ColumnValidation_Master" name="Testcase_ColumnValidation" time="0.0">
    <skipped/>
  </testcase> <!-- Testcase_ColumnValidation -->
  <testcase classname="testcases.RAW_DATAMART_CURATED.SnowFlake_ColumnValidation_Master" name="Testcase_ColumnValidation" time="0.0">
    <skipped/>
  </testcase> <!-- Testcase_ColumnValidation -->
  <testcase classname="testcases.RAW_DATAMART_CURATED.SnowFlake_ColumnValidation_Master" name="Testcase_ColumnValidation" time="0.0">
    <skipped/>
  </testcase> <!-- Testcase_ColumnValidation -->
  <testcase classname="testcases.RAW_DATAMART_CURATED.SnowFlake_ColumnValidation_Master" name="Testcase_ColumnValidation" time="0.0">
    <skipped/>
  </testcase> <!-- Testcase_ColumnValidation -->
  <testcase classname="testcases.RAW_DATAMART_CURATED.SnowFlake_ColumnValidation_Master" name="Testcase_ColumnValidation" time="0.0">
    <skipped/>
  </testcase> <!-- Testcase_ColumnValidation -->
  <testcase classname="testcases.RAW_DATAMART_CURATED.SnowFlake_ColumnValidation_Master" name="Testcase_ColumnValidation" time="0.0">
    <skipped/>
  </testcase> <!-- Testcase_ColumnValidation -->
  <testcase classname="testcases.RAW_DATAMART_CURATED.SnowFlake_ColumnValidation_Master" name="Testcase_ColumnValidation" time="0.0">
    <skipped/>
  </testcase> <!-- Testcase_ColumnValidation -->
  <testcase classname="testcases.RAW_DATAMART_CURATED.SnowFlake_ColumnValidation_Master" name="Testcase_ColumnValidation" time="0.0">
    <skipped/>
  </testcase> <!-- Testcase_ColumnValidation -->
  <testcase classname="testcases.RAW_DATAMART_CURATED.SnowFlake_ColumnValidation_Master" name="Testcase_ColumnValidation" time="0.0">
    <skipped/>
  </testcase> <!-- Testcase_ColumnValidation -->
  <testcase classname="testcases.RAW_DATAMART_CURATED.SnowFlake_ColumnValidation_Master" name="Testcase_ColumnValidation" time="0.0">
    <skipped/>
  </testcase> <!-- Testcase_ColumnValidation -->
  <testcase classname="testcases.RAW_DATAMART_CURATED.SnowFlake_ColumnValidation_Master" name="Testcase_ColumnValidation" time="0.0">
    <skipped/>
  </testcase> <!-- Testcase_ColumnValidation -->
  <testcase classname="testcases.RAW_DATAMART_CURATED.SnowFlake_ColumnValidation_Master" name="Testcase_ColumnValidation" time="0.0">
    <skipped/>
  </testcase> <!-- Testcase_ColumnValidation -->
  <testcase classname="testcases.RAW_DATAMART_CURATED.SnowFlake_ColumnValidation_Master" name="Testcase_ColumnValidation" time="0.0">
    <skipped/>
  </testcase> <!-- Testcase_ColumnValidation -->
  <testcase classname="testcases.RAW_DATAMART_CURATED.SnowFlake_ColumnValidation_Master" name="Testcase_ColumnValidation" time="0.0">
    <skipped/>
  </testcase> <!-- Testcase_ColumnValidation -->
  <testcase classname="testcases.RAW_DATAMART_CURATED.SnowFlake_ColumnValidation_Master" name="Testcase_ColumnValidation" time="0.0">
    <skipped/>
  </testcase> <!-- Testcase_ColumnValidation -->
  <testcase classname="testcases.RAW_DATAMART_CURATED.SnowFlake_ColumnValidation_Master" name="Testcase_ColumnValidation" time="0.0">
    <skipped/>
  </testcase> <!-- Testcase_ColumnValidation -->
  <testcase classname="testcases.RAW_DATAMART_CURATED.SnowFlake_ColumnValidation_Master" name="Testcase_ColumnValidation" time="0.0">
    <skipped/>
  </testcase> <!-- Testcase_ColumnValidation -->
  <testcase classname="testcases.RAW_DATAMART_CURATED.SnowFlake_ColumnValidation_Master" name="Testcase_ColumnValidation" time="0.0">
    <skipped/>
  </testcase> <!-- Testcase_ColumnValidation -->
  <testcase classname="testcases.RAW_DATAMART_CURATED.SnowFlake_ColumnValidation_Master" name="Testcase_ColumnValidation" time="0.0">
    <skipped/>
  </testcase> <!-- Testcase_ColumnValidation -->
  <testcase classname="testcases.RAW_DATAMART_CURATED.SnowFlake_ColumnValidation_Master" name="Testcase_ColumnValidation" time="0.0">
    <skipped/>
  </testcase> <!-- Testcase_ColumnValidation -->
  <testcase classname="testcases.RAW_DATAMART_CURATED.SnowFlake_ColumnValidation_Master" name="Testcase_ColumnValidation" time="0.0">
    <skipped/>
  </testcase> <!-- Testcase_ColumnValidation -->
  <testcase classname="testcases.RAW_DATAMART_CURATED.SnowFlake_ColumnValidation_Master" name="Testcase_ColumnValidation" time="0.0">
    <skipped/>
  </testcase> <!-- Testcase_ColumnValidation -->
  <testcase classname="testcases.RAW_DATAMART_CURATED.SnowFlake_ColumnValidation_Master" name="Testcase_ColumnValidation" time="0.0">
    <skipped/>
  </testcase> <!-- Testcase_ColumnValidation -->
  <testcase classname="testcases.RAW_DATAMART_CURATED.SnowFlake_ColumnValidation_Master" name="Testcase_ColumnValidation" time="0.0">
    <skipped/>
  </testcase> <!-- Testcase_ColumnValidation -->
  <testcase classname="testcases.RAW_DATAMART_CURATED.SnowFlake_ColumnValidation_Master" name="Testcase_ColumnValidation" time="0.0">
    <skipped/>
  </testcase> <!-- Testcase_ColumnValidation -->
  <testcase classname="testcases.RAW_DATAMART_CURATED.SnowFlake_ColumnValidation_Master" name="Testcase_ColumnValidation" time="0.0">
    <skipped/>
  </testcase> <!-- Testcase_ColumnValidation -->
  <testcase classname="testcases.RAW_DATAMART_CURATED.SnowFlake_ColumnValidation_Master" name="Testcase_ColumnValidation" time="0.0">
    <skipped/>
  </testcase> <!-- Testcase_ColumnValidation -->
  <testcase classname="testcases.RAW_DATAMART_CURATED.SnowFlake_ColumnValidation_Master" name="Testcase_ColumnValidation" time="0.0">
    <skipped/>
  </testcase> <!-- Testcase_ColumnValidation -->
  <testcase classname="testcases.RAW_DATAMART_CURATED.SnowFlake_ColumnValidation_Master" name="Testcase_ColumnValidation" time="0.0">
    <skipped/>
  </testcase> <!-- Testcase_ColumnValidation -->
  <testcase classname="testcases.RAW_DATAMART_CURATED.SnowFlake_ColumnValidation_Master" name="Testcase_ColumnValidation" time="0.0">
    <skipped/>
  </testcase> <!-- Testcase_ColumnValidation -->
  <testcase classname="testcases.RAW_DATAMART_CURATED.SnowFlake_ColumnValidation_Master" name="Testcase_ColumnValidation" time="0.0">
    <skipped/>
  </testcase> <!-- Testcase_ColumnValidation -->
  <testcase classname="testcases.RAW_DATAMART_CURATED.SnowFlake_ColumnValidation_Master" name="Testcase_ColumnValidation" time="0.0">
    <skipped/>
  </testcase> <!-- Testcase_ColumnValidation -->
  <testcase classname="testcases.RAW_DATAMART_CURATED.SnowFlake_ColumnValidation_Master" name="Testcase_ColumnValidation" time="0.0">
    <skipped/>
  </testcase> <!-- Testcase_ColumnValidation -->
  <testcase classname="testcases.RAW_DATAMART_CURATED.SnowFlake_ColumnValidation_Master" name="Testcase_ColumnValidation" time="0.0">
    <skipped/>
  </testcase> <!-- Testcase_ColumnValidation -->
  <testcase classname="testcases.RAW_DATAMART_CURATED.SnowFlake_ColumnValidation_Master" name="Testcase_ColumnValidation" time="0.0">
    <skipped/>
  </testcase> <!-- Testcase_ColumnValidation -->
  <testcase classname="testcases.RAW_DATAMART_CURATED.SnowFlake_ColumnValidation_Master" name="Testcase_ColumnValidation" time="0.0">
    <skipped/>
  </testcase> <!-- Testcase_ColumnValidation -->
  <testcase classname="testcases.RAW_DATAMART_CURATED.SnowFlake_ColumnValidation_Master" name="Testcase_ColumnValidation" time="0.0">
    <skipped/>
  </testcase> <!-- Testcase_ColumnValidation -->
  <testcase classname="testcases.RAW_DATAMART_CURATED.SnowFlake_ColumnValidation_Master" name="Testcase_ColumnValidation" time="0.0">
    <skipped/>
  </testcase> <!-- Testcase_ColumnValidation -->
  <testcase classname="testcases.RAW_DATAMART_CURATED.SnowFlake_ColumnValidation_Master" name="Testcase_ColumnValidation" time="0.0">
    <skipped/>
  </testcase> <!-- Testcase_ColumnValidation -->
  <testcase classname="testcases.RAW_DATAMART_CURATED.SnowFlake_ColumnValidation_Master" name="Testcase_ColumnValidation" time="0.0">
    <skipped/>
  </testcase> <!-- Testcase_ColumnValidation -->
  <testcase classname="testcases.RAW_DATAMART_CURATED.SnowFlake_ColumnValidation_Master" name="Testcase_ColumnValidation" time="0.0">
    <skipped/>
  </testcase> <!-- Testcase_ColumnValidation -->
  <testcase classname="testcases.RAW_DATAMART_CURATED.SnowFlake_ColumnValidation_Master" name="Testcase_ColumnValidation" time="0.0">
    <skipped/>
  </testcase> <!-- Testcase_ColumnValidation -->
  <testcase classname="testcases.RAW_DATAMART_CURATED.SnowFlake_ColumnValidation_Master" name="Testcase_ColumnValidation" time="0.0">
    <skipped/>
  </testcase> <!-- Testcase_ColumnValidation -->
  <testcase classname="testcases.RAW_DATAMART_CURATED.SnowFlake_ColumnValidation_Master" name="Testcase_ColumnValidation" time="0.0">
    <skipped/>
  </testcase> <!-- Testcase_ColumnValidation -->
  <testcase classname="testcases.RAW_DATAMART_CURATED.SnowFlake_ColumnValidation_Master" name="Testcase_ColumnValidation" time="0.0">
    <skipped/>
  </testcase> <!-- Testcase_ColumnValidation -->
  <testcase classname="testcases.RAW_DATAMART_CURATED.SnowFlake_ColumnValidation_Master" name="Testcase_ColumnValidation" time="0.0">
    <skipped/>
  </testcase> <!-- Testcase_ColumnValidation -->
  <testcase classname="testcases.RAW_DATAMART_CURATED.SnowFlake_ColumnValidation_Master" name="Testcase_ColumnValidation" time="0.0">
    <skipped/>
  </testcase> <!-- Testcase_ColumnValidation -->
  <testcase classname="testcases.RAW_DATAMART_CURATED.SnowFlake_ColumnValidation_Master" name="Testcase_ColumnValidation" time="0.0">
    <skipped/>
  </testcase> <!-- Testcase_ColumnValidation -->
  <testcase classname="testcases.RAW_DATAMART_CURATED.SnowFlake_ColumnValidation_Master" name="Testcase_ColumnValidation" time="0.0">
    <skipped/>
  </testcase> <!-- Testcase_ColumnValidation -->
  <testcase classname="testcases.RAW_DATAMART_CURATED.SnowFlake_ColumnValidation_Master" name="Testcase_ColumnValidation" time="0.0">
    <skipped/>
  </testcase> <!-- Testcase_ColumnValidation -->
  <testcase classname="testcases.RAW_DATAMART_CURATED.SnowFlake_ColumnValidation_Master" name="Testcase_ColumnValidation" time="0.0">
    <skipped/>
  </testcase> <!-- Testcase_ColumnValidation -->
  <testcase classname="testcases.RAW_DATAMART_CURATED.SnowFlake_ColumnValidation_Master" name="Testcase_ColumnValidation" time="0.0">
    <skipped/>
  </testcase> <!-- Testcase_ColumnValidation -->
  <testcase classname="testcases.RAW_DATAMART_CURATED.SnowFlake_ColumnValidation_Master" name="Testcase_ColumnValidation" time="0.0">
    <skipped/>
  </testcase> <!-- Testcase_ColumnValidation -->
  <testcase classname="testcases.RAW_DATAMART_CURATED.SnowFlake_ColumnValidation_Master" name="Testcase_ColumnValidation" time="0.0">
    <skipped/>
  </testcase> <!-- Testcase_ColumnValidation -->
  <testcase classname="testcases.RAW_DATAMART_CURATED.SnowFlake_ColumnValidation_Master" name="Testcase_ColumnValidation" time="0.0">
    <skipped/>
  </testcase> <!-- Testcase_ColumnValidation -->
  <testcase classname="testcases.RAW_DATAMART_CURATED.SnowFlake_ColumnValidation_Master" name="Testcase_ColumnValidation" time="0.0">
    <skipped/>
  </testcase> <!-- Testcase_ColumnValidation -->
  <testcase classname="testcases.RAW_DATAMART_CURATED.SnowFlake_ColumnValidation_Master" name="Testcase_ColumnValidation" time="0.0">
    <skipped/>
  </testcase> <!-- Testcase_ColumnValidation -->
  <testcase classname="testcases.RAW_DATAMART_CURATED.SnowFlake_ColumnValidation_Master" name="Testcase_ColumnValidation" time="0.0">
    <skipped/>
  </testcase> <!-- Testcase_ColumnValidation -->
  <testcase classname="testcases.RAW_DATAMART_CURATED.SnowFlake_ColumnValidation_Master" name="Testcase_ColumnValidation" time="0.0">
    <skipped/>
  </testcase> <!-- Testcase_ColumnValidation -->
  <testcase classname="testcases.BaseClass" name="@BeforeSuite beforeSuite" time="0.0">
    <ignored/>
  </testcase> <!-- @BeforeSuite beforeSuite -->
  <testcase classname="testcases.BaseClass" name="@AfterSuite afterSuite" time="0.0">
    <ignored/>
  </testcase> <!-- @AfterSuite afterSuite -->
</testsuite> <!-- SnowFlake -->
