<?xml version="1.0" encoding="UTF-8"?>
<!-- Generated by org.testng.reporters.JUnitXMLReporter -->
<testsuite ignored="2" hostname="BALT-CHN-00" failures="625" tests="2376" name="SnowFlake" time="5936.224" errors="0" timestamp="2021-12-07T20:57:50 IST">
  <testcase classname="testcases.RAW_DATAMART_CURATED.SnowFlake_RowCount_Master" name="Testcase_RowCount_validation" time="0.928">
    <failure type="java.lang.AssertionError" message="The following asserts failed:
	null">
      <![CDATA[java.lang.AssertionError: The following asserts failed:
null
at testcases.RAW_DATAMART_CURATED.SnowFlake_RowCount_Master.validate_RowCount_BKP(SnowFlake_RowCount_Master.java:56)
at testcases.RAW_DATAMART_CURATED.SnowFlake_RowCount_Master.Testcase_RowCount_validation(SnowFlake_RowCount_Master.java:25)
at java.base/java.util.ArrayList.forEach(ArrayList.java:1511)
... Removed 29 stack frames]]>
    </failure>
  </testcase> <!-- Testcase_RowCount_validation -->
  <testcase classname="testcases.RAW_DATAMART_CURATED.SnowFlake_RowCount_Master" name="Testcase_RowCount_validation" time="1.503"/>
  <testcase classname="testcases.RAW_DATAMART_CURATED.SnowFlake_RowCount_Master" name="Testcase_RowCount_validation" time="1.811"/>
  <testcase classname="testcases.RAW_DATAMART_CURATED.SnowFlake_RowCount_Master" name="Testcase_RowCount_validation" time="1.498"/>
  <testcase classname="testcases.RAW_DATAMART_CURATED.SnowFlake_RowCount_Master" name="Testcase_RowCount_validation" time="1.138"/>
  <testcase classname="testcases.RAW_DATAMART_CURATED.SnowFlake_RowCount_Master" name="Testcase_RowCount_validation" time="1.4">
    <failure type="java.lang.AssertionError" message="The following asserts failed:
	null">
      <![CDATA[java.lang.AssertionError: The following asserts failed:
null
at testcases.RAW_DATAMART_CURATED.SnowFlake_RowCount_Master.validate_RowCount_BKP(SnowFlake_RowCount_Master.java:56)
at testcases.RAW_DATAMART_CURATED.SnowFlake_RowCount_Master.Testcase_RowCount_validation(SnowFlake_RowCount_Master.java:25)
at java.base/java.util.ArrayList.forEach(ArrayList.java:1511)
... Removed 29 stack frames]]>
    </failure>
  </testcase> <!-- Testcase_RowCount_validation -->
  <testcase classname="testcases.RAW_DATAMART_CURATED.SnowFlake_RowCount_Master" name="Testcase_RowCount_validation" time="2.689"/>
  <testcase classname="testcases.RAW_DATAMART_CURATED.SnowFlake_RowCount_Master" name="Testcase_RowCount_validation" time="1.628"/>
  <testcase classname="testcases.RAW_DATAMART_CURATED.SnowFlake_RowCount_Master" name="Testcase_RowCount_validation" time="1.344"/>
  <testcase classname="testcases.RAW_DATAMART_CURATED.SnowFlake_RowCount_Master" name="Testcase_RowCount_validation" time="1.717">
    <failure type="java.lang.AssertionError" message="The following asserts failed:
	null">
      <![CDATA[java.lang.AssertionError: The following asserts failed:
null
at testcases.RAW_DATAMART_CURATED.SnowFlake_RowCount_Master.validate_RowCount_BKP(SnowFlake_RowCount_Master.java:56)
at testcases.RAW_DATAMART_CURATED.SnowFlake_RowCount_Master.Testcase_RowCount_validation(SnowFlake_RowCount_Master.java:25)
at java.base/java.util.ArrayList.forEach(ArrayList.java:1511)
... Removed 29 stack frames]]>
    </failure>
  </testcase> <!-- Testcase_RowCount_validation -->
  <testcase classname="testcases.RAW_DATAMART_CURATED.SnowFlake_RowCount_Master" name="Testcase_RowCount_validation" time="1.347"/>
  <testcase classname="testcases.RAW_DATAMART_CURATED.SnowFlake_RowCount_Master" name="Testcase_RowCount_validation" time="1.158"/>
  <testcase classname="testcases.RAW_DATAMART_CURATED.SnowFlake_RowCount_Master" name="Testcase_RowCount_validation" time="0.991">
    <failure type="java.lang.AssertionError" message="The following asserts failed:
	null">
      <![CDATA[java.lang.AssertionError: The following asserts failed:
null
at testcases.RAW_DATAMART_CURATED.SnowFlake_RowCount_Master.validate_RowCount_BKP(SnowFlake_RowCount_Master.java:56)
at testcases.RAW_DATAMART_CURATED.SnowFlake_RowCount_Master.Testcase_RowCount_validation(SnowFlake_RowCount_Master.java:25)
at java.base/java.util.ArrayList.forEach(ArrayList.java:1511)
... Removed 29 stack frames]]>
    </failure>
  </testcase> <!-- Testcase_RowCount_validation -->
  <testcase classname="testcases.RAW_DATAMART_CURATED.SnowFlake_RowCount_Master" name="Testcase_RowCount_validation" time="1.328">
    <failure type="java.lang.AssertionError" message="The following asserts failed:
	null">
      <![CDATA[java.lang.AssertionError: The following asserts failed:
null
at testcases.RAW_DATAMART_CURATED.SnowFlake_RowCount_Master.validate_RowCount_BKP(SnowFlake_RowCount_Master.java:56)
at testcases.RAW_DATAMART_CURATED.SnowFlake_RowCount_Master.Testcase_RowCount_validation(SnowFlake_RowCount_Master.java:25)
at java.base/java.util.ArrayList.forEach(ArrayList.java:1511)
... Removed 29 stack frames]]>
    </failure>
  </testcase> <!-- Testcase_RowCount_validation -->
  <testcase classname="testcases.RAW_DATAMART_CURATED.SnowFlake_RowCount_Master" name="Testcase_RowCount_validation" time="1.129">
    <failure type="java.lang.AssertionError" message="The following asserts failed:
	null,
	null">
      <![CDATA[java.lang.AssertionError: The following asserts failed:
null,
null
at testcases.RAW_DATAMART_CURATED.SnowFlake_RowCount_Master.validate_RowCount_BKP(SnowFlake_RowCount_Master.java:56)
at testcases.RAW_DATAMART_CURATED.SnowFlake_RowCount_Master.Testcase_RowCount_validation(SnowFlake_RowCount_Master.java:25)
at java.base/java.util.ArrayList.forEach(ArrayList.java:1511)
... Removed 29 stack frames]]>
    </failure>
  </testcase> <!-- Testcase_RowCount_validation -->
  <testcase classname="testcases.RAW_DATAMART_CURATED.SnowFlake_RowCount_Master" name="Testcase_RowCount_validation" time="1.259"/>
  <testcase classname="testcases.RAW_DATAMART_CURATED.SnowFlake_RowCount_Master" name="Testcase_RowCount_validation" time="1.7"/>
  <testcase classname="testcases.RAW_DATAMART_CURATED.SnowFlake_RowCount_Master" name="Testcase_RowCount_validation" time="1.923">
    <failure type="java.lang.AssertionError" message="The following asserts failed:
	null">
      <![CDATA[java.lang.AssertionError: The following asserts failed:
null
at testcases.RAW_DATAMART_CURATED.SnowFlake_RowCount_Master.validate_RowCount_BKP(SnowFlake_RowCount_Master.java:56)
at testcases.RAW_DATAMART_CURATED.SnowFlake_RowCount_Master.Testcase_RowCount_validation(SnowFlake_RowCount_Master.java:25)
at java.base/java.util.ArrayList.forEach(ArrayList.java:1511)
... Removed 28 stack frames]]>
    </failure>
  </testcase> <!-- Testcase_RowCount_validation -->
  <testcase classname="testcases.RAW_DATAMART_CURATED.SnowFlake_RowCount_Master" name="Testcase_RowCount_validation" time="1.349"/>
  <testcase classname="testcases.RAW_DATAMART_CURATED.SnowFlake_RowCount_Master" name="Testcase_RowCount_validation" time="3.479"/>
  <testcase classname="testcases.RAW_DATAMART_CURATED.SnowFlake_RowCount_Master" name="Testcase_RowCount_validation" time="2.456"/>
  <testcase classname="testcases.RAW_DATAMART_CURATED.SnowFlake_RowCount_Master" name="Testcase_RowCount_validation" time="1.65"/>
  <testcase classname="testcases.RAW_DATAMART_CURATED.SnowFlake_RowCount_Master" name="Testcase_RowCount_validation" time="2.75"/>
  <testcase classname="testcases.RAW_DATAMART_CURATED.SnowFlake_RowCount_Master" name="Testcase_RowCount_validation" time="1.126"/>
  <testcase classname="testcases.RAW_DATAMART_CURATED.SnowFlake_RowCount_Master" name="Testcase_RowCount_validation" time="1.724">
    <failure type="java.lang.AssertionError" message="The following asserts failed:
	null">
      <![CDATA[java.lang.AssertionError: The following asserts failed:
null
at testcases.RAW_DATAMART_CURATED.SnowFlake_RowCount_Master.validate_RowCount_BKP(SnowFlake_RowCount_Master.java:56)
at testcases.RAW_DATAMART_CURATED.SnowFlake_RowCount_Master.Testcase_RowCount_validation(SnowFlake_RowCount_Master.java:25)
at java.base/java.util.ArrayList.forEach(ArrayList.java:1511)
... Removed 28 stack frames]]>
    </failure>
  </testcase> <!-- Testcase_RowCount_validation -->
  <testcase classname="testcases.RAW_DATAMART_CURATED.SnowFlake_RowCount_Master" name="Testcase_RowCount_validation" time="1.142"/>
  <testcase classname="testcases.RAW_DATAMART_CURATED.SnowFlake_RowCount_Master" name="Testcase_RowCount_validation" time="1.107">
    <failure type="java.lang.AssertionError" message="The following asserts failed:
	null">
      <![CDATA[java.lang.AssertionError: The following asserts failed:
null
at testcases.RAW_DATAMART_CURATED.SnowFlake_RowCount_Master.validate_RowCount_BKP(SnowFlake_RowCount_Master.java:56)
at testcases.RAW_DATAMART_CURATED.SnowFlake_RowCount_Master.Testcase_RowCount_validation(SnowFlake_RowCount_Master.java:25)
at java.base/java.util.ArrayList.forEach(ArrayList.java:1511)
... Removed 28 stack frames]]>
    </failure>
  </testcase> <!-- Testcase_RowCount_validation -->
  <testcase classname="testcases.RAW_DATAMART_CURATED.SnowFlake_RowCount_Master" name="Testcase_RowCount_validation" time="2.684"/>
  <testcase classname="testcases.RAW_DATAMART_CURATED.SnowFlake_RowCount_Master" name="Testcase_RowCount_validation" time="3.374"/>
  <testcase classname="testcases.RAW_DATAMART_CURATED.SnowFlake_RowCount_Master" name="Testcase_RowCount_validation" time="1.943">
    <failure type="java.lang.AssertionError" message="The following asserts failed:
	null,
	null">
      <![CDATA[java.lang.AssertionError: The following asserts failed:
null,
null
at testcases.RAW_DATAMART_CURATED.SnowFlake_RowCount_Master.validate_RowCount_BKP(SnowFlake_RowCount_Master.java:56)
at testcases.RAW_DATAMART_CURATED.SnowFlake_RowCount_Master.Testcase_RowCount_validation(SnowFlake_RowCount_Master.java:25)
at java.base/java.util.ArrayList.forEach(ArrayList.java:1511)
... Removed 28 stack frames]]>
    </failure>
  </testcase> <!-- Testcase_RowCount_validation -->
  <testcase classname="testcases.RAW_DATAMART_CURATED.SnowFlake_RowCount_Master" name="Testcase_RowCount_validation" time="1.327">
    <failure type="java.lang.AssertionError" message="The following asserts failed:
	null,
	null">
      <![CDATA[java.lang.AssertionError: The following asserts failed:
null,
null
at testcases.RAW_DATAMART_CURATED.SnowFlake_RowCount_Master.validate_RowCount_BKP(SnowFlake_RowCount_Master.java:56)
at testcases.RAW_DATAMART_CURATED.SnowFlake_RowCount_Master.Testcase_RowCount_validation(SnowFlake_RowCount_Master.java:25)
at java.base/java.util.ArrayList.forEach(ArrayList.java:1511)
... Removed 28 stack frames]]>
    </failure>
  </testcase> <!-- Testcase_RowCount_validation -->
  <testcase classname="testcases.RAW_DATAMART_CURATED.SnowFlake_RowCount_Master" name="Testcase_RowCount_validation" time="1.318">
    <failure type="java.lang.AssertionError" message="The following asserts failed:
	null,
	null">
      <![CDATA[java.lang.AssertionError: The following asserts failed:
null,
null
at testcases.RAW_DATAMART_CURATED.SnowFlake_RowCount_Master.validate_RowCount_BKP(SnowFlake_RowCount_Master.java:56)
at testcases.RAW_DATAMART_CURATED.SnowFlake_RowCount_Master.Testcase_RowCount_validation(SnowFlake_RowCount_Master.java:25)
at java.base/java.util.ArrayList.forEach(ArrayList.java:1511)
... Removed 28 stack frames]]>
    </failure>
  </testcase> <!-- Testcase_RowCount_validation -->
  <testcase classname="testcases.RAW_DATAMART_CURATED.SnowFlake_RowCount_Master" name="Testcase_RowCount_validation" time="1.859"/>
  <testcase classname="testcases.RAW_DATAMART_CURATED.SnowFlake_RowCount_Master" name="Testcase_RowCount_validation" time="1.74"/>
  <testcase classname="testcases.RAW_DATAMART_CURATED.SnowFlake_RowCount_Master" name="Testcase_RowCount_validation" time="1.121">
    <failure type="java.lang.AssertionError" message="The following asserts failed:
	null">
      <![CDATA[java.lang.AssertionError: The following asserts failed:
null
at testcases.RAW_DATAMART_CURATED.SnowFlake_RowCount_Master.validate_RowCount_BKP(SnowFlake_RowCount_Master.java:56)
at testcases.RAW_DATAMART_CURATED.SnowFlake_RowCount_Master.Testcase_RowCount_validation(SnowFlake_RowCount_Master.java:25)
at java.base/java.util.ArrayList.forEach(ArrayList.java:1511)
... Removed 28 stack frames]]>
    </failure>
  </testcase> <!-- Testcase_RowCount_validation -->
  <testcase classname="testcases.RAW_DATAMART_CURATED.SnowFlake_RowCount_Master" name="Testcase_RowCount_validation" time="9.107">
    <failure type="java.lang.AssertionError" message="The following asserts failed:
	null">
      <![CDATA[java.lang.AssertionError: The following asserts failed:
null
at testcases.RAW_DATAMART_CURATED.SnowFlake_RowCount_Master.validate_RowCount_BKP(SnowFlake_RowCount_Master.java:56)
at testcases.RAW_DATAMART_CURATED.SnowFlake_RowCount_Master.Testcase_RowCount_validation(SnowFlake_RowCount_Master.java:25)
at java.base/java.util.ArrayList.forEach(ArrayList.java:1511)
... Removed 28 stack frames]]>
    </failure>
  </testcase> <!-- Testcase_RowCount_validation -->
  <testcase classname="testcases.RAW_DATAMART_CURATED.SnowFlake_RowCount_Master" name="Testcase_RowCount_validation" time="1.336">
    <failure type="java.lang.AssertionError" message="The following asserts failed:
	null">
      <![CDATA[java.lang.AssertionError: The following asserts failed:
null
at testcases.RAW_DATAMART_CURATED.SnowFlake_RowCount_Master.validate_RowCount_BKP(SnowFlake_RowCount_Master.java:56)
at testcases.RAW_DATAMART_CURATED.SnowFlake_RowCount_Master.Testcase_RowCount_validation(SnowFlake_RowCount_Master.java:25)
at java.base/java.util.ArrayList.forEach(ArrayList.java:1511)
... Removed 28 stack frames]]>
    </failure>
  </testcase> <!-- Testcase_RowCount_validation -->
  <testcase classname="testcases.RAW_DATAMART_CURATED.SnowFlake_RowCount_Master" name="Testcase_RowCount_validation" time="1.428">
    <failure type="java.lang.AssertionError" message="The following asserts failed:
	null">
      <![CDATA[java.lang.AssertionError: The following asserts failed:
null
at testcases.RAW_DATAMART_CURATED.SnowFlake_RowCount_Master.validate_RowCount_BKP(SnowFlake_RowCount_Master.java:56)
at testcases.RAW_DATAMART_CURATED.SnowFlake_RowCount_Master.Testcase_RowCount_validation(SnowFlake_RowCount_Master.java:25)
at java.base/java.util.ArrayList.forEach(ArrayList.java:1511)
... Removed 28 stack frames]]>
    </failure>
  </testcase> <!-- Testcase_RowCount_validation -->
  <testcase classname="testcases.RAW_DATAMART_CURATED.SnowFlake_RowCount_Master" name="Testcase_RowCount_validation" time="2.259">
    <failure type="java.lang.AssertionError" message="The following asserts failed:
	null">
      <![CDATA[java.lang.AssertionError: The following asserts failed:
null
at testcases.RAW_DATAMART_CURATED.SnowFlake_RowCount_Master.validate_RowCount_BKP(SnowFlake_RowCount_Master.java:56)
at testcases.RAW_DATAMART_CURATED.SnowFlake_RowCount_Master.Testcase_RowCount_validation(SnowFlake_RowCount_Master.java:25)
at java.base/java.util.ArrayList.forEach(ArrayList.java:1511)
... Removed 28 stack frames]]>
    </failure>
  </testcase> <!-- Testcase_RowCount_validation -->
  <testcase classname="testcases.RAW_DATAMART_CURATED.SnowFlake_RowCount_Master" name="Testcase_RowCount_validation" time="2.557">
    <failure type="java.lang.AssertionError" message="The following asserts failed:
	null">
      <![CDATA[java.lang.AssertionError: The following asserts failed:
null
at testcases.RAW_DATAMART_CURATED.SnowFlake_RowCount_Master.validate_RowCount_BKP(SnowFlake_RowCount_Master.java:56)
at testcases.RAW_DATAMART_CURATED.SnowFlake_RowCount_Master.Testcase_RowCount_validation(SnowFlake_RowCount_Master.java:25)
at java.base/java.util.ArrayList.forEach(ArrayList.java:1511)
... Removed 28 stack frames]]>
    </failure>
  </testcase> <!-- Testcase_RowCount_validation -->
  <testcase classname="testcases.RAW_DATAMART_CURATED.SnowFlake_RowCount_Master" name="Testcase_RowCount_validation" time="1.842">
    <failure type="java.lang.AssertionError" message="The following asserts failed:
	null">
      <![CDATA[java.lang.AssertionError: The following asserts failed:
null
at testcases.RAW_DATAMART_CURATED.SnowFlake_RowCount_Master.validate_RowCount_BKP(SnowFlake_RowCount_Master.java:56)
at testcases.RAW_DATAMART_CURATED.SnowFlake_RowCount_Master.Testcase_RowCount_validation(SnowFlake_RowCount_Master.java:25)
at java.base/java.util.ArrayList.forEach(ArrayList.java:1511)
... Removed 28 stack frames]]>
    </failure>
  </testcase> <!-- Testcase_RowCount_validation -->
  <testcase classname="testcases.RAW_DATAMART_CURATED.SnowFlake_RowCount_Master" name="Testcase_RowCount_validation" time="1.348">
    <failure type="java.lang.AssertionError" message="The following asserts failed:
	null">
      <![CDATA[java.lang.AssertionError: The following asserts failed:
null
at testcases.RAW_DATAMART_CURATED.SnowFlake_RowCount_Master.validate_RowCount_BKP(SnowFlake_RowCount_Master.java:56)
at testcases.RAW_DATAMART_CURATED.SnowFlake_RowCount_Master.Testcase_RowCount_validation(SnowFlake_RowCount_Master.java:25)
at java.base/java.util.ArrayList.forEach(ArrayList.java:1511)
... Removed 28 stack frames]]>
    </failure>
  </testcase> <!-- Testcase_RowCount_validation -->
  <testcase classname="testcases.RAW_DATAMART_CURATED.SnowFlake_RowCount_Master" name="Testcase_RowCount_validation" time="1.356">
    <failure type="java.lang.AssertionError" message="The following asserts failed:
	null">
      <![CDATA[java.lang.AssertionError: The following asserts failed:
null
at testcases.RAW_DATAMART_CURATED.SnowFlake_RowCount_Master.validate_RowCount_BKP(SnowFlake_RowCount_Master.java:56)
at testcases.RAW_DATAMART_CURATED.SnowFlake_RowCount_Master.Testcase_RowCount_validation(SnowFlake_RowCount_Master.java:25)
at java.base/java.util.ArrayList.forEach(ArrayList.java:1511)
... Removed 28 stack frames]]>
    </failure>
  </testcase> <!-- Testcase_RowCount_validation -->
  <testcase classname="testcases.RAW_DATAMART_CURATED.SnowFlake_RowCount_Master" name="Testcase_RowCount_validation" time="1.387">
    <failure type="java.lang.AssertionError" message="The following asserts failed:
	null,
	null">
      <![CDATA[java.lang.AssertionError: The following asserts failed:
null,
null
at testcases.RAW_DATAMART_CURATED.SnowFlake_RowCount_Master.validate_RowCount_BKP(SnowFlake_RowCount_Master.java:56)
at testcases.RAW_DATAMART_CURATED.SnowFlake_RowCount_Master.Testcase_RowCount_validation(SnowFlake_RowCount_Master.java:25)
at java.base/java.util.ArrayList.forEach(ArrayList.java:1511)
... Removed 28 stack frames]]>
    </failure>
  </testcase> <!-- Testcase_RowCount_validation -->
  <testcase classname="testcases.RAW_DATAMART_CURATED.SnowFlake_RowCount_Master" name="Testcase_RowCount_validation" time="1.225">
    <failure type="java.lang.AssertionError" message="The following asserts failed:
	null">
      <![CDATA[java.lang.AssertionError: The following asserts failed:
null
at testcases.RAW_DATAMART_CURATED.SnowFlake_RowCount_Master.validate_RowCount_BKP(SnowFlake_RowCount_Master.java:56)
at testcases.RAW_DATAMART_CURATED.SnowFlake_RowCount_Master.Testcase_RowCount_validation(SnowFlake_RowCount_Master.java:25)
at java.base/java.util.ArrayList.forEach(ArrayList.java:1511)
... Removed 28 stack frames]]>
    </failure>
  </testcase> <!-- Testcase_RowCount_validation -->
  <testcase classname="testcases.RAW_DATAMART_CURATED.SnowFlake_RowCount_Master" name="Testcase_RowCount_validation" time="1.039">
    <failure type="java.lang.AssertionError" message="The following asserts failed:
	null">
      <![CDATA[java.lang.AssertionError: The following asserts failed:
null
at testcases.RAW_DATAMART_CURATED.SnowFlake_RowCount_Master.validate_RowCount_BKP(SnowFlake_RowCount_Master.java:56)
at testcases.RAW_DATAMART_CURATED.SnowFlake_RowCount_Master.Testcase_RowCount_validation(SnowFlake_RowCount_Master.java:25)
at java.base/java.util.ArrayList.forEach(ArrayList.java:1511)
... Removed 28 stack frames]]>
    </failure>
  </testcase> <!-- Testcase_RowCount_validation -->
  <testcase classname="testcases.RAW_DATAMART_CURATED.SnowFlake_RowCount_Master" name="Testcase_RowCount_validation" time="1.08">
    <failure type="java.lang.AssertionError" message="The following asserts failed:
	null,
	null">
      <![CDATA[java.lang.AssertionError: The following asserts failed:
null,
null
at testcases.RAW_DATAMART_CURATED.SnowFlake_RowCount_Master.validate_RowCount_BKP(SnowFlake_RowCount_Master.java:56)
at testcases.RAW_DATAMART_CURATED.SnowFlake_RowCount_Master.Testcase_RowCount_validation(SnowFlake_RowCount_Master.java:25)
at java.base/java.util.ArrayList.forEach(ArrayList.java:1511)
... Removed 28 stack frames]]>
    </failure>
  </testcase> <!-- Testcase_RowCount_validation -->
  <testcase classname="testcases.RAW_DATAMART_CURATED.SnowFlake_RowCount_Master" name="Testcase_RowCount_validation" time="1.466">
    <failure type="java.lang.AssertionError" message="The following asserts failed:
	null,
	null">
      <![CDATA[java.lang.AssertionError: The following asserts failed:
null,
null
at testcases.RAW_DATAMART_CURATED.SnowFlake_RowCount_Master.validate_RowCount_BKP(SnowFlake_RowCount_Master.java:56)
at testcases.RAW_DATAMART_CURATED.SnowFlake_RowCount_Master.Testcase_RowCount_validation(SnowFlake_RowCount_Master.java:25)
at java.base/java.util.ArrayList.forEach(ArrayList.java:1511)
... Removed 28 stack frames]]>
    </failure>
  </testcase> <!-- Testcase_RowCount_validation -->
  <testcase classname="testcases.RAW_DATAMART_CURATED.SnowFlake_RowCount_Master" name="Testcase_RowCount_validation" time="1.325">
    <failure type="java.lang.AssertionError" message="The following asserts failed:
	null,
	null,
	null">
      <![CDATA[java.lang.AssertionError: The following asserts failed:
null,
null,
null
at testcases.RAW_DATAMART_CURATED.SnowFlake_RowCount_Master.validate_RowCount_BKP(SnowFlake_RowCount_Master.java:56)
at testcases.RAW_DATAMART_CURATED.SnowFlake_RowCount_Master.Testcase_RowCount_validation(SnowFlake_RowCount_Master.java:25)
at java.base/java.util.ArrayList.forEach(ArrayList.java:1511)
... Removed 28 stack frames]]>
    </failure>
  </testcase> <!-- Testcase_RowCount_validation -->
  <testcase classname="testcases.RAW_DATAMART_CURATED.SnowFlake_RowCount_Master" name="Testcase_RowCount_validation" time="2.451">
    <failure type="java.lang.AssertionError" message="The following asserts failed:
	null">
      <![CDATA[java.lang.AssertionError: The following asserts failed:
null
at testcases.RAW_DATAMART_CURATED.SnowFlake_RowCount_Master.validate_RowCount_BKP(SnowFlake_RowCount_Master.java:56)
at testcases.RAW_DATAMART_CURATED.SnowFlake_RowCount_Master.Testcase_RowCount_validation(SnowFlake_RowCount_Master.java:25)
at java.base/java.util.ArrayList.forEach(ArrayList.java:1511)
... Removed 28 stack frames]]>
    </failure>
  </testcase> <!-- Testcase_RowCount_validation -->
  <testcase classname="testcases.RAW_DATAMART_CURATED.SnowFlake_RowCount_Master" name="Testcase_RowCount_validation" time="2.251">
    <failure type="java.lang.AssertionError" message="The following asserts failed:
	null">
      <![CDATA[java.lang.AssertionError: The following asserts failed:
null
at testcases.RAW_DATAMART_CURATED.SnowFlake_RowCount_Master.validate_RowCount_BKP(SnowFlake_RowCount_Master.java:56)
at testcases.RAW_DATAMART_CURATED.SnowFlake_RowCount_Master.Testcase_RowCount_validation(SnowFlake_RowCount_Master.java:25)
at java.base/java.util.ArrayList.forEach(ArrayList.java:1511)
... Removed 28 stack frames]]>
    </failure>
  </testcase> <!-- Testcase_RowCount_validation -->
  <testcase classname="testcases.RAW_DATAMART_CURATED.SnowFlake_RowCount_Master" name="Testcase_RowCount_validation" time="7.589">
    <failure type="java.lang.AssertionError" message="The following asserts failed:
	null">
      <![CDATA[java.lang.AssertionError: The following asserts failed:
null
at testcases.RAW_DATAMART_CURATED.SnowFlake_RowCount_Master.validate_RowCount_BKP(SnowFlake_RowCount_Master.java:56)
at testcases.RAW_DATAMART_CURATED.SnowFlake_RowCount_Master.Testcase_RowCount_validation(SnowFlake_RowCount_Master.java:25)
at java.base/java.util.ArrayList.forEach(ArrayList.java:1511)
... Removed 28 stack frames]]>
    </failure>
  </testcase> <!-- Testcase_RowCount_validation -->
  <testcase classname="testcases.RAW_DATAMART_CURATED.SnowFlake_RowCount_Master" name="Testcase_RowCount_validation" time="1.233"/>
  <testcase classname="testcases.RAW_DATAMART_CURATED.SnowFlake_RowCount_Master" name="Testcase_RowCount_validation" time="1.022"/>
  <testcase classname="testcases.RAW_DATAMART_CURATED.SnowFlake_RowCount_Master" name="Testcase_RowCount_validation" time="1.133"/>
  <testcase classname="testcases.RAW_DATAMART_CURATED.SnowFlake_RowCount_Master" name="Testcase_RowCount_validation" time="1.134">
    <failure type="java.lang.AssertionError" message="The following asserts failed:
	null">
      <![CDATA[java.lang.AssertionError: The following asserts failed:
null
at testcases.RAW_DATAMART_CURATED.SnowFlake_RowCount_Master.validate_RowCount_BKP(SnowFlake_RowCount_Master.java:56)
at testcases.RAW_DATAMART_CURATED.SnowFlake_RowCount_Master.Testcase_RowCount_validation(SnowFlake_RowCount_Master.java:25)
at java.base/java.util.ArrayList.forEach(ArrayList.java:1511)
... Removed 28 stack frames]]>
    </failure>
  </testcase> <!-- Testcase_RowCount_validation -->
  <testcase classname="testcases.RAW_DATAMART_CURATED.SnowFlake_RowCount_Master" name="Testcase_RowCount_validation" time="1.835"/>
  <testcase classname="testcases.RAW_DATAMART_CURATED.SnowFlake_RowCount_Master" name="Testcase_RowCount_validation" time="3.268"/>
  <testcase classname="testcases.RAW_DATAMART_CURATED.SnowFlake_RowCount_Master" name="Testcase_RowCount_validation" time="5.717">
    <failure type="java.lang.AssertionError" message="The following asserts failed:
	null">
      <![CDATA[java.lang.AssertionError: The following asserts failed:
null
at testcases.RAW_DATAMART_CURATED.SnowFlake_RowCount_Master.validate_RowCount_BKP(SnowFlake_RowCount_Master.java:56)
at testcases.RAW_DATAMART_CURATED.SnowFlake_RowCount_Master.Testcase_RowCount_validation(SnowFlake_RowCount_Master.java:25)
at java.base/java.util.ArrayList.forEach(ArrayList.java:1511)
... Removed 28 stack frames]]>
    </failure>
  </testcase> <!-- Testcase_RowCount_validation -->
  <testcase classname="testcases.RAW_DATAMART_CURATED.SnowFlake_RowCount_Master" name="Testcase_RowCount_validation" time="1.252"/>
  <testcase classname="testcases.RAW_DATAMART_CURATED.SnowFlake_RowCount_Master" name="Testcase_RowCount_validation" time="1.006">
    <failure type="java.lang.AssertionError" message="The following asserts failed:
	null">
      <![CDATA[java.lang.AssertionError: The following asserts failed:
null
at testcases.RAW_DATAMART_CURATED.SnowFlake_RowCount_Master.validate_RowCount_BKP(SnowFlake_RowCount_Master.java:56)
at testcases.RAW_DATAMART_CURATED.SnowFlake_RowCount_Master.Testcase_RowCount_validation(SnowFlake_RowCount_Master.java:25)
at java.base/java.util.ArrayList.forEach(ArrayList.java:1511)
... Removed 28 stack frames]]>
    </failure>
  </testcase> <!-- Testcase_RowCount_validation -->
  <testcase classname="testcases.RAW_DATAMART_CURATED.SnowFlake_RowCount_Master" name="Testcase_RowCount_validation" time="1.144"/>
  <testcase classname="testcases.RAW_DATAMART_CURATED.SnowFlake_RowCount_Master" name="Testcase_RowCount_validation" time="1.366"/>
  <testcase classname="testcases.RAW_DATAMART_CURATED.SnowFlake_RowCount_Master" name="Testcase_RowCount_validation" time="1.373">
    <failure type="java.lang.AssertionError" message="The following asserts failed:
	null,
	null">
      <![CDATA[java.lang.AssertionError: The following asserts failed:
null,
null
at testcases.RAW_DATAMART_CURATED.SnowFlake_RowCount_Master.validate_RowCount_BKP(SnowFlake_RowCount_Master.java:56)
at testcases.RAW_DATAMART_CURATED.SnowFlake_RowCount_Master.Testcase_RowCount_validation(SnowFlake_RowCount_Master.java:25)
at java.base/java.util.ArrayList.forEach(ArrayList.java:1511)
... Removed 28 stack frames]]>
    </failure>
  </testcase> <!-- Testcase_RowCount_validation -->
  <testcase classname="testcases.RAW_DATAMART_CURATED.SnowFlake_RowCount_Master" name="Testcase_RowCount_validation" time="1.122">
    <failure type="java.lang.AssertionError" message="The following asserts failed:
	null">
      <![CDATA[java.lang.AssertionError: The following asserts failed:
null
at testcases.RAW_DATAMART_CURATED.SnowFlake_RowCount_Master.validate_RowCount_BKP(SnowFlake_RowCount_Master.java:56)
at testcases.RAW_DATAMART_CURATED.SnowFlake_RowCount_Master.Testcase_RowCount_validation(SnowFlake_RowCount_Master.java:25)
at java.base/java.util.ArrayList.forEach(ArrayList.java:1511)
... Removed 28 stack frames]]>
    </failure>
  </testcase> <!-- Testcase_RowCount_validation -->
  <testcase classname="testcases.RAW_DATAMART_CURATED.SnowFlake_RowCount_Master" name="Testcase_RowCount_validation" time="0.961">
    <failure type="java.lang.AssertionError" message="The following asserts failed:
	null,
	null">
      <![CDATA[java.lang.AssertionError: The following asserts failed:
null,
null
at testcases.RAW_DATAMART_CURATED.SnowFlake_RowCount_Master.validate_RowCount_BKP(SnowFlake_RowCount_Master.java:56)
at testcases.RAW_DATAMART_CURATED.SnowFlake_RowCount_Master.Testcase_RowCount_validation(SnowFlake_RowCount_Master.java:25)
at java.base/java.util.ArrayList.forEach(ArrayList.java:1511)
... Removed 28 stack frames]]>
    </failure>
  </testcase> <!-- Testcase_RowCount_validation -->
  <testcase classname="testcases.RAW_DATAMART_CURATED.SnowFlake_RowCount_Master" name="Testcase_RowCount_validation" time="1.114"/>
  <testcase classname="testcases.RAW_DATAMART_CURATED.SnowFlake_RowCount_Master" name="Testcase_RowCount_validation" time="1.197">
    <failure type="java.lang.AssertionError" message="The following asserts failed:
	null">
      <![CDATA[java.lang.AssertionError: The following asserts failed:
null
at testcases.RAW_DATAMART_CURATED.SnowFlake_RowCount_Master.validate_RowCount_BKP(SnowFlake_RowCount_Master.java:56)
at testcases.RAW_DATAMART_CURATED.SnowFlake_RowCount_Master.Testcase_RowCount_validation(SnowFlake_RowCount_Master.java:25)
at java.base/java.util.ArrayList.forEach(ArrayList.java:1511)
... Removed 28 stack frames]]>
    </failure>
  </testcase> <!-- Testcase_RowCount_validation -->
  <testcase classname="testcases.RAW_DATAMART_CURATED.SnowFlake_RowCount_Master" name="Testcase_RowCount_validation" time="1.547">
    <failure type="java.lang.AssertionError" message="The following asserts failed:
	null">
      <![CDATA[java.lang.AssertionError: The following asserts failed:
null
at testcases.RAW_DATAMART_CURATED.SnowFlake_RowCount_Master.validate_RowCount_BKP(SnowFlake_RowCount_Master.java:56)
at testcases.RAW_DATAMART_CURATED.SnowFlake_RowCount_Master.Testcase_RowCount_validation(SnowFlake_RowCount_Master.java:25)
at java.base/java.util.ArrayList.forEach(ArrayList.java:1511)
... Removed 28 stack frames]]>
    </failure>
  </testcase> <!-- Testcase_RowCount_validation -->
  <testcase classname="testcases.RAW_DATAMART_CURATED.SnowFlake_RowCount_Master" name="Testcase_RowCount_validation" time="1.44"/>
  <testcase classname="testcases.RAW_DATAMART_CURATED.SnowFlake_RowCount_Master" name="Testcase_RowCount_validation" time="2.56"/>
  <testcase classname="testcases.RAW_DATAMART_CURATED.SnowFlake_RowCount_Master" name="Testcase_RowCount_validation" time="1.328"/>
  <testcase classname="testcases.RAW_DATAMART_CURATED.SnowFlake_RowCount_Master" name="Testcase_RowCount_validation" time="1.44"/>
  <testcase classname="testcases.RAW_DATAMART_CURATED.SnowFlake_RowCount_Master" name="Testcase_RowCount_validation" time="1.74"/>
  <testcase classname="testcases.RAW_DATAMART_CURATED.SnowFlake_RowCount_Master" name="Testcase_RowCount_validation" time="2.288"/>
  <testcase classname="testcases.RAW_DATAMART_CURATED.SnowFlake_RowCount_Master" name="Testcase_RowCount_validation" time="1.622"/>
  <testcase classname="testcases.RAW_DATAMART_CURATED.SnowFlake_RowCount_Master" name="Testcase_RowCount_validation" time="1.352"/>
  <testcase classname="testcases.RAW_DATAMART_CURATED.SnowFlake_RowCount_Master" name="Testcase_RowCount_validation" time="1.169">
    <failure type="java.lang.AssertionError" message="The following asserts failed:
	null">
      <![CDATA[java.lang.AssertionError: The following asserts failed:
null
at testcases.RAW_DATAMART_CURATED.SnowFlake_RowCount_Master.validate_RowCount_BKP(SnowFlake_RowCount_Master.java:56)
at testcases.RAW_DATAMART_CURATED.SnowFlake_RowCount_Master.Testcase_RowCount_validation(SnowFlake_RowCount_Master.java:25)
at java.base/java.util.ArrayList.forEach(ArrayList.java:1511)
... Removed 28 stack frames]]>
    </failure>
  </testcase> <!-- Testcase_RowCount_validation -->
  <testcase classname="testcases.RAW_DATAMART_CURATED.SnowFlake_RowCount_Master" name="Testcase_RowCount_validation" time="1.133"/>
  <testcase classname="testcases.RAW_DATAMART_CURATED.SnowFlake_RowCount_Master" name="Testcase_RowCount_validation" time="1.152"/>
  <testcase classname="testcases.RAW_DATAMART_CURATED.SnowFlake_RowCount_Master" name="Testcase_RowCount_validation" time="1.19">
    <failure type="java.lang.AssertionError" message="The following asserts failed:
	null,
	null">
      <![CDATA[java.lang.AssertionError: The following asserts failed:
null,
null
at testcases.RAW_DATAMART_CURATED.SnowFlake_RowCount_Master.validate_RowCount_BKP(SnowFlake_RowCount_Master.java:56)
at testcases.RAW_DATAMART_CURATED.SnowFlake_RowCount_Master.Testcase_RowCount_validation(SnowFlake_RowCount_Master.java:25)
at java.base/java.util.ArrayList.forEach(ArrayList.java:1511)
... Removed 28 stack frames]]>
    </failure>
  </testcase> <!-- Testcase_RowCount_validation -->
  <testcase classname="testcases.RAW_DATAMART_CURATED.SnowFlake_RowCount_Master" name="Testcase_RowCount_validation" time="1.337">
    <failure type="java.lang.AssertionError" message="The following asserts failed:
	null,
	null">
      <![CDATA[java.lang.AssertionError: The following asserts failed:
null,
null
at testcases.RAW_DATAMART_CURATED.SnowFlake_RowCount_Master.validate_RowCount_BKP(SnowFlake_RowCount_Master.java:56)
at testcases.RAW_DATAMART_CURATED.SnowFlake_RowCount_Master.Testcase_RowCount_validation(SnowFlake_RowCount_Master.java:25)
at java.base/java.util.ArrayList.forEach(ArrayList.java:1511)
... Removed 28 stack frames]]>
    </failure>
  </testcase> <!-- Testcase_RowCount_validation -->
  <testcase classname="testcases.RAW_DATAMART_CURATED.SnowFlake_RowCount_Master" name="Testcase_RowCount_validation" time="1.117">
    <failure type="java.lang.AssertionError" message="The following asserts failed:
	null,
	null">
      <![CDATA[java.lang.AssertionError: The following asserts failed:
null,
null
at testcases.RAW_DATAMART_CURATED.SnowFlake_RowCount_Master.validate_RowCount_BKP(SnowFlake_RowCount_Master.java:56)
at testcases.RAW_DATAMART_CURATED.SnowFlake_RowCount_Master.Testcase_RowCount_validation(SnowFlake_RowCount_Master.java:25)
at java.base/java.util.ArrayList.forEach(ArrayList.java:1511)
... Removed 28 stack frames]]>
    </failure>
  </testcase> <!-- Testcase_RowCount_validation -->
  <testcase classname="testcases.RAW_DATAMART_CURATED.SnowFlake_RowCount_Master" name="Testcase_RowCount_validation" time="1.041"/>
  <testcase classname="testcases.RAW_DATAMART_CURATED.SnowFlake_RowCount_Master" name="Testcase_RowCount_validation" time="1.538"/>
  <testcase classname="testcases.RAW_DATAMART_CURATED.SnowFlake_RowCount_Master" name="Testcase_RowCount_validation" time="1.442"/>
  <testcase classname="testcases.RAW_DATAMART_CURATED.SnowFlake_RowCount_Master" name="Testcase_RowCount_validation" time="1.743"/>
  <testcase classname="testcases.RAW_DATAMART_CURATED.SnowFlake_RowCount_Master" name="Testcase_RowCount_validation" time="1.626"/>
  <testcase classname="testcases.RAW_DATAMART_CURATED.SnowFlake_RowCount_Master" name="Testcase_RowCount_validation" time="1.337"/>
  <testcase classname="testcases.RAW_DATAMART_CURATED.SnowFlake_RowCount_Master" name="Testcase_RowCount_validation" time="1.228"/>
  <testcase classname="testcases.RAW_DATAMART_CURATED.SnowFlake_RowCount_Master" name="Testcase_RowCount_validation" time="1.235"/>
  <testcase classname="testcases.RAW_DATAMART_CURATED.SnowFlake_RowCount_Master" name="Testcase_RowCount_validation" time="0.959"/>
  <testcase classname="testcases.RAW_DATAMART_CURATED.SnowFlake_RowCount_Master" name="Testcase_RowCount_validation" time="1.321"/>
  <testcase classname="testcases.RAW_DATAMART_CURATED.SnowFlake_RowCount_Master" name="Testcase_RowCount_validation" time="1.554"/>
  <testcase classname="testcases.RAW_DATAMART_CURATED.SnowFlake_RowCount_Master" name="Testcase_RowCount_validation" time="1.072">
    <failure type="java.lang.AssertionError" message="The following asserts failed:
	null">
      <![CDATA[java.lang.AssertionError: The following asserts failed:
null
at testcases.RAW_DATAMART_CURATED.SnowFlake_RowCount_Master.validate_RowCount_BKP(SnowFlake_RowCount_Master.java:56)
at testcases.RAW_DATAMART_CURATED.SnowFlake_RowCount_Master.Testcase_RowCount_validation(SnowFlake_RowCount_Master.java:25)
at java.base/java.util.ArrayList.forEach(ArrayList.java:1511)
... Removed 28 stack frames]]>
    </failure>
  </testcase> <!-- Testcase_RowCount_validation -->
  <testcase classname="testcases.RAW_DATAMART_CURATED.SnowFlake_RowCount_Master" name="Testcase_RowCount_validation" time="1.129"/>
  <testcase classname="testcases.RAW_DATAMART_CURATED.SnowFlake_RowCount_Master" name="Testcase_RowCount_validation" time="1.637"/>
  <testcase classname="testcases.RAW_DATAMART_CURATED.SnowFlake_RowCount_Master" name="Testcase_RowCount_validation" time="1.711">
    <failure type="java.lang.AssertionError" message="The following asserts failed:
	null">
      <![CDATA[java.lang.AssertionError: The following asserts failed:
null
at testcases.RAW_DATAMART_CURATED.SnowFlake_RowCount_Master.validate_RowCount_BKP(SnowFlake_RowCount_Master.java:56)
at testcases.RAW_DATAMART_CURATED.SnowFlake_RowCount_Master.Testcase_RowCount_validation(SnowFlake_RowCount_Master.java:25)
at java.base/java.util.ArrayList.forEach(ArrayList.java:1511)
... Removed 28 stack frames]]>
    </failure>
  </testcase> <!-- Testcase_RowCount_validation -->
  <testcase classname="testcases.RAW_DATAMART_CURATED.SnowFlake_RowCount_Master" name="Testcase_RowCount_validation" time="1.738">
    <failure type="java.lang.AssertionError" message="The following asserts failed:
	null">
      <![CDATA[java.lang.AssertionError: The following asserts failed:
null
at testcases.RAW_DATAMART_CURATED.SnowFlake_RowCount_Master.validate_RowCount_BKP(SnowFlake_RowCount_Master.java:56)
at testcases.RAW_DATAMART_CURATED.SnowFlake_RowCount_Master.Testcase_RowCount_validation(SnowFlake_RowCount_Master.java:25)
at java.base/java.util.ArrayList.forEach(ArrayList.java:1511)
... Removed 28 stack frames]]>
    </failure>
  </testcase> <!-- Testcase_RowCount_validation -->
  <testcase classname="testcases.RAW_DATAMART_CURATED.SnowFlake_RowCount_Master" name="Testcase_RowCount_validation" time="1.133">
    <failure type="java.lang.AssertionError" message="The following asserts failed:
	null,
	null">
      <![CDATA[java.lang.AssertionError: The following asserts failed:
null,
null
at testcases.RAW_DATAMART_CURATED.SnowFlake_RowCount_Master.validate_RowCount_BKP(SnowFlake_RowCount_Master.java:56)
at testcases.RAW_DATAMART_CURATED.SnowFlake_RowCount_Master.Testcase_RowCount_validation(SnowFlake_RowCount_Master.java:25)
at java.base/java.util.ArrayList.forEach(ArrayList.java:1511)
... Removed 28 stack frames]]>
    </failure>
  </testcase> <!-- Testcase_RowCount_validation -->
  <testcase classname="testcases.RAW_DATAMART_CURATED.SnowFlake_RowCount_Master" name="Testcase_RowCount_validation" time="1.563"/>
  <testcase classname="testcases.RAW_DATAMART_CURATED.SnowFlake_RowCount_Master" name="Testcase_RowCount_validation" time="1.714">
    <failure type="java.lang.AssertionError" message="The following asserts failed:
	null">
      <![CDATA[java.lang.AssertionError: The following asserts failed:
null
at testcases.RAW_DATAMART_CURATED.SnowFlake_RowCount_Master.validate_RowCount_BKP(SnowFlake_RowCount_Master.java:56)
at testcases.RAW_DATAMART_CURATED.SnowFlake_RowCount_Master.Testcase_RowCount_validation(SnowFlake_RowCount_Master.java:25)
at java.base/java.util.ArrayList.forEach(ArrayList.java:1511)
... Removed 28 stack frames]]>
    </failure>
  </testcase> <!-- Testcase_RowCount_validation -->
  <testcase classname="testcases.RAW_DATAMART_CURATED.SnowFlake_RowCount_Master" name="Testcase_RowCount_validation" time="1.527">
    <failure type="java.lang.AssertionError" message="The following asserts failed:
	null">
      <![CDATA[java.lang.AssertionError: The following asserts failed:
null
at testcases.RAW_DATAMART_CURATED.SnowFlake_RowCount_Master.validate_RowCount_BKP(SnowFlake_RowCount_Master.java:56)
at testcases.RAW_DATAMART_CURATED.SnowFlake_RowCount_Master.Testcase_RowCount_validation(SnowFlake_RowCount_Master.java:25)
at java.base/java.util.ArrayList.forEach(ArrayList.java:1511)
... Removed 28 stack frames]]>
    </failure>
  </testcase> <!-- Testcase_RowCount_validation -->
  <testcase classname="testcases.RAW_DATAMART_CURATED.SnowFlake_RowCount_Master" name="Testcase_RowCount_validation" time="1.236">
    <failure type="java.lang.AssertionError" message="The following asserts failed:
	null">
      <![CDATA[java.lang.AssertionError: The following asserts failed:
null
at testcases.RAW_DATAMART_CURATED.SnowFlake_RowCount_Master.validate_RowCount_BKP(SnowFlake_RowCount_Master.java:56)
at testcases.RAW_DATAMART_CURATED.SnowFlake_RowCount_Master.Testcase_RowCount_validation(SnowFlake_RowCount_Master.java:25)
at java.base/java.util.ArrayList.forEach(ArrayList.java:1511)
... Removed 28 stack frames]]>
    </failure>
  </testcase> <!-- Testcase_RowCount_validation -->
  <testcase classname="testcases.RAW_DATAMART_CURATED.SnowFlake_RowCount_Master" name="Testcase_RowCount_validation" time="1.221">
    <failure type="java.lang.AssertionError" message="The following asserts failed:
	null">
      <![CDATA[java.lang.AssertionError: The following asserts failed:
null
at testcases.RAW_DATAMART_CURATED.SnowFlake_RowCount_Master.validate_RowCount_BKP(SnowFlake_RowCount_Master.java:56)
at testcases.RAW_DATAMART_CURATED.SnowFlake_RowCount_Master.Testcase_RowCount_validation(SnowFlake_RowCount_Master.java:25)
at java.base/java.util.ArrayList.forEach(ArrayList.java:1511)
... Removed 28 stack frames]]>
    </failure>
  </testcase> <!-- Testcase_RowCount_validation -->
  <testcase classname="testcases.RAW_DATAMART_CURATED.SnowFlake_RowCount_Master" name="Testcase_RowCount_validation" time="1.233">
    <failure type="java.lang.AssertionError" message="The following asserts failed:
	null">
      <![CDATA[java.lang.AssertionError: The following asserts failed:
null
at testcases.RAW_DATAMART_CURATED.SnowFlake_RowCount_Master.validate_RowCount_BKP(SnowFlake_RowCount_Master.java:56)
at testcases.RAW_DATAMART_CURATED.SnowFlake_RowCount_Master.Testcase_RowCount_validation(SnowFlake_RowCount_Master.java:25)
at java.base/java.util.ArrayList.forEach(ArrayList.java:1511)
... Removed 28 stack frames]]>
    </failure>
  </testcase> <!-- Testcase_RowCount_validation -->
  <testcase classname="testcases.RAW_DATAMART_CURATED.SnowFlake_RowCount_Master" name="Testcase_RowCount_validation" time="1.029">
    <failure type="java.lang.AssertionError" message="The following asserts failed:
	null">
      <![CDATA[java.lang.AssertionError: The following asserts failed:
null
at testcases.RAW_DATAMART_CURATED.SnowFlake_RowCount_Master.validate_RowCount_BKP(SnowFlake_RowCount_Master.java:56)
at testcases.RAW_DATAMART_CURATED.SnowFlake_RowCount_Master.Testcase_RowCount_validation(SnowFlake_RowCount_Master.java:25)
at java.base/java.util.ArrayList.forEach(ArrayList.java:1511)
... Removed 28 stack frames]]>
    </failure>
  </testcase> <!-- Testcase_RowCount_validation -->
  <testcase classname="testcases.RAW_DATAMART_CURATED.SnowFlake_RowCount_Master" name="Testcase_RowCount_validation" time="1.256">
    <failure type="java.lang.AssertionError" message="The following asserts failed:
	null">
      <![CDATA[java.lang.AssertionError: The following asserts failed:
null
at testcases.RAW_DATAMART_CURATED.SnowFlake_RowCount_Master.validate_RowCount_BKP(SnowFlake_RowCount_Master.java:56)
at testcases.RAW_DATAMART_CURATED.SnowFlake_RowCount_Master.Testcase_RowCount_validation(SnowFlake_RowCount_Master.java:25)
at java.base/java.util.ArrayList.forEach(ArrayList.java:1511)
... Removed 28 stack frames]]>
    </failure>
  </testcase> <!-- Testcase_RowCount_validation -->
  <testcase classname="testcases.RAW_DATAMART_CURATED.SnowFlake_RowCount_Master" name="Testcase_RowCount_validation" time="1.305">
    <failure type="java.lang.AssertionError" message="The following asserts failed:
	null">
      <![CDATA[java.lang.AssertionError: The following asserts failed:
null
at testcases.RAW_DATAMART_CURATED.SnowFlake_RowCount_Master.validate_RowCount_BKP(SnowFlake_RowCount_Master.java:56)
at testcases.RAW_DATAMART_CURATED.SnowFlake_RowCount_Master.Testcase_RowCount_validation(SnowFlake_RowCount_Master.java:25)
at java.base/java.util.ArrayList.forEach(ArrayList.java:1511)
... Removed 28 stack frames]]>
    </failure>
  </testcase> <!-- Testcase_RowCount_validation -->
  <testcase classname="testcases.RAW_DATAMART_CURATED.SnowFlake_RowCount_Master" name="Testcase_RowCount_validation" time="1.432">
    <failure type="java.lang.AssertionError" message="The following asserts failed:
	null">
      <![CDATA[java.lang.AssertionError: The following asserts failed:
null
at testcases.RAW_DATAMART_CURATED.SnowFlake_RowCount_Master.validate_RowCount_BKP(SnowFlake_RowCount_Master.java:56)
at testcases.RAW_DATAMART_CURATED.SnowFlake_RowCount_Master.Testcase_RowCount_validation(SnowFlake_RowCount_Master.java:25)
at java.base/java.util.ArrayList.forEach(ArrayList.java:1511)
... Removed 28 stack frames]]>
    </failure>
  </testcase> <!-- Testcase_RowCount_validation -->
  <testcase classname="testcases.RAW_DATAMART_CURATED.SnowFlake_RowCount_Master" name="Testcase_RowCount_validation" time="1.213">
    <failure type="java.lang.AssertionError" message="The following asserts failed:
	null">
      <![CDATA[java.lang.AssertionError: The following asserts failed:
null
at testcases.RAW_DATAMART_CURATED.SnowFlake_RowCount_Master.validate_RowCount_BKP(SnowFlake_RowCount_Master.java:56)
at testcases.RAW_DATAMART_CURATED.SnowFlake_RowCount_Master.Testcase_RowCount_validation(SnowFlake_RowCount_Master.java:25)
at java.base/java.util.ArrayList.forEach(ArrayList.java:1511)
... Removed 28 stack frames]]>
    </failure>
  </testcase> <!-- Testcase_RowCount_validation -->
  <testcase classname="testcases.RAW_DATAMART_CURATED.SnowFlake_RowCount_Master" name="Testcase_RowCount_validation" time="1.536">
    <failure type="java.lang.AssertionError" message="The following asserts failed:
	null,
	null">
      <![CDATA[java.lang.AssertionError: The following asserts failed:
null,
null
at testcases.RAW_DATAMART_CURATED.SnowFlake_RowCount_Master.validate_RowCount_BKP(SnowFlake_RowCount_Master.java:56)
at testcases.RAW_DATAMART_CURATED.SnowFlake_RowCount_Master.Testcase_RowCount_validation(SnowFlake_RowCount_Master.java:25)
at java.base/java.util.ArrayList.forEach(ArrayList.java:1511)
... Removed 28 stack frames]]>
    </failure>
  </testcase> <!-- Testcase_RowCount_validation -->
  <testcase classname="testcases.RAW_DATAMART_CURATED.SnowFlake_RowCount_Master" name="Testcase_RowCount_validation" time="1.239">
    <failure type="java.lang.AssertionError" message="The following asserts failed:
	null">
      <![CDATA[java.lang.AssertionError: The following asserts failed:
null
at testcases.RAW_DATAMART_CURATED.SnowFlake_RowCount_Master.validate_RowCount_BKP(SnowFlake_RowCount_Master.java:56)
at testcases.RAW_DATAMART_CURATED.SnowFlake_RowCount_Master.Testcase_RowCount_validation(SnowFlake_RowCount_Master.java:25)
at java.base/java.util.ArrayList.forEach(ArrayList.java:1511)
... Removed 28 stack frames]]>
    </failure>
  </testcase> <!-- Testcase_RowCount_validation -->
  <testcase classname="testcases.RAW_DATAMART_CURATED.SnowFlake_RowCount_Master" name="Testcase_RowCount_validation" time="2.446">
    <failure type="java.lang.AssertionError" message="The following asserts failed:
	null">
      <![CDATA[java.lang.AssertionError: The following asserts failed:
null
at testcases.RAW_DATAMART_CURATED.SnowFlake_RowCount_Master.validate_RowCount_BKP(SnowFlake_RowCount_Master.java:56)
at testcases.RAW_DATAMART_CURATED.SnowFlake_RowCount_Master.Testcase_RowCount_validation(SnowFlake_RowCount_Master.java:25)
at java.base/java.util.ArrayList.forEach(ArrayList.java:1511)
... Removed 28 stack frames]]>
    </failure>
  </testcase> <!-- Testcase_RowCount_validation -->
  <testcase classname="testcases.RAW_DATAMART_CURATED.SnowFlake_RowCount_Master" name="Testcase_RowCount_validation" time="1.944">
    <failure type="java.lang.AssertionError" message="The following asserts failed:
	null,
	null,
	null">
      <![CDATA[java.lang.AssertionError: The following asserts failed:
null,
null,
null
at testcases.RAW_DATAMART_CURATED.SnowFlake_RowCount_Master.validate_RowCount_BKP(SnowFlake_RowCount_Master.java:56)
at testcases.RAW_DATAMART_CURATED.SnowFlake_RowCount_Master.Testcase_RowCount_validation(SnowFlake_RowCount_Master.java:25)
at java.base/java.util.ArrayList.forEach(ArrayList.java:1511)
... Removed 28 stack frames]]>
    </failure>
  </testcase> <!-- Testcase_RowCount_validation -->
  <testcase classname="testcases.RAW_DATAMART_CURATED.SnowFlake_RowCount_Master" name="Testcase_RowCount_validation" time="1.536">
    <failure type="java.lang.AssertionError" message="The following asserts failed:
	null,
	null,
	null">
      <![CDATA[java.lang.AssertionError: The following asserts failed:
null,
null,
null
at testcases.RAW_DATAMART_CURATED.SnowFlake_RowCount_Master.validate_RowCount_BKP(SnowFlake_RowCount_Master.java:56)
at testcases.RAW_DATAMART_CURATED.SnowFlake_RowCount_Master.Testcase_RowCount_validation(SnowFlake_RowCount_Master.java:25)
at java.base/java.util.ArrayList.forEach(ArrayList.java:1511)
... Removed 28 stack frames]]>
    </failure>
  </testcase> <!-- Testcase_RowCount_validation -->
  <testcase classname="testcases.RAW_DATAMART_CURATED.SnowFlake_RowCount_Master" name="Testcase_RowCount_validation" time="1.124">
    <failure type="java.lang.AssertionError" message="The following asserts failed:
	null,
	null,
	null">
      <![CDATA[java.lang.AssertionError: The following asserts failed:
null,
null,
null
at testcases.RAW_DATAMART_CURATED.SnowFlake_RowCount_Master.validate_RowCount_BKP(SnowFlake_RowCount_Master.java:56)
at testcases.RAW_DATAMART_CURATED.SnowFlake_RowCount_Master.Testcase_RowCount_validation(SnowFlake_RowCount_Master.java:25)
at java.base/java.util.ArrayList.forEach(ArrayList.java:1511)
... Removed 28 stack frames]]>
    </failure>
  </testcase> <!-- Testcase_RowCount_validation -->
  <testcase classname="testcases.RAW_DATAMART_CURATED.SnowFlake_RowCount_Master" name="Testcase_RowCount_validation" time="2.978">
    <failure type="java.lang.AssertionError" message="The following asserts failed:
	null">
      <![CDATA[java.lang.AssertionError: The following asserts failed:
null
at testcases.RAW_DATAMART_CURATED.SnowFlake_RowCount_Master.validate_RowCount_BKP(SnowFlake_RowCount_Master.java:56)
at testcases.RAW_DATAMART_CURATED.SnowFlake_RowCount_Master.Testcase_RowCount_validation(SnowFlake_RowCount_Master.java:25)
at java.base/java.util.ArrayList.forEach(ArrayList.java:1511)
... Removed 28 stack frames]]>
    </failure>
  </testcase> <!-- Testcase_RowCount_validation -->
  <testcase classname="testcases.RAW_DATAMART_CURATED.SnowFlake_RowCount_Master" name="Testcase_RowCount_validation" time="1.128">
    <failure type="java.lang.AssertionError" message="The following asserts failed:
	null">
      <![CDATA[java.lang.AssertionError: The following asserts failed:
null
at testcases.RAW_DATAMART_CURATED.SnowFlake_RowCount_Master.validate_RowCount_BKP(SnowFlake_RowCount_Master.java:56)
at testcases.RAW_DATAMART_CURATED.SnowFlake_RowCount_Master.Testcase_RowCount_validation(SnowFlake_RowCount_Master.java:25)
at java.base/java.util.ArrayList.forEach(ArrayList.java:1511)
... Removed 28 stack frames]]>
    </failure>
  </testcase> <!-- Testcase_RowCount_validation -->
  <testcase classname="testcases.RAW_DATAMART_CURATED.SnowFlake_RowCount_Master" name="Testcase_RowCount_validation" time="1.232">
    <failure type="java.lang.AssertionError" message="The following asserts failed:
	null">
      <![CDATA[java.lang.AssertionError: The following asserts failed:
null
at testcases.RAW_DATAMART_CURATED.SnowFlake_RowCount_Master.validate_RowCount_BKP(SnowFlake_RowCount_Master.java:56)
at testcases.RAW_DATAMART_CURATED.SnowFlake_RowCount_Master.Testcase_RowCount_validation(SnowFlake_RowCount_Master.java:25)
at java.base/java.util.ArrayList.forEach(ArrayList.java:1511)
... Removed 28 stack frames]]>
    </failure>
  </testcase> <!-- Testcase_RowCount_validation -->
  <testcase classname="testcases.RAW_DATAMART_CURATED.SnowFlake_RowCount_Master" name="Testcase_RowCount_validation" time="1.126"/>
  <testcase classname="testcases.RAW_DATAMART_CURATED.SnowFlake_RowCount_Master" name="Testcase_RowCount_validation" time="1.282"/>
  <testcase classname="testcases.RAW_DATAMART_CURATED.SnowFlake_RowCount_Master" name="Testcase_RowCount_validation" time="1.227"/>
  <testcase classname="testcases.RAW_DATAMART_CURATED.SnowFlake_RowCount_Master" name="Testcase_RowCount_validation" time="1.29"/>
  <testcase classname="testcases.RAW_DATAMART_CURATED.SnowFlake_RowCount_Master" name="Testcase_RowCount_validation" time="2.154"/>
  <testcase classname="testcases.RAW_DATAMART_CURATED.SnowFlake_RowCount_Master" name="Testcase_RowCount_validation" time="1.632"/>
  <testcase classname="testcases.RAW_DATAMART_CURATED.SnowFlake_RowCount_Master" name="Testcase_RowCount_validation" time="1.632"/>
  <testcase classname="testcases.RAW_DATAMART_CURATED.SnowFlake_RowCount_Master" name="Testcase_RowCount_validation" time="1.227"/>
  <testcase classname="testcases.RAW_DATAMART_CURATED.SnowFlake_RowCount_Master" name="Testcase_RowCount_validation" time="2.131">
    <failure type="java.lang.AssertionError" message="The following asserts failed:
	null">
      <![CDATA[java.lang.AssertionError: The following asserts failed:
null
at testcases.RAW_DATAMART_CURATED.SnowFlake_RowCount_Master.validate_RowCount_BKP(SnowFlake_RowCount_Master.java:56)
at testcases.RAW_DATAMART_CURATED.SnowFlake_RowCount_Master.Testcase_RowCount_validation(SnowFlake_RowCount_Master.java:25)
at java.base/java.util.ArrayList.forEach(ArrayList.java:1511)
... Removed 28 stack frames]]>
    </failure>
  </testcase> <!-- Testcase_RowCount_validation -->
  <testcase classname="testcases.RAW_DATAMART_CURATED.SnowFlake_RowCount_Master" name="Testcase_RowCount_validation" time="1.536">
    <failure type="java.lang.AssertionError" message="The following asserts failed:
	null">
      <![CDATA[java.lang.AssertionError: The following asserts failed:
null
at testcases.RAW_DATAMART_CURATED.SnowFlake_RowCount_Master.validate_RowCount_BKP(SnowFlake_RowCount_Master.java:56)
at testcases.RAW_DATAMART_CURATED.SnowFlake_RowCount_Master.Testcase_RowCount_validation(SnowFlake_RowCount_Master.java:25)
at java.base/java.util.ArrayList.forEach(ArrayList.java:1511)
... Removed 28 stack frames]]>
    </failure>
  </testcase> <!-- Testcase_RowCount_validation -->
  <testcase classname="testcases.RAW_DATAMART_CURATED.SnowFlake_RowCount_Master" name="Testcase_RowCount_validation" time="2.047">
    <failure type="java.lang.AssertionError" message="The following asserts failed:
	null">
      <![CDATA[java.lang.AssertionError: The following asserts failed:
null
at testcases.RAW_DATAMART_CURATED.SnowFlake_RowCount_Master.validate_RowCount_BKP(SnowFlake_RowCount_Master.java:56)
at testcases.RAW_DATAMART_CURATED.SnowFlake_RowCount_Master.Testcase_RowCount_validation(SnowFlake_RowCount_Master.java:25)
at java.base/java.util.ArrayList.forEach(ArrayList.java:1511)
... Removed 28 stack frames]]>
    </failure>
  </testcase> <!-- Testcase_RowCount_validation -->
  <testcase classname="testcases.RAW_DATAMART_CURATED.SnowFlake_RowCount_Master" name="Testcase_RowCount_validation" time="1.433">
    <failure type="java.lang.AssertionError" message="The following asserts failed:
	null">
      <![CDATA[java.lang.AssertionError: The following asserts failed:
null
at testcases.RAW_DATAMART_CURATED.SnowFlake_RowCount_Master.validate_RowCount_BKP(SnowFlake_RowCount_Master.java:56)
at testcases.RAW_DATAMART_CURATED.SnowFlake_RowCount_Master.Testcase_RowCount_validation(SnowFlake_RowCount_Master.java:25)
at java.base/java.util.ArrayList.forEach(ArrayList.java:1511)
... Removed 28 stack frames]]>
    </failure>
  </testcase> <!-- Testcase_RowCount_validation -->
  <testcase classname="testcases.RAW_DATAMART_CURATED.SnowFlake_RowCount_Master" name="Testcase_RowCount_validation" time="1.283">
    <failure type="java.lang.AssertionError" message="The following asserts failed:
	null">
      <![CDATA[java.lang.AssertionError: The following asserts failed:
null
at testcases.RAW_DATAMART_CURATED.SnowFlake_RowCount_Master.validate_RowCount_BKP(SnowFlake_RowCount_Master.java:56)
at testcases.RAW_DATAMART_CURATED.SnowFlake_RowCount_Master.Testcase_RowCount_validation(SnowFlake_RowCount_Master.java:25)
at java.base/java.util.ArrayList.forEach(ArrayList.java:1511)
... Removed 28 stack frames]]>
    </failure>
  </testcase> <!-- Testcase_RowCount_validation -->
  <testcase classname="testcases.RAW_DATAMART_CURATED.SnowFlake_RowCount_Master" name="Testcase_RowCount_validation" time="1.001">
    <failure type="java.lang.AssertionError" message="The following asserts failed:
	null,
	null">
      <![CDATA[java.lang.AssertionError: The following asserts failed:
null,
null
at testcases.RAW_DATAMART_CURATED.SnowFlake_RowCount_Master.validate_RowCount_BKP(SnowFlake_RowCount_Master.java:56)
at testcases.RAW_DATAMART_CURATED.SnowFlake_RowCount_Master.Testcase_RowCount_validation(SnowFlake_RowCount_Master.java:25)
at java.base/java.util.ArrayList.forEach(ArrayList.java:1511)
... Removed 28 stack frames]]>
    </failure>
  </testcase> <!-- Testcase_RowCount_validation -->
  <testcase classname="testcases.RAW_DATAMART_CURATED.SnowFlake_RowCount_Master" name="Testcase_RowCount_validation" time="1.251"/>
  <testcase classname="testcases.RAW_DATAMART_CURATED.SnowFlake_RowCount_Master" name="Testcase_RowCount_validation" time="1.727"/>
  <testcase classname="testcases.RAW_DATAMART_CURATED.SnowFlake_RowCount_Master" name="Testcase_RowCount_validation" time="3.764"/>
  <testcase classname="testcases.RAW_DATAMART_CURATED.SnowFlake_RowCount_Master" name="Testcase_RowCount_validation" time="1.543"/>
  <testcase classname="testcases.RAW_DATAMART_CURATED.SnowFlake_RowCount_Master" name="Testcase_RowCount_validation" time="2.456"/>
  <testcase classname="testcases.RAW_DATAMART_CURATED.SnowFlake_RowCount_Master" name="Testcase_RowCount_validation" time="1.837"/>
  <testcase classname="testcases.RAW_DATAMART_CURATED.SnowFlake_RowCount_Master" name="Testcase_RowCount_validation" time="1.125"/>
  <testcase classname="testcases.RAW_DATAMART_CURATED.SnowFlake_RowCount_Master" name="Testcase_RowCount_validation" time="2.157"/>
  <testcase classname="testcases.RAW_DATAMART_CURATED.SnowFlake_RowCount_Master" name="Testcase_RowCount_validation" time="1.247"/>
  <testcase classname="testcases.RAW_DATAMART_CURATED.SnowFlake_RowCount_Master" name="Testcase_RowCount_validation" time="1.339">
    <failure type="java.lang.AssertionError" message="The following asserts failed:
	null">
      <![CDATA[java.lang.AssertionError: The following asserts failed:
null
at testcases.RAW_DATAMART_CURATED.SnowFlake_RowCount_Master.validate_RowCount_BKP(SnowFlake_RowCount_Master.java:56)
at testcases.RAW_DATAMART_CURATED.SnowFlake_RowCount_Master.Testcase_RowCount_validation(SnowFlake_RowCount_Master.java:25)
at java.base/java.util.ArrayList.forEach(ArrayList.java:1511)
... Removed 28 stack frames]]>
    </failure>
  </testcase> <!-- Testcase_RowCount_validation -->
  <testcase classname="testcases.RAW_DATAMART_CURATED.SnowFlake_RowCount_Master" name="Testcase_RowCount_validation" time="1.01"/>
  <testcase classname="testcases.RAW_DATAMART_CURATED.SnowFlake_RowCount_Master" name="Testcase_RowCount_validation" time="1.193">
    <failure type="java.lang.AssertionError" message="The following asserts failed:
	null">
      <![CDATA[java.lang.AssertionError: The following asserts failed:
null
at testcases.RAW_DATAMART_CURATED.SnowFlake_RowCount_Master.validate_RowCount_BKP(SnowFlake_RowCount_Master.java:56)
at testcases.RAW_DATAMART_CURATED.SnowFlake_RowCount_Master.Testcase_RowCount_validation(SnowFlake_RowCount_Master.java:25)
at java.base/java.util.ArrayList.forEach(ArrayList.java:1511)
... Removed 28 stack frames]]>
    </failure>
  </testcase> <!-- Testcase_RowCount_validation -->
  <testcase classname="testcases.RAW_DATAMART_CURATED.SnowFlake_RowCount_Master" name="Testcase_RowCount_validation" time="0.962"/>
  <testcase classname="testcases.RAW_DATAMART_CURATED.SnowFlake_RowCount_Master" name="Testcase_RowCount_validation" time="1.024"/>
  <testcase classname="testcases.RAW_DATAMART_CURATED.SnowFlake_RowCount_Master" name="Testcase_RowCount_validation" time="1.014">
    <failure type="java.lang.AssertionError" message="The following asserts failed:
	null,
	null">
      <![CDATA[java.lang.AssertionError: The following asserts failed:
null,
null
at testcases.RAW_DATAMART_CURATED.SnowFlake_RowCount_Master.validate_RowCount_BKP(SnowFlake_RowCount_Master.java:56)
at testcases.RAW_DATAMART_CURATED.SnowFlake_RowCount_Master.Testcase_RowCount_validation(SnowFlake_RowCount_Master.java:25)
at java.base/java.util.ArrayList.forEach(ArrayList.java:1511)
... Removed 28 stack frames]]>
    </failure>
  </testcase> <!-- Testcase_RowCount_validation -->
  <testcase classname="testcases.RAW_DATAMART_CURATED.SnowFlake_RowCount_Master" name="Testcase_RowCount_validation" time="0.99">
    <failure type="java.lang.AssertionError" message="The following asserts failed:
	null,
	null">
      <![CDATA[java.lang.AssertionError: The following asserts failed:
null,
null
at testcases.RAW_DATAMART_CURATED.SnowFlake_RowCount_Master.validate_RowCount_BKP(SnowFlake_RowCount_Master.java:56)
at testcases.RAW_DATAMART_CURATED.SnowFlake_RowCount_Master.Testcase_RowCount_validation(SnowFlake_RowCount_Master.java:25)
at java.base/java.util.ArrayList.forEach(ArrayList.java:1511)
... Removed 28 stack frames]]>
    </failure>
  </testcase> <!-- Testcase_RowCount_validation -->
  <testcase classname="testcases.RAW_DATAMART_CURATED.SnowFlake_RowCount_Master" name="Testcase_RowCount_validation" time="1.018">
    <failure type="java.lang.AssertionError" message="The following asserts failed:
	null,
	null">
      <![CDATA[java.lang.AssertionError: The following asserts failed:
null,
null
at testcases.RAW_DATAMART_CURATED.SnowFlake_RowCount_Master.validate_RowCount_BKP(SnowFlake_RowCount_Master.java:56)
at testcases.RAW_DATAMART_CURATED.SnowFlake_RowCount_Master.Testcase_RowCount_validation(SnowFlake_RowCount_Master.java:25)
at java.base/java.util.ArrayList.forEach(ArrayList.java:1511)
... Removed 28 stack frames]]>
    </failure>
  </testcase> <!-- Testcase_RowCount_validation -->
  <testcase classname="testcases.RAW_DATAMART_CURATED.SnowFlake_RowCount_Master" name="Testcase_RowCount_validation" time="1.055"/>
  <testcase classname="testcases.RAW_DATAMART_CURATED.SnowFlake_RowCount_Master" name="Testcase_RowCount_validation" time="1.839"/>
  <testcase classname="testcases.RAW_DATAMART_CURATED.SnowFlake_RowCount_Master" name="Testcase_RowCount_validation" time="2.233">
    <failure type="java.lang.AssertionError" message="The following asserts failed:
	null">
      <![CDATA[java.lang.AssertionError: The following asserts failed:
null
at testcases.RAW_DATAMART_CURATED.SnowFlake_RowCount_Master.validate_RowCount_BKP(SnowFlake_RowCount_Master.java:56)
at testcases.RAW_DATAMART_CURATED.SnowFlake_RowCount_Master.Testcase_RowCount_validation(SnowFlake_RowCount_Master.java:25)
at java.base/java.util.ArrayList.forEach(ArrayList.java:1511)
... Removed 28 stack frames]]>
    </failure>
  </testcase> <!-- Testcase_RowCount_validation -->
  <testcase classname="testcases.RAW_DATAMART_CURATED.SnowFlake_RowCount_Master" name="Testcase_RowCount_validation" time="1.749"/>
  <testcase classname="testcases.RAW_DATAMART_CURATED.SnowFlake_RowCount_Master" name="Testcase_RowCount_validation" time="1.747"/>
  <testcase classname="testcases.RAW_DATAMART_CURATED.SnowFlake_RowCount_Master" name="Testcase_RowCount_validation" time="1.13"/>
  <testcase classname="testcases.RAW_DATAMART_CURATED.SnowFlake_RowCount_Master" name="Testcase_RowCount_validation" time="1.913">
    <failure type="java.lang.AssertionError" message="The following asserts failed:
	null">
      <![CDATA[java.lang.AssertionError: The following asserts failed:
null
at testcases.RAW_DATAMART_CURATED.SnowFlake_RowCount_Master.validate_RowCount_BKP(SnowFlake_RowCount_Master.java:56)
at testcases.RAW_DATAMART_CURATED.SnowFlake_RowCount_Master.Testcase_RowCount_validation(SnowFlake_RowCount_Master.java:25)
at java.base/java.util.ArrayList.forEach(ArrayList.java:1511)
... Removed 28 stack frames]]>
    </failure>
  </testcase> <!-- Testcase_RowCount_validation -->
  <testcase classname="testcases.RAW_DATAMART_CURATED.SnowFlake_RowCount_Master" name="Testcase_RowCount_validation" time="1.275"/>
  <testcase classname="testcases.RAW_DATAMART_CURATED.SnowFlake_RowCount_Master" name="Testcase_RowCount_validation" time="0.924"/>
  <testcase classname="testcases.RAW_DATAMART_CURATED.SnowFlake_RowCount_Master" name="Testcase_RowCount_validation" time="1.205">
    <failure type="java.lang.AssertionError" message="The following asserts failed:
	null">
      <![CDATA[java.lang.AssertionError: The following asserts failed:
null
at testcases.RAW_DATAMART_CURATED.SnowFlake_RowCount_Master.validate_RowCount_BKP(SnowFlake_RowCount_Master.java:56)
at testcases.RAW_DATAMART_CURATED.SnowFlake_RowCount_Master.Testcase_RowCount_validation(SnowFlake_RowCount_Master.java:25)
at java.base/java.util.ArrayList.forEach(ArrayList.java:1511)
... Removed 28 stack frames]]>
    </failure>
  </testcase> <!-- Testcase_RowCount_validation -->
  <testcase classname="testcases.RAW_DATAMART_CURATED.SnowFlake_RowCount_Master" name="Testcase_RowCount_validation" time="1.156"/>
  <testcase classname="testcases.RAW_DATAMART_CURATED.SnowFlake_RowCount_Master" name="Testcase_RowCount_validation" time="1.102">
    <failure type="java.lang.AssertionError" message="The following asserts failed:
	null">
      <![CDATA[java.lang.AssertionError: The following asserts failed:
null
at testcases.RAW_DATAMART_CURATED.SnowFlake_RowCount_Master.validate_RowCount_BKP(SnowFlake_RowCount_Master.java:56)
at testcases.RAW_DATAMART_CURATED.SnowFlake_RowCount_Master.Testcase_RowCount_validation(SnowFlake_RowCount_Master.java:25)
at java.base/java.util.ArrayList.forEach(ArrayList.java:1511)
... Removed 28 stack frames]]>
    </failure>
  </testcase> <!-- Testcase_RowCount_validation -->
  <testcase classname="testcases.RAW_DATAMART_CURATED.SnowFlake_RowCount_Master" name="Testcase_RowCount_validation" time="0.92">
    <failure type="java.lang.AssertionError" message="The following asserts failed:
	null">
      <![CDATA[java.lang.AssertionError: The following asserts failed:
null
at testcases.RAW_DATAMART_CURATED.SnowFlake_RowCount_Master.validate_RowCount_BKP(SnowFlake_RowCount_Master.java:56)
at testcases.RAW_DATAMART_CURATED.SnowFlake_RowCount_Master.Testcase_RowCount_validation(SnowFlake_RowCount_Master.java:25)
at java.base/java.util.ArrayList.forEach(ArrayList.java:1511)
... Removed 28 stack frames]]>
    </failure>
  </testcase> <!-- Testcase_RowCount_validation -->
  <testcase classname="testcases.RAW_DATAMART_CURATED.SnowFlake_RowCount_Master" name="Testcase_RowCount_validation" time="1.228"/>
  <testcase classname="testcases.RAW_DATAMART_CURATED.SnowFlake_RowCount_Master" name="Testcase_RowCount_validation" time="1.209">
    <failure type="java.lang.AssertionError" message="The following asserts failed:
	null,
	null">
      <![CDATA[java.lang.AssertionError: The following asserts failed:
null,
null
at testcases.RAW_DATAMART_CURATED.SnowFlake_RowCount_Master.validate_RowCount_BKP(SnowFlake_RowCount_Master.java:56)
at testcases.RAW_DATAMART_CURATED.SnowFlake_RowCount_Master.Testcase_RowCount_validation(SnowFlake_RowCount_Master.java:25)
at java.base/java.util.ArrayList.forEach(ArrayList.java:1511)
... Removed 28 stack frames]]>
    </failure>
  </testcase> <!-- Testcase_RowCount_validation -->
  <testcase classname="testcases.RAW_DATAMART_CURATED.SnowFlake_RowCount_Master" name="Testcase_RowCount_validation" time="1.222">
    <failure type="java.lang.AssertionError" message="The following asserts failed:
	null">
      <![CDATA[java.lang.AssertionError: The following asserts failed:
null
at testcases.RAW_DATAMART_CURATED.SnowFlake_RowCount_Master.validate_RowCount_BKP(SnowFlake_RowCount_Master.java:56)
at testcases.RAW_DATAMART_CURATED.SnowFlake_RowCount_Master.Testcase_RowCount_validation(SnowFlake_RowCount_Master.java:25)
at java.base/java.util.ArrayList.forEach(ArrayList.java:1511)
... Removed 28 stack frames]]>
    </failure>
  </testcase> <!-- Testcase_RowCount_validation -->
  <testcase classname="testcases.RAW_DATAMART_CURATED.SnowFlake_RowCount_Master" name="Testcase_RowCount_validation" time="1.134">
    <failure type="java.lang.AssertionError" message="The following asserts failed:
	null,
	null">
      <![CDATA[java.lang.AssertionError: The following asserts failed:
null,
null
at testcases.RAW_DATAMART_CURATED.SnowFlake_RowCount_Master.validate_RowCount_BKP(SnowFlake_RowCount_Master.java:56)
at testcases.RAW_DATAMART_CURATED.SnowFlake_RowCount_Master.Testcase_RowCount_validation(SnowFlake_RowCount_Master.java:25)
at java.base/java.util.ArrayList.forEach(ArrayList.java:1511)
... Removed 28 stack frames]]>
    </failure>
  </testcase> <!-- Testcase_RowCount_validation -->
  <testcase classname="testcases.RAW_DATAMART_CURATED.SnowFlake_RowCount_Master" name="Testcase_RowCount_validation" time="1.429">
    <failure type="java.lang.AssertionError" message="The following asserts failed:
	null">
      <![CDATA[java.lang.AssertionError: The following asserts failed:
null
at testcases.RAW_DATAMART_CURATED.SnowFlake_RowCount_Master.validate_RowCount_BKP(SnowFlake_RowCount_Master.java:56)
at testcases.RAW_DATAMART_CURATED.SnowFlake_RowCount_Master.Testcase_RowCount_validation(SnowFlake_RowCount_Master.java:25)
at java.base/java.util.ArrayList.forEach(ArrayList.java:1511)
... Removed 28 stack frames]]>
    </failure>
  </testcase> <!-- Testcase_RowCount_validation -->
  <testcase classname="testcases.RAW_DATAMART_CURATED.SnowFlake_RowCount_Master" name="Testcase_RowCount_validation" time="1.443"/>
  <testcase classname="testcases.RAW_DATAMART_CURATED.SnowFlake_RowCount_Master" name="Testcase_RowCount_validation" time="1.41">
    <failure type="java.lang.AssertionError" message="The following asserts failed:
	null">
      <![CDATA[java.lang.AssertionError: The following asserts failed:
null
at testcases.RAW_DATAMART_CURATED.SnowFlake_RowCount_Master.validate_RowCount_BKP(SnowFlake_RowCount_Master.java:56)
at testcases.RAW_DATAMART_CURATED.SnowFlake_RowCount_Master.Testcase_RowCount_validation(SnowFlake_RowCount_Master.java:25)
at java.base/java.util.ArrayList.forEach(ArrayList.java:1511)
... Removed 28 stack frames]]>
    </failure>
  </testcase> <!-- Testcase_RowCount_validation -->
  <testcase classname="testcases.RAW_DATAMART_CURATED.SnowFlake_RowCount_Master" name="Testcase_RowCount_validation" time="3.106"/>
  <testcase classname="testcases.RAW_DATAMART_CURATED.SnowFlake_RowCount_Master" name="Testcase_RowCount_validation" time="1.04"/>
  <testcase classname="testcases.RAW_DATAMART_CURATED.SnowFlake_RowCount_Master" name="Testcase_RowCount_validation" time="0.994"/>
  <testcase classname="testcases.RAW_DATAMART_CURATED.SnowFlake_RowCount_Master" name="Testcase_RowCount_validation" time="0.941">
    <failure type="java.lang.AssertionError" message="The following asserts failed:
	null">
      <![CDATA[java.lang.AssertionError: The following asserts failed:
null
at testcases.RAW_DATAMART_CURATED.SnowFlake_RowCount_Master.validate_RowCount_BKP(SnowFlake_RowCount_Master.java:56)
at testcases.RAW_DATAMART_CURATED.SnowFlake_RowCount_Master.Testcase_RowCount_validation(SnowFlake_RowCount_Master.java:25)
at java.base/java.util.ArrayList.forEach(ArrayList.java:1511)
... Removed 28 stack frames]]>
    </failure>
  </testcase> <!-- Testcase_RowCount_validation -->
  <testcase classname="testcases.RAW_DATAMART_CURATED.SnowFlake_RowCount_Master" name="Testcase_RowCount_validation" time="1.736"/>
  <testcase classname="testcases.RAW_DATAMART_CURATED.SnowFlake_RowCount_Master" name="Testcase_RowCount_validation" time="0.927"/>
  <testcase classname="testcases.RAW_DATAMART_CURATED.SnowFlake_RowCount_Master" name="Testcase_RowCount_validation" time="1.444">
    <failure type="java.lang.AssertionError" message="The following asserts failed:
	null">
      <![CDATA[java.lang.AssertionError: The following asserts failed:
null
at testcases.RAW_DATAMART_CURATED.SnowFlake_RowCount_Master.validate_RowCount_BKP(SnowFlake_RowCount_Master.java:56)
at testcases.RAW_DATAMART_CURATED.SnowFlake_RowCount_Master.Testcase_RowCount_validation(SnowFlake_RowCount_Master.java:25)
at java.base/java.util.ArrayList.forEach(ArrayList.java:1511)
... Removed 28 stack frames]]>
    </failure>
  </testcase> <!-- Testcase_RowCount_validation -->
  <testcase classname="testcases.RAW_DATAMART_CURATED.SnowFlake_RowCount_Master" name="Testcase_RowCount_validation" time="0.927"/>
  <testcase classname="testcases.RAW_DATAMART_CURATED.SnowFlake_RowCount_Master" name="Testcase_RowCount_validation" time="1.065">
    <failure type="java.lang.AssertionError" message="The following asserts failed:
	null">
      <![CDATA[java.lang.AssertionError: The following asserts failed:
null
at testcases.RAW_DATAMART_CURATED.SnowFlake_RowCount_Master.validate_RowCount_BKP(SnowFlake_RowCount_Master.java:56)
at testcases.RAW_DATAMART_CURATED.SnowFlake_RowCount_Master.Testcase_RowCount_validation(SnowFlake_RowCount_Master.java:25)
at java.base/java.util.ArrayList.forEach(ArrayList.java:1511)
... Removed 28 stack frames]]>
    </failure>
  </testcase> <!-- Testcase_RowCount_validation -->
  <testcase classname="testcases.RAW_DATAMART_CURATED.SnowFlake_RowCount_Master" name="Testcase_RowCount_validation" time="1.455"/>
  <testcase classname="testcases.RAW_DATAMART_CURATED.SnowFlake_RowCount_Master" name="Testcase_RowCount_validation" time="1.141"/>
  <testcase classname="testcases.RAW_DATAMART_CURATED.SnowFlake_RowCount_Master" name="Testcase_RowCount_validation" time="4.585">
    <failure type="java.lang.AssertionError" message="The following asserts failed:
	null,
	null">
      <![CDATA[java.lang.AssertionError: The following asserts failed:
null,
null
at testcases.RAW_DATAMART_CURATED.SnowFlake_RowCount_Master.validate_RowCount_BKP(SnowFlake_RowCount_Master.java:56)
at testcases.RAW_DATAMART_CURATED.SnowFlake_RowCount_Master.Testcase_RowCount_validation(SnowFlake_RowCount_Master.java:25)
at java.base/java.util.ArrayList.forEach(ArrayList.java:1511)
... Removed 28 stack frames]]>
    </failure>
  </testcase> <!-- Testcase_RowCount_validation -->
  <testcase classname="testcases.RAW_DATAMART_CURATED.SnowFlake_RowCount_Master" name="Testcase_RowCount_validation" time="1.84">
    <failure type="java.lang.AssertionError" message="The following asserts failed:
	null,
	null">
      <![CDATA[java.lang.AssertionError: The following asserts failed:
null,
null
at testcases.RAW_DATAMART_CURATED.SnowFlake_RowCount_Master.validate_RowCount_BKP(SnowFlake_RowCount_Master.java:56)
at testcases.RAW_DATAMART_CURATED.SnowFlake_RowCount_Master.Testcase_RowCount_validation(SnowFlake_RowCount_Master.java:25)
at java.base/java.util.ArrayList.forEach(ArrayList.java:1511)
... Removed 28 stack frames]]>
    </failure>
  </testcase> <!-- Testcase_RowCount_validation -->
  <testcase classname="testcases.RAW_DATAMART_CURATED.SnowFlake_RowCount_Master" name="Testcase_RowCount_validation" time="1.114">
    <failure type="java.lang.AssertionError" message="The following asserts failed:
	null,
	null">
      <![CDATA[java.lang.AssertionError: The following asserts failed:
null,
null
at testcases.RAW_DATAMART_CURATED.SnowFlake_RowCount_Master.validate_RowCount_BKP(SnowFlake_RowCount_Master.java:56)
at testcases.RAW_DATAMART_CURATED.SnowFlake_RowCount_Master.Testcase_RowCount_validation(SnowFlake_RowCount_Master.java:25)
at java.base/java.util.ArrayList.forEach(ArrayList.java:1511)
... Removed 28 stack frames]]>
    </failure>
  </testcase> <!-- Testcase_RowCount_validation -->
  <testcase classname="testcases.RAW_DATAMART_CURATED.SnowFlake_RowCount_Master" name="Testcase_RowCount_validation" time="2.39"/>
  <testcase classname="testcases.RAW_DATAMART_CURATED.SnowFlake_RowCount_Master" name="Testcase_RowCount_validation" time="1.113"/>
  <testcase classname="testcases.RAW_DATAMART_CURATED.SnowFlake_RowCount_Master" name="Testcase_RowCount_validation" time="1.671">
    <failure type="java.lang.AssertionError" message="The following asserts failed:
	null">
      <![CDATA[java.lang.AssertionError: The following asserts failed:
null
at testcases.RAW_DATAMART_CURATED.SnowFlake_RowCount_Master.validate_RowCount_BKP(SnowFlake_RowCount_Master.java:56)
at testcases.RAW_DATAMART_CURATED.SnowFlake_RowCount_Master.Testcase_RowCount_validation(SnowFlake_RowCount_Master.java:25)
at java.base/java.util.ArrayList.forEach(ArrayList.java:1511)
... Removed 28 stack frames]]>
    </failure>
  </testcase> <!-- Testcase_RowCount_validation -->
  <testcase classname="testcases.RAW_DATAMART_CURATED.SnowFlake_RowCount_Master" name="Testcase_RowCount_validation" time="1.398"/>
  <testcase classname="testcases.RAW_DATAMART_CURATED.SnowFlake_RowCount_Master" name="Testcase_RowCount_validation" time="1.242"/>
  <testcase classname="testcases.RAW_DATAMART_CURATED.SnowFlake_RowCount_Master" name="Testcase_RowCount_validation" time="1.155"/>
  <testcase classname="testcases.RAW_DATAMART_CURATED.SnowFlake_RowCount_Master" name="Testcase_RowCount_validation" time="0.989"/>
  <testcase classname="testcases.RAW_DATAMART_CURATED.SnowFlake_RowCount_Master" name="Testcase_RowCount_validation" time="1.323"/>
  <testcase classname="testcases.RAW_DATAMART_CURATED.SnowFlake_RowCount_Master" name="Testcase_RowCount_validation" time="1.134"/>
  <testcase classname="testcases.RAW_DATAMART_CURATED.SnowFlake_RowCount_Master" name="Testcase_RowCount_validation" time="1.717">
    <failure type="java.lang.AssertionError" message="The following asserts failed:
	null">
      <![CDATA[java.lang.AssertionError: The following asserts failed:
null
at testcases.RAW_DATAMART_CURATED.SnowFlake_RowCount_Master.validate_RowCount_BKP(SnowFlake_RowCount_Master.java:56)
at testcases.RAW_DATAMART_CURATED.SnowFlake_RowCount_Master.Testcase_RowCount_validation(SnowFlake_RowCount_Master.java:25)
at java.base/java.util.ArrayList.forEach(ArrayList.java:1511)
... Removed 28 stack frames]]>
    </failure>
  </testcase> <!-- Testcase_RowCount_validation -->
  <testcase classname="testcases.RAW_DATAMART_CURATED.SnowFlake_RowCount_Master" name="Testcase_RowCount_validation" time="1.14"/>
[...]
  <testcase classname="testcases.RAW_DATAMART_CURATED.SnowFlake_ColumnValidation_Master" name="Testcase_ColumnValidation" time="3.254"/>
  <testcase classname="testcases.RAW_DATAMART_CURATED.SnowFlake_ColumnValidation_Master" name="Testcase_ColumnValidation" time="2.518"/>
  <testcase classname="testcases.RAW_DATAMART_CURATED.SnowFlake_ColumnValidation_Master" name="Testcase_ColumnValidation" time="3.813"/>
  <testcase classname="testcases.RAW_DATAMART_CURATED.SnowFlake_ColumnValidation_Master" name="Testcase_ColumnValidation" time="3.153"/>
  <testcase classname="testcases.RAW_DATAMART_CURATED.SnowFlake_ColumnValidation_Master" name="Testcase_ColumnValidation" time="3.269"/>
  <testcase classname="testcases.RAW_DATAMART_CURATED.SnowFlake_ColumnValidation_Master" name="Testcase_ColumnValidation" time="4.013"/>
  <testcase classname="testcases.RAW_DATAMART_CURATED.SnowFlake_ColumnValidation_Master" name="Testcase_ColumnValidation" time="2.544"/>
  <testcase classname="testcases.RAW_DATAMART_CURATED.SnowFlake_ColumnValidation_Master" name="Testcase_ColumnValidation" time="2.875"/>
  <testcase classname="testcases.RAW_DATAMART_CURATED.SnowFlake_ColumnValidation_Master" name="Testcase_ColumnValidation" time="2.604"/>
  <testcase classname="testcases.RAW_DATAMART_CURATED.SnowFlake_ColumnValidation_Master" name="Testcase_ColumnValidation" time="2.922"/>
  <testcase classname="testcases.RAW_DATAMART_CURATED.SnowFlake_ColumnValidation_Master" name="Testcase_ColumnValidation" time="4.293"/>
  <testcase classname="testcases.RAW_DATAMART_CURATED.SnowFlake_ColumnValidation_Master" name="Testcase_ColumnValidation" time="2.46"/>
  <testcase classname="testcases.RAW_DATAMART_CURATED.SnowFlake_ColumnValidation_Master" name="Testcase_ColumnValidation" time="3.481"/>
  <testcase classname="testcases.RAW_DATAMART_CURATED.SnowFlake_ColumnValidation_Master" name="Testcase_ColumnValidation" time="3.997"/>
  <testcase classname="testcases.RAW_DATAMART_CURATED.SnowFlake_ColumnValidation_Master" name="Testcase_ColumnValidation" time="3.585"/>
  <testcase classname="testcases.RAW_DATAMART_CURATED.SnowFlake_ColumnValidation_Master" name="Testcase_ColumnValidation" time="2.452"/>
  <testcase classname="testcases.RAW_DATAMART_CURATED.SnowFlake_ColumnValidation_Master" name="Testcase_ColumnValidation" time="2.562"/>
  <testcase classname="testcases.RAW_DATAMART_CURATED.SnowFlake_ColumnValidation_Master" name="Testcase_ColumnValidation" time="2.468"/>
  <testcase classname="testcases.RAW_DATAMART_CURATED.SnowFlake_ColumnValidation_Master" name="Testcase_ColumnValidation" time="2.55"/>
  <testcase classname="testcases.RAW_DATAMART_CURATED.SnowFlake_ColumnValidation_Master" name="Testcase_ColumnValidation" time="2.655"/>
  <testcase classname="testcases.RAW_DATAMART_CURATED.SnowFlake_ColumnValidation_Master" name="Testcase_ColumnValidation" time="2.469"/>
  <testcase classname="testcases.RAW_DATAMART_CURATED.SnowFlake_ColumnValidation_Master" name="Testcase_ColumnValidation" time="2.001">
    <failure type="java.lang.AssertionError" message="The following asserts failed:
	null,
	null">
      <![CDATA[java.lang.AssertionError: The following asserts failed:
null,
null
at testcases.RAW_DATAMART_CURATED.SnowFlake_ColumnValidation_Master.API_Tables_ColumnName_validation(SnowFlake_ColumnValidation_Master.java:130)
at testcases.RAW_DATAMART_CURATED.SnowFlake_ColumnValidation_Master.Testcase_ColumnValidation(SnowFlake_ColumnValidation_Master.java:243)
at java.base/java.util.ArrayList.forEach(ArrayList.java:1511)
... Removed 28 stack frames]]>
    </failure>
  </testcase> <!-- Testcase_ColumnValidation -->
  <testcase classname="testcases.RAW_DATAMART_CURATED.SnowFlake_ColumnValidation_Master" name="Testcase_ColumnValidation" time="2.59"/>
  <testcase classname="testcases.RAW_DATAMART_CURATED.SnowFlake_ColumnValidation_Master" name="Testcase_ColumnValidation" time="3.515"/>
  <testcase classname="testcases.RAW_DATAMART_CURATED.SnowFlake_ColumnValidation_Master" name="Testcase_ColumnValidation" time="3.049"/>
  <testcase classname="testcases.RAW_DATAMART_CURATED.SnowFlake_ColumnValidation_Master" name="Testcase_ColumnValidation" time="3.175"/>
  <testcase classname="testcases.RAW_DATAMART_CURATED.SnowFlake_ColumnValidation_Master" name="Testcase_ColumnValidation" time="4.504"/>
  <testcase classname="testcases.RAW_DATAMART_CURATED.SnowFlake_ColumnValidation_Master" name="Testcase_ColumnValidation" time="2.805"/>
  <testcase classname="testcases.RAW_DATAMART_CURATED.SnowFlake_ColumnValidation_Master" name="Testcase_ColumnValidation" time="2.658">
    <failure type="java.lang.AssertionError" message="The following asserts failed:
	null">
      <![CDATA[java.lang.AssertionError: The following asserts failed:
null
at testcases.RAW_DATAMART_CURATED.SnowFlake_ColumnValidation_Master.API_Tables_ColumnName_validation(SnowFlake_ColumnValidation_Master.java:130)
at testcases.RAW_DATAMART_CURATED.SnowFlake_ColumnValidation_Master.Testcase_ColumnValidation(SnowFlake_ColumnValidation_Master.java:243)
at java.base/java.util.ArrayList.forEach(ArrayList.java:1511)
... Removed 28 stack frames]]>
    </failure>
  </testcase> <!-- Testcase_ColumnValidation -->
  <testcase classname="testcases.RAW_DATAMART_CURATED.SnowFlake_ColumnValidation_Master" name="Testcase_ColumnValidation" time="2.666"/>
  <testcase classname="testcases.RAW_DATAMART_CURATED.SnowFlake_ColumnValidation_Master" name="Testcase_ColumnValidation" time="3.08"/>
  <testcase classname="testcases.RAW_DATAMART_CURATED.SnowFlake_ColumnValidation_Master" name="Testcase_ColumnValidation" time="3.064"/>
  <testcase classname="testcases.RAW_DATAMART_CURATED.SnowFlake_ColumnValidation_Master" name="Testcase_ColumnValidation" time="2.644"/>
  <testcase classname="testcases.RAW_DATAMART_CURATED.SnowFlake_ColumnValidation_Master" name="Testcase_ColumnValidation" time="4.483"/>
  <testcase classname="testcases.RAW_DATAMART_CURATED.SnowFlake_ColumnValidation_Master" name="Testcase_ColumnValidation" time="3.018"/>
  <testcase classname="testcases.RAW_DATAMART_CURATED.SnowFlake_ColumnValidation_Master" name="Testcase_ColumnValidation" time="2.504"/>
  <testcase classname="testcases.RAW_DATAMART_CURATED.SnowFlake_ColumnValidation_Master" name="Testcase_ColumnValidation" time="2.648"/>
  <testcase classname="testcases.RAW_DATAMART_CURATED.SnowFlake_ColumnValidation_Master" name="Testcase_ColumnValidation" time="3.582"/>
  <testcase classname="testcases.RAW_DATAMART_CURATED.SnowFlake_ColumnValidation_Master" name="Testcase_ColumnValidation" time="2.979"/>
  <testcase classname="testcases.RAW_DATAMART_CURATED.SnowFlake_ColumnValidation_Master" name="Testcase_ColumnValidation" time="2.689"/>
  <testcase classname="testcases.RAW_DATAMART_CURATED.SnowFlake_ColumnValidation_Master" name="Testcase_ColumnValidation" time="3.06"/>
  <testcase classname="testcases.RAW_DATAMART_CURATED.SnowFlake_ColumnValidation_Master" name="Testcase_ColumnValidation" time="2.951"/>
  <testcase classname="testcases.RAW_DATAMART_CURATED.SnowFlake_ColumnValidation_Master" name="Testcase_ColumnValidation" time="3.08"/>
  <testcase classname="testcases.RAW_DATAMART_CURATED.SnowFlake_ColumnValidation_Master" name="Testcase_ColumnValidation" time="2.85"/>
  <testcase classname="testcases.RAW_DATAMART_CURATED.SnowFlake_ColumnValidation_Master" name="Testcase_ColumnValidation" time="4.84"/>
  <testcase classname="testcases.RAW_DATAMART_CURATED.SnowFlake_ColumnValidation_Master" name="Testcase_ColumnValidation" time="3.785"/>
  <testcase classname="testcases.RAW_DATAMART_CURATED.SnowFlake_ColumnValidation_Master" name="Testcase_ColumnValidation" time="2.498"/>
  <testcase classname="testcases.RAW_DATAMART_CURATED.SnowFlake_ColumnValidation_Master" name="Testcase_ColumnValidation" time="2.508"/>
  <testcase classname="testcases.RAW_DATAMART_CURATED.SnowFlake_ColumnValidation_Master" name="Testcase_ColumnValidation" time="3.622"/>
  <testcase classname="testcases.RAW_DATAMART_CURATED.SnowFlake_ColumnValidation_Master" name="Testcase_ColumnValidation" time="3.148"/>
  <testcase classname="testcases.RAW_DATAMART_CURATED.SnowFlake_ColumnValidation_Master" name="Testcase_ColumnValidation" time="2.464"/>
  <testcase classname="testcases.RAW_DATAMART_CURATED.SnowFlake_ColumnValidation_Master" name="Testcase_ColumnValidation" time="2.994"/>
  <testcase classname="testcases.RAW_DATAMART_CURATED.SnowFlake_ColumnValidation_Master" name="Testcase_ColumnValidation" time="2.541"/>
  <testcase classname="testcases.RAW_DATAMART_CURATED.SnowFlake_ColumnValidation_Master" name="Testcase_ColumnValidation" time="2.543"/>
  <testcase classname="testcases.RAW_DATAMART_CURATED.SnowFlake_ColumnValidation_Master" name="Testcase_ColumnValidation" time="2.471"/>
  <testcase classname="testcases.RAW_DATAMART_CURATED.SnowFlake_ColumnValidation_Master" name="Testcase_ColumnValidation" time="2.604"/>
  <testcase classname="testcases.RAW_DATAMART_CURATED.SnowFlake_ColumnValidation_Master" name="Testcase_ColumnValidation" time="2.721"/>
  <testcase classname="testcases.RAW_DATAMART_CURATED.SnowFlake_ColumnValidation_Master" name="Testcase_ColumnValidation" time="2.446"/>
  <testcase classname="testcases.RAW_DATAMART_CURATED.SnowFlake_ColumnValidation_Master" name="Testcase_ColumnValidation" time="2.477"/>
  <testcase classname="testcases.RAW_DATAMART_CURATED.SnowFlake_ColumnValidation_Master" name="Testcase_ColumnValidation" time="3.866"/>
  <testcase classname="testcases.RAW_DATAMART_CURATED.SnowFlake_ColumnValidation_Master" name="Testcase_ColumnValidation" time="2.568"/>
  <testcase classname="testcases.RAW_DATAMART_CURATED.SnowFlake_ColumnValidation_Master" name="Testcase_ColumnValidation" time="2.63"/>
  <testcase classname="testcases.RAW_DATAMART_CURATED.SnowFlake_ColumnValidation_Master" name="Testcase_ColumnValidation" time="2.108">
    <failure type="java.lang.AssertionError" message="The following asserts failed:
	null,
	null">
      <![CDATA[java.lang.AssertionError: The following asserts failed:
null,
null
at testcases.RAW_DATAMART_CURATED.SnowFlake_ColumnValidation_Master.API_Tables_ColumnName_validation(SnowFlake_ColumnValidation_Master.java:130)
at testcases.RAW_DATAMART_CURATED.SnowFlake_ColumnValidation_Master.Testcase_ColumnValidation(SnowFlake_ColumnValidation_Master.java:243)
at java.base/java.util.ArrayList.forEach(ArrayList.java:1511)
... Removed 28 stack frames]]>
    </failure>
  </testcase> <!-- Testcase_ColumnValidation -->
  <testcase classname="testcases.RAW_DATAMART_CURATED.SnowFlake_ColumnValidation_Master" name="Testcase_ColumnValidation" time="2.48"/>
  <testcase classname="testcases.RAW_DATAMART_CURATED.SnowFlake_ColumnValidation_Master" name="Testcase_ColumnValidation" time="3.947"/>
  <testcase classname="testcases.RAW_DATAMART_CURATED.SnowFlake_ColumnValidation_Master" name="Testcase_ColumnValidation" time="3.58"/>
  <testcase classname="testcases.RAW_DATAMART_CURATED.SnowFlake_ColumnValidation_Master" name="Testcase_ColumnValidation" time="4.108"/>
  <testcase classname="testcases.RAW_DATAMART_CURATED.SnowFlake_ColumnValidation_Master" name="Testcase_ColumnValidation" time="4.283"/>
  <testcase classname="testcases.RAW_DATAMART_CURATED.SnowFlake_ColumnValidation_Master" name="Testcase_ColumnValidation" time="3.83"/>
  <testcase classname="testcases.RAW_DATAMART_CURATED.SnowFlake_ColumnValidation_Master" name="Testcase_ColumnValidation" time="2.859">
    <failure type="java.lang.AssertionError" message="The following asserts failed:
	null">
      <![CDATA[java.lang.AssertionError: The following asserts failed:
null
at testcases.RAW_DATAMART_CURATED.SnowFlake_ColumnValidation_Master.API_Tables_ColumnName_validation(SnowFlake_ColumnValidation_Master.java:130)
at testcases.RAW_DATAMART_CURATED.SnowFlake_ColumnValidation_Master.Testcase_ColumnValidation(SnowFlake_ColumnValidation_Master.java:243)
at java.base/java.util.ArrayList.forEach(ArrayList.java:1511)
... Removed 28 stack frames]]>
    </failure>
  </testcase> <!-- Testcase_ColumnValidation -->
  <testcase classname="testcases.RAW_DATAMART_CURATED.SnowFlake_ColumnValidation_Master" name="Testcase_ColumnValidation" time="3.151"/>
  <testcase classname="testcases.RAW_DATAMART_CURATED.SnowFlake_ColumnValidation_Master" name="Testcase_ColumnValidation" time="2.762"/>
  <testcase classname="testcases.RAW_DATAMART_CURATED.SnowFlake_ColumnValidation_Master" name="Testcase_ColumnValidation" time="2.86"/>
  <testcase classname="testcases.RAW_DATAMART_CURATED.SnowFlake_ColumnValidation_Master" name="Testcase_ColumnValidation" time="2.789"/>
  <testcase classname="testcases.RAW_DATAMART_CURATED.SnowFlake_ColumnValidation_Master" name="Testcase_ColumnValidation" time="2.471"/>
  <testcase classname="testcases.RAW_DATAMART_CURATED.SnowFlake_ColumnValidation_Master" name="Testcase_ColumnValidation" time="2.96"/>
  <testcase classname="testcases.RAW_DATAMART_CURATED.SnowFlake_ColumnValidation_Master" name="Testcase_ColumnValidation" time="2.569"/>
  <testcase classname="testcases.RAW_DATAMART_CURATED.SnowFlake_ColumnValidation_Master" name="Testcase_ColumnValidation" time="3.143"/>
  <testcase classname="testcases.RAW_DATAMART_CURATED.SnowFlake_ColumnValidation_Master" name="Testcase_ColumnValidation" time="2.454"/>
  <testcase classname="testcases.RAW_DATAMART_CURATED.SnowFlake_ColumnValidation_Master" name="Testcase_ColumnValidation" time="2.999"/>
  <testcase classname="testcases.RAW_DATAMART_CURATED.SnowFlake_ColumnValidation_Master" name="Testcase_ColumnValidation" time="2.953"/>
  <testcase classname="testcases.RAW_DATAMART_CURATED.SnowFlake_ColumnValidation_Master" name="Testcase_ColumnValidation" time="2.708"/>
  <testcase classname="testcases.RAW_DATAMART_CURATED.SnowFlake_ColumnValidation_Master" name="Testcase_ColumnValidation" time="2.507"/>
  <testcase classname="testcases.RAW_DATAMART_CURATED.SnowFlake_ColumnValidation_Master" name="Testcase_ColumnValidation" time="2.893"/>
  <testcase classname="testcases.RAW_DATAMART_CURATED.SnowFlake_ColumnValidation_Master" name="Testcase_ColumnValidation" time="2.535"/>
  <testcase classname="testcases.RAW_DATAMART_CURATED.SnowFlake_ColumnValidation_Master" name="Testcase_ColumnValidation" time="2.556"/>
  <testcase classname="testcases.RAW_DATAMART_CURATED.SnowFlake_ColumnValidation_Master" name="Testcase_ColumnValidation" time="2.975"/>
  <testcase classname="testcases.RAW_DATAMART_CURATED.SnowFlake_ColumnValidation_Master" name="Testcase_ColumnValidation" time="2.886"/>
  <testcase classname="testcases.RAW_DATAMART_CURATED.SnowFlake_ColumnValidation_Master" name="Testcase_ColumnValidation" time="2.794"/>
  <testcase classname="testcases.RAW_DATAMART_CURATED.SnowFlake_ColumnValidation_Master" name="Testcase_ColumnValidation" time="2.756"/>
  <testcase classname="testcases.RAW_DATAMART_CURATED.SnowFlake_ColumnValidation_Master" name="Testcase_ColumnValidation" time="3.771"/>
  <testcase classname="testcases.RAW_DATAMART_CURATED.SnowFlake_ColumnValidation_Master" name="Testcase_ColumnValidation" time="3.37"/>
  <testcase classname="testcases.RAW_DATAMART_CURATED.SnowFlake_ColumnValidation_Master" name="Testcase_ColumnValidation" time="3.265"/>
  <testcase classname="testcases.RAW_DATAMART_CURATED.SnowFlake_ColumnValidation_Master" name="Testcase_ColumnValidation" time="2.468"/>
  <testcase classname="testcases.RAW_DATAMART_CURATED.SnowFlake_ColumnValidation_Master" name="Testcase_ColumnValidation" time="2.76"/>
  <testcase classname="testcases.RAW_DATAMART_CURATED.SnowFlake_ColumnValidation_Master" name="Testcase_ColumnValidation" time="2.591"/>
  <testcase classname="testcases.RAW_DATAMART_CURATED.SnowFlake_ColumnValidation_Master" name="Testcase_ColumnValidation" time="2.354"/>
  <testcase classname="testcases.RAW_DATAMART_CURATED.SnowFlake_ColumnValidation_Master" name="Testcase_ColumnValidation" time="2.724"/>
  <testcase classname="testcases.RAW_DATAMART_CURATED.SnowFlake_ColumnValidation_Master" name="Testcase_ColumnValidation" time="2.351"/>
  <testcase classname="testcases.RAW_DATAMART_CURATED.SnowFlake_ColumnValidation_Master" name="Testcase_ColumnValidation" time="2.799"/>
  <testcase classname="testcases.RAW_DATAMART_CURATED.SnowFlake_ColumnValidation_Master" name="Testcase_ColumnValidation" time="2.548"/>
  <testcase classname="testcases.RAW_DATAMART_CURATED.SnowFlake_ColumnValidation_Master" name="Testcase_ColumnValidation" time="2.957"/>
  <testcase classname="testcases.RAW_DATAMART_CURATED.SnowFlake_ColumnValidation_Master" name="Testcase_ColumnValidation" time="2.673"/>
  <testcase classname="testcases.RAW_DATAMART_CURATED.SnowFlake_ColumnValidation_Master" name="Testcase_ColumnValidation" time="3.611">
    <failure type="java.lang.AssertionError" message="The following asserts failed:
	null,
	null">
      <![CDATA[java.lang.AssertionError: The following asserts failed:
null,
null
at testcases.RAW_DATAMART_CURATED.SnowFlake_ColumnValidation_Master.API_Tables_ColumnName_validation(SnowFlake_ColumnValidation_Master.java:130)
at testcases.RAW_DATAMART_CURATED.SnowFlake_ColumnValidation_Master.Testcase_ColumnValidation(SnowFlake_ColumnValidation_Master.java:243)
at java.base/java.util.ArrayList.forEach(ArrayList.java:1511)
... Removed 28 stack frames]]>
    </failure>
  </testcase> <!-- Testcase_ColumnValidation -->
  <testcase classname="testcases.RAW_DATAMART_CURATED.SnowFlake_ColumnValidation_Master" name="Testcase_ColumnValidation" time="2.609"/>
  <testcase classname="testcases.RAW_DATAMART_CURATED.SnowFlake_ColumnValidation_Master" name="Testcase_ColumnValidation" time="3.062"/>
  <testcase classname="testcases.RAW_DATAMART_CURATED.SnowFlake_ColumnValidation_Master" name="Testcase_ColumnValidation" time="2.765"/>
  <testcase classname="testcases.RAW_DATAMART_CURATED.SnowFlake_ColumnValidation_Master" name="Testcase_ColumnValidation" time="3.211"/>
  <testcase classname="testcases.RAW_DATAMART_CURATED.SnowFlake_ColumnValidation_Master" name="Testcase_ColumnValidation" time="3.657"/>
  <testcase classname="testcases.RAW_DATAMART_CURATED.SnowFlake_ColumnValidation_Master" name="Testcase_ColumnValidation" time="3.275"/>
  <testcase classname="testcases.RAW_DATAMART_CURATED.SnowFlake_ColumnValidation_Master" name="Testcase_ColumnValidation" time="2.392">
    <failure type="java.lang.AssertionError" message="The following asserts failed:
	null">
      <![CDATA[java.lang.AssertionError: The following asserts failed:
null
at testcases.RAW_DATAMART_CURATED.SnowFlake_ColumnValidation_Master.API_Tables_ColumnName_validation(SnowFlake_ColumnValidation_Master.java:130)
at testcases.RAW_DATAMART_CURATED.SnowFlake_ColumnValidation_Master.Testcase_ColumnValidation(SnowFlake_ColumnValidation_Master.java:243)
at java.base/java.util.ArrayList.forEach(ArrayList.java:1511)
... Removed 28 stack frames]]>
    </failure>
  </testcase> <!-- Testcase_ColumnValidation -->
  <testcase classname="testcases.RAW_DATAMART_CURATED.SnowFlake_ColumnValidation_Master" name="Testcase_ColumnValidation" time="2.734"/>
  <testcase classname="testcases.RAW_DATAMART_CURATED.SnowFlake_ColumnValidation_Master" name="Testcase_ColumnValidation" time="2.571"/>
  <testcase classname="testcases.RAW_DATAMART_CURATED.SnowFlake_ColumnValidation_Master" name="Testcase_ColumnValidation" time="3.458"/>
  <testcase classname="testcases.RAW_DATAMART_CURATED.SnowFlake_ColumnValidation_Master" name="Testcase_ColumnValidation" time="3.585"/>
  <testcase classname="testcases.RAW_DATAMART_CURATED.SnowFlake_ColumnValidation_Master" name="Testcase_ColumnValidation" time="2.658"/>
  <testcase classname="testcases.BaseClass" name="@BeforeSuite beforeSuite" time="0.0">
    <ignored/>
  </testcase> <!-- @BeforeSuite beforeSuite -->
  <testcase classname="testcases.BaseClass" name="@AfterSuite afterSuite" time="0.0">
    <ignored/>
  </testcase> <!-- @AfterSuite afterSuite -->
</testsuite> <!-- SnowFlake -->
