<?xml version="1.0" encoding="UTF-8"?>
<!-- Generated by org.testng.reporters.JUnitXMLReporter -->
<testsuite ignored="6" hostname="BALT-CHN-00" failures="7" tests="36" name="Test" time="47.28" errors="0" timestamp="2021-11-29T18:47:23 IST">
  <testcase classname="testcases.TableCount" name="validateTableCount" time="1.649"/>
  <testcase classname="testcases.TableCount" name="validateTableCount" time="1.273">
    <failure type="java.lang.AssertionError" message="The following asserts failed:
	null">
      <![CDATA[java.lang.AssertionError: The following asserts failed:
null
at testcases.TableCount.validateTableCount(TableCount.java:45)
at java.base/java.util.ArrayList.forEach(ArrayList.java:1511)
... Removed 29 stack frames]]>
    </failure>
  </testcase> <!-- validateTableCount -->
  <testcase classname="testcases.TableCount" name="validateTableCount" time="1.234"/>
  <testcase classname="testcases.TableCount" name="validateTableCount" time="1.209"/>
  <testcase classname="testcases.TableCount" name="validateTableCount" time="1.206"/>
  <testcase classname="testcases.TableCount" name="validateTableCount" time="1.233"/>
  <testcase classname="testcases.TableCount" name="validateTableCount" time="1.457"/>
  <testcase classname="testcases.TableCount" name="validateTableCount" time="0.999">
    <failure type="java.lang.AssertionError" message="The following asserts failed:
	null">
      <![CDATA[java.lang.AssertionError: The following asserts failed:
null
at testcases.TableCount.validateTableCount(TableCount.java:45)
at java.base/java.util.ArrayList.forEach(ArrayList.java:1511)
... Removed 29 stack frames]]>
    </failure>
  </testcase> <!-- validateTableCount -->
  <testcase classname="testcases.TableCount" name="validateTableCount" time="1.318"/>
  <testcase classname="testcases.TableCount" name="validateTableCount" time="1.287">
    <failure type="java.lang.AssertionError" message="The following asserts failed:
	null">
      <![CDATA[java.lang.AssertionError: The following asserts failed:
null
at testcases.TableCount.validateTableCount(TableCount.java:45)
at java.base/java.util.ArrayList.forEach(ArrayList.java:1511)
... Removed 29 stack frames]]>
    </failure>
  </testcase> <!-- validateTableCount -->
  <testcase classname="testcases.TableCount" name="validateTableCount" time="1.374"/>
  <testcase classname="testcases.TableCount" name="validateTableCount" time="1.183"/>
  <testcase classname="testcases.RowCount" name="validateRowCountOfEachTable" time="1.87"/>
  <testcase classname="testcases.RowCount" name="validateRowCountOfEachTable" time="1.473"/>
  <testcase classname="testcases.RowCount" name="validateRowCountOfEachTable" time="1.349">
    <failure type="java.lang.AssertionError" message="The following asserts failed:
	null,
	null,
	null,
	null,
	null,
	null,
	null,
	null,
	null,
	null,
	null,
	null,
	null,
	null,
	null,
	null,
	null,
	null,
	null,
	null,
	null,
	null,
	null,
	null,
	null,
	null,
	null,
	null,
	null,
	null,
	null,
	null,
	null,
	null,
	null,
	null,
	null,
	null,
	null,
	null,
	null,
	null,
	null,
	null,
	null,
	null,
	null,
	null,
	null,
	null,
	null,
	null,
	null,
	null,
	null,
	null,
	null,
	null,
	null,
	null,
	null,
	null,
	null,
	null,
	null,
	null,
	null,
	null,
	null,
	null,
	null,
	null,
	null,
	null,
	null,
	null,
	null,
	null,
	null,
	null,
	null,
	null,
	null,
	null,
	null,
	null,
	null,
	null,
	null,
	null,
	null,
	null,
	null,
	null,
	null,
	null,
	null,
	null,
	null,
	null,
	null,
	null,
	null,
	null,
	null,
	null,
	null,
	null,
	null,
	null,
	null,
	null,
	null,
	null,
	null,
	null,
	null,
	null,
	null,
	null,
	null,
	null,
	null,
	null,
	null,
	null,
	null,
	null,
	null,
	null,
	null,
	null,
	null,
	null,
	null,
	null,
	null,
	null,
	null,
	null,
	null,
	null,
	null,
	null,
	null,
	null,
	null,
	null,
	null,
	null,
	null,
	null,
	null,
	null,
	null,
	null,
	null,
	null,
	null,
	null,
	null,
	null,
	null,
	null,
	null,
	null,
	null,
	null,
	null,
	null,
	null,
	null,
	null,
	null,
	null,
	null,
	null,
	null,
	null,
	null,
	null,
	null,
	null,
	null,
	null,
	null,
	null,
	null,
	null,
	null,
	null,
	null,
	null,
	null,
	null,
	null,
	null,
	null,
	null,
	null,
	null,
	null,
	null,
	null,
	null,
	null,
	null,
	null,
	null,
	null,
	null,
	null,
	null,
	null,
	null,
	null,
	null,
	null,
	null,
	null,
	null,
	null,
	null,
	null,
	null,
	null,
	null,
	null,
	null,
	null,
	null,
	null,
	null,
	null,
	null,
	null,
	null,
	null,
	null,
	null,
	null,
	null,
	null,
	null,
	null,
	null,
	null,
	null,
	null,
	null,
	null,
	null,
	null,
	null,
	null,
	null,
	null,
	null,
	null,
	null,
	null,
	null,
	null,
	null,
	null,
	null,
	null,
	null,
	null,
	null,
	null,
	null,
	null,
	null,
	null,
	null,
	null,
	null,
	null,
	null,
	null,
	null,
	null,
	null,
	null,
	null,
	null,
	null,
	null,
	null,
	null,
	null,
	null,
	null,
	null,
	null,
	null,
	null,
	null,
	null,
	null,
	null,
	null,
	null,
	null,
	null,
	null,
	null,
	null,
	null,
	null,
	null,
	null,
	null,
	null,
	null,
	null,
	null,
	null,
	null,
	null,
	null,
	null,
	null,
	null,
	null,
	null,
	null,
	null,
	null,
	null,
	null,
	null,
	null,
	null,
	null,
	null,
	null,
	null,
	null,
	null,
	null,
	null,
	null,
	null,
	null,
	null,
	null,
	null,
	null,
	null,
	null,
	null,
	null,
	null,
	null,
	null,
	null,
	null,
	null,
	null,
	null,
	null,
	null,
	null,
	null,
	null,
	null,
	null,
	null,
	null,
	null,
	null,
	null,
	null,
	null,
	null,
	null,
	null,
	null,
	null,
	null,
	null,
	null,
	null,
	null,
	null,
	null,
	null,
	null,
	null,
	null,
	null,
	null,
	null,
	null,
	null,
	null,
	null,
	null,
	null,
	null,
	null,
	null,
	null,
	null,
	null,
	null,
	null,
	null,
	null,
	null,
	null,
	null,
	null,
	null,
	null,
	null,
	null,
	null,
	null,
	null,
	null,
	null,
	null,
	null,
	null,
	null,
	null,
	null,
	null,
	null,
	null,
	null,
	null,
	null,
	null,
	null,
	null,
	null,
	null,
	null,
	null,
	null,
	null,
	null,
	null,
	null,
	null,
	null,
	null,
	null,
	null,
	null,
	null,
	null,
	null,
	null,
	null,
	null,
	null,
	null,
	null,
	null,
	null,
	null,
	null,
	null,
	null,
	null,
	null,
	null,
	null,
	null,
	null,
	null,
	null,
	null,
	null,
	null,
	null,
	null,
	null,
	null,
	null,
	null,
	null,
	null,
	null,
	null,
	null,
	null,
	null,
	null,
	null,
	null,
	null,
	null,
	null,
	null,
	null,
	null,
	null,
	null,
	null,
	null,
	null,
	null,
	null,
	null,
	null,
	null,
	null,
	null,
	null,
	null,
	null,
	null,
	null,
	null,
	null,
	null,
	null,
	null,
	null,
	null,
	null,
	null,
	null,
	null,
	null,
	null,
	null,
	null,
	null,
	null,
	null,
	null,
	null,
	null,
	null,
	null,
	null,
	null,
	null,
	null,
	null,
	null,
	null,
	null,
	null,
	null,
	null,
	null,
	null,
	null,
	null,
	null,
	null,
	null,
	null,
	null,
	null,
	null,
	null,
	null,
	null,
	null,
	null,
	null,
	null,
	null,
	null,
	null,
	null,
	null,
	null,
	null,
	null,
	null,
	null,
	null,
	null,
	null,
	null,
	null,
	null,
	null,
	null,
	null,
	null,
	null,
	null,
	null,
	null,
	null,
	null,
	null,
	null,
	null,
	null,
	null,
	null,
	null,
	null,
	null,
	null,
	null,
	null,
	null,
	null,
	null,
	null,
	null,
	null,
	null,
	null,
	null,
	null,
	null,
	null,
	null,
	null,
	null,
	null,
	null,
	null,
	null,
	null,
	null,
	null,
	null,
	null,
	null,
	null,
	null,
	null,
	null,
	null,
	null,
	null,
	null,
	null,
	null,
	null,
	null,
	null,
	null,
	null,
	null,
	null,
	null,
	null,
	null,
	null,
	null,
	null,
	null,
	null,
	null,
	null,
	null,
	null,
	null,
	null,
	null,
	null,
	null,
	null,
	null,
	null,
	null,
	null,
	null,
	null,
	null,
	null,
	null,
	null,
	null,
	null,
	null,
	null,
	null,
	null,
	null,
	null,
	null,
	null,
	null,
	null,
	null,
	null,
	null,
	null,
	null,
	null,
	null,
	null,
	null,
	null,
	null,
	null,
	null,
	null,
	null,
	null,
	null,
	null,
	null,
	null,
	null,
	null,
	null,
	null,
	null,
	null,
	null,
	null,
	null,
	null,
	null,
	null,
	null,
	null,
	null,
	null,
	null,
	null,
	null,
	null,
	null,
	null,
	null,
	null,
	null,
	null,
	null,
	null,
	null,
	null,
	null,
	null,
	null,
	null,
	null,
	null,
	null,
	null,
	null,
	null,
	null,
	null,
	null,
	null,
	null,
	null,
	null,
	null,
	null,
	null,
	null,
	null,
	null,
	null,
	null,
	null,
	null,
	null,
	null,
	null,
	null,
	null,
	null,
	null,
	null,
	null,
	null,
	null,
	null,
	null,
	null,
	null,
	null,
	null,
	null,
	null,
	null,
	null,
	null,
	null,
	null,
	null,
	null,
	null,
	null,
	null">
      <![CDATA[java.lang.AssertionError: The following asserts failed:
null,
null,
null,
null,
null,
null,
null,
null,
null,
null,
null,
null,
null,
null,
null,
null,
null,
null,
null,
null,
null,
null,
null,
null,
null,
null,
null,
null,
null,
null,
null,
null,
null,
null,
null,
null,
null,
null,
null,
null,
null,
null,
null,
null,
null,
null,
null,
null,
null,
null,
null,
null,
null,
null,
null,
null,
null,
null,
null,
null,
null,
null,
null,
null,
null,
null,
null,
null,
null,
null,
null,
null,
null,
null,
null,
null,
null,
null,
null,
null,
null,
null,
null,
null,
null,
null,
null,
null,
null,
null,
null,
null,
null,
null,
null,
null,
null,
null,
null,
null,
null,
null,
null,
null,
null,
null,
null,
null,
null,
null,
null,
null,
null,
null,
null,
null,
null,
null,
null,
null,
null,
null,
null,
null,
null,
null,
null,
null,
null,
null,
null,
null,
null,
null,
null,
null,
null,
null,
null,
null,
null,
null,
null,
null,
null,
null,
null,
null,
null,
null,
null,
null,
null,
null,
null,
null,
null,
null,
null,
null,
null,
null,
null,
null,
null,
null,
null,
null,
null,
null,
null,
null,
null,
null,
null,
null,
null,
null,
null,
null,
null,
null,
null,
null,
null,
null,
null,
null,
null,
null,
null,
null,
null,
null,
null,
null,
null,
null,
null,
null,
null,
null,
null,
null,
null,
null,
null,
null,
null,
null,
null,
null,
null,
null,
null,
null,
null,
null,
null,
null,
null,
null,
null,
null,
null,
null,
null,
null,
null,
null,
null,
null,
null,
null,
null,
null,
null,
null,
null,
null,
null,
null,
null,
null,
null,
null,
null,
null,
null,
null,
null,
null,
null,
null,
null,
null,
null,
null,
null,
null,
null,
null,
null,
null,
null,
null,
null,
null,
null,
null,
null,
null,
null,
null,
null,
null,
null,
null,
null,
null,
null,
null,
null,
null,
null,
null,
null,
null,
null,
null,
null,
null,
null,
null,
null,
null,
null,
null,
null,
null,
null,
null,
null,
null,
null,
null,
null,
null,
null,
null,
null,
null,
null,
null,
null,
null,
null,
null,
null,
null,
null,
null,
null,
null,
null,
null,
null,
null,
null,
null,
null,
null,
null,
null,
null,
null,
null,
null,
null,
null,
null,
null,
null,
null,
null,
null,
null,
null,
null,
null,
null,
null,
null,
null,
null,
null,
null,
null,
null,
null,
null,
null,
null,
null,
null,
null,
null,
null,
null,
null,
null,
null,
null,
null,
null,
null,
null,
null,
null,
null,
null,
null,
null,
null,
null,
null,
null,
null,
null,
null,
null,
null,
null,
null,
null,
null,
null,
null,
null,
null,
null,
null,
null,
null,
null,
null,
null,
null,
null,
null,
null,
null,
null,
null,
null,
null,
null,
null,
null,
null,
null,
null,
null,
null,
null,
null,
null,
null,
null,
null,
null,
null,
null,
null,
null,
null,
null,
null,
null,
null,
null,
null,
null,
null,
null,
null,
null,
null,
null,
null,
null,
null,
null,
null,
null,
null,
null,
null,
null,
null,
null,
null,
null,
null,
null,
null,
null,
null,
null,
null,
null,
null,
null,
null,
null,
null,
null,
null,
null,
null,
null,
null,
null,
null,
null,
null,
null,
null,
null,
null,
null,
null,
null,
null,
null,
null,
null,
null,
null,
null,
null,
null,
null,
null,
null,
null,
null,
null,
null,
null,
null,
null,
null,
null,
null,
null,
null,
null,
null,
null,
null,
null,
null,
null,
null,
null,
null,
null,
null,
null,
null,
null,
null,
null,
null,
null,
null,
null,
null,
null,
null,
null,
null,
null,
null,
null,
null,
null,
null,
null,
null,
null,
null,
null,
null,
null,
null,
null,
null,
null,
null,
null,
null,
null,
null,
null,
null,
null,
null,
null,
null,
null,
null,
null,
null,
null,
null,
null,
null,
null,
null,
null,
null,
null,
null,
null,
null,
null,
null,
null,
null,
null,
null,
null,
null,
null,
null,
null,
null,
null,
null,
null,
null,
null,
null,
null,
null,
null,
null,
null,
null,
null,
null,
null,
null,
null,
null,
null,
null,
null,
null,
null,
null,
null,
null,
null,
null,
null,
null,
null,
null,
null,
null,
null,
null,
null,
null,
null,
null,
null,
null,
null,
null,
null,
null,
null,
null,
null,
null,
null,
null,
null,
null,
null,
null,
null,
null,
null,
null,
null,
null,
null,
null,
null,
null,
null,
null,
null,
null,
null,
null,
null,
null,
null,
null,
null,
null,
null,
null,
null,
null,
null,
null,
null,
null,
null,
null,
null,
null,
null,
null,
null,
null,
null,
null,
null,
null,
null,
null,
null,
null,
null,
null,
null,
null,
null,
null,
null,
null,
null,
null,
null,
null,
null,
null,
null,
null,
null,
null,
null,
null,
null,
null,
null,
null,
null,
null,
null,
null,
null,
null,
null,
null,
null,
null,
null,
null,
null,
null,
null,
null,
null,
null,
null,
null,
null,
null,
null,
null,
null,
null,
null,
null,
null,
null,
null,
null,
null,
null,
null,
null,
null,
null,
null,
null,
null,
null,
null,
null,
null,
null,
null,
null,
null,
null,
null,
null,
null,
null,
null,
null,
null,
null,
null,
null,
null,
null,
null,
null,
null,
null,
null,
null,
null,
null,
null,
null
at testcases.RowCount.validateRowCountOfEachTable(RowCount.java:90)
at java.base/java.util.ArrayList.forEach(ArrayList.java:1511)
... Removed 29 stack frames]]>
    </failure>
  </testcase> <!-- validateRowCountOfEachTable -->
  <testcase classname="testcases.RowCount" name="validateRowCountOfEachTable" time="1.588"/>
  <testcase classname="testcases.RowCount" name="validateRowCountOfEachTable" time="1.603"/>
  <testcase classname="testcases.RowCount" name="validateRowCountOfEachTable" time="1.549"/>
  <testcase classname="testcases.RowCount" name="validateRowCountOfEachTable" time="1.507"/>
  <testcase classname="testcases.RowCount" name="validateRowCountOfEachTable" time="1.346">
    <failure type="java.lang.AssertionError" message="The following asserts failed:
	null,
	null,
	null,
	null,
	null,
	null,
	null,
	null,
	null,
	null,
	null,
	null,
	null,
	null,
	null,
	null,
	null,
	null,
	null,
	null,
	null,
	null,
	null,
	null,
	null,
	null,
	null,
	null,
	null,
	null,
	null,
	null,
	null,
	null,
	null,
	null,
	null,
	null,
	null,
	null,
	null,
	null,
	null,
	null,
	null,
	null,
	null,
	null,
	null,
	null,
	null,
	null,
	null,
	null,
	null,
	null,
	null,
	null,
	null,
	null,
	null,
	null,
	null,
	null,
	null,
	null,
	null,
	null,
	null,
	null,
	null,
	null,
	null,
	null,
	null,
	null,
	null,
	null,
	null,
	null,
	null,
	null,
	null,
	null,
	null,
	null,
	null,
	null,
	null,
	null,
	null,
	null,
	null,
	null,
	null,
	null,
	null,
	null,
	null,
	null,
	null,
	null,
	null,
	null,
	null,
	null,
	null,
	null,
	null,
	null,
	null,
	null,
	null,
	null,
	null,
	null,
	null,
	null,
	null,
	null,
	null,
	null,
	null,
	null,
	null,
	null,
	null,
	null,
	null,
	null,
	null,
	null,
	null,
	null,
	null,
	null,
	null,
	null,
	null,
	null,
	null,
	null,
	null,
	null,
	null,
	null,
	null,
	null,
	null,
	null,
	null,
	null,
	null,
	null,
	null,
	null,
	null,
	null,
	null,
	null,
	null,
	null,
	null,
	null,
	null,
	null,
	null,
	null,
	null,
	null,
	null,
	null,
	null,
	null,
	null,
	null,
	null,
	null,
	null,
	null,
	null,
	null,
	null,
	null,
	null,
	null,
	null,
	null,
	null,
	null,
	null,
	null,
	null,
	null,
	null,
	null,
	null,
	null,
	null,
	null,
	null,
	null,
	null,
	null,
	null,
	null,
	null,
	null,
	null,
	null,
	null,
	null,
	null,
	null,
	null,
	null,
	null,
	null,
	null,
	null,
	null,
	null,
	null,
	null,
	null,
	null,
	null,
	null,
	null,
	null,
	null,
	null,
	null,
	null,
	null,
	null,
	null,
	null,
	null,
	null,
	null,
	null,
	null,
	null,
	null,
	null,
	null,
	null,
	null,
	null,
	null,
	null,
	null,
	null,
	null,
	null,
	null,
	null,
	null,
	null,
	null,
	null,
	null,
	null,
	null,
	null,
	null,
	null,
	null,
	null,
	null,
	null,
	null,
	null,
	null,
	null,
	null,
	null,
	null,
	null,
	null,
	null,
	null,
	null,
	null,
	null,
	null,
	null,
	null,
	null,
	null,
	null,
	null,
	null,
	null,
	null,
	null,
	null,
	null,
	null,
	null,
	null,
	null,
	null,
	null,
	null,
	null,
	null,
	null,
	null,
	null,
	null,
	null,
	null,
	null,
	null,
	null,
	null,
	null,
	null,
	null,
	null,
	null,
	null,
	null,
	null,
	null,
	null,
	null,
	null,
	null,
	null,
	null,
	null,
	null,
	null,
	null,
	null,
	null,
	null,
	null,
	null,
	null,
	null,
	null,
	null,
	null,
	null,
	null,
	null,
	null,
	null,
	null,
	null,
	null,
	null,
	null,
	null,
	null,
	null,
	null,
	null,
	null,
	null,
	null,
	null,
	null,
	null,
	null,
	null,
	null,
	null,
	null,
	null,
	null,
	null,
	null,
	null,
	null,
	null,
	null,
	null,
	null,
	null,
	null,
	null,
	null,
	null,
	null,
	null,
	null,
	null,
	null,
	null,
	null,
	null,
	null,
	null,
	null,
	null,
	null,
	null,
	null,
	null,
	null,
	null,
	null,
	null,
	null,
	null,
	null,
	null,
	null,
	null,
	null,
	null,
	null,
	null,
	null,
	null,
	null,
	null,
	null,
	null,
	null,
	null,
	null,
	null,
	null,
	null,
	null,
	null,
	null,
	null,
	null,
	null,
	null,
	null,
	null,
	null,
	null,
	null,
	null,
	null,
	null,
	null,
	null,
	null,
	null,
	null,
	null,
	null,
	null,
	null,
	null,
	null,
	null,
	null,
	null,
	null,
	null,
	null,
	null,
	null,
	null,
	null,
	null,
	null,
	null,
	null,
	null,
	null,
	null,
	null,
	null,
	null,
	null,
	null,
	null,
	null,
	null,
	null,
	null,
	null,
	null,
	null,
	null,
	null,
	null,
	null,
	null,
	null,
	null,
	null,
	null,
	null,
	null,
	null,
	null,
	null,
	null,
	null,
	null,
	null,
	null,
	null,
	null,
	null,
	null,
	null,
	null,
	null,
	null,
	null,
	null,
	null,
	null,
	null,
	null,
	null,
	null,
	null,
	null,
	null,
	null,
	null,
	null,
	null,
	null,
	null,
	null,
	null,
	null,
	null,
	null,
	null,
	null,
	null,
	null,
	null,
	null,
	null,
	null,
	null,
	null,
	null,
	null,
	null,
	null,
	null,
	null,
	null,
	null,
	null,
	null,
	null,
	null,
	null,
	null,
	null,
	null,
	null,
	null,
	null,
	null,
	null,
	null,
	null,
	null,
	null,
	null,
	null,
	null,
	null,
	null,
	null,
	null,
	null,
	null,
	null,
	null,
	null,
	null,
	null,
	null,
	null,
	null,
	null,
	null,
	null,
	null,
	null,
	null,
	null,
	null,
	null,
	null,
	null,
	null,
	null,
	null,
	null,
	null,
	null,
	null,
	null,
	null,
	null,
	null,
	null,
	null,
	null,
	null,
	null,
	null,
	null,
	null,
	null,
	null,
	null,
	null,
	null,
	null,
	null,
	null,
	null,
	null,
	null,
	null,
	null,
	null,
	null,
	null,
	null,
	null,
	null,
	null,
	null,
	null,
	null,
	null,
	null,
	null,
	null,
	null,
	null,
	null,
	null,
	null,
	null,
	null,
	null,
	null,
	null,
	null,
	null,
	null,
	null,
	null,
	null,
	null,
	null,
	null,
	null,
	null,
	null,
	null,
	null,
	null,
	null,
	null,
	null,
	null,
	null,
	null,
	null,
	null,
	null,
	null,
	null,
	null,
	null,
	null,
	null,
	null,
	null,
	null,
	null,
	null,
	null,
	null,
	null,
	null,
	null,
	null,
	null,
	null,
	null,
	null,
	null,
	null,
	null,
	null,
	null,
	null,
	null,
	null,
	null,
	null,
	null,
	null,
	null,
	null,
	null,
	null,
	null,
	null,
	null,
	null,
	null,
	null,
	null,
	null,
	null,
	null,
	null,
	null,
	null,
	null,
	null,
	null,
	null,
	null,
	null,
	null,
	null,
	null,
	null,
	null,
	null,
	null,
	null,
	null,
	null,
	null,
	null,
	null,
	null,
	null,
	null,
	null,
	null,
	null,
	null,
	null,
	null,
	null,
	null,
	null,
	null,
	null,
	null,
	null,
	null,
	null,
	null,
	null,
	null,
	null,
	null,
	null,
	null,
	null,
	null,
	null,
	null,
	null,
	null,
	null,
	null,
	null,
	null,
	null,
	null,
	null,
	null,
	null,
	null,
	null,
	null,
	null,
	null,
	null,
	null,
	null,
	null,
	null">
      <![CDATA[java.lang.AssertionError: The following asserts failed:
null,
null,
null,
null,
null,
null,
null,
null,
null,
null,
null,
null,
null,
null,
null,
null,
null,
null,
null,
null,
null,
null,
null,
null,
null,
null,
null,
null,
null,
null,
null,
null,
null,
null,
null,
null,
null,
null,
null,
null,
null,
null,
null,
null,
null,
null,
null,
null,
null,
null,
null,
null,
null,
null,
null,
null,
null,
null,
null,
null,
null,
null,
null,
null,
null,
null,
null,
null,
null,
null,
null,
null,
null,
null,
null,
null,
null,
null,
null,
null,
null,
null,
null,
null,
null,
null,
null,
null,
null,
null,
null,
null,
null,
null,
null,
null,
null,
null,
null,
null,
null,
null,
null,
null,
null,
null,
null,
null,
null,
null,
null,
null,
null,
null,
null,
null,
null,
null,
null,
null,
null,
null,
null,
null,
null,
null,
null,
null,
null,
null,
null,
null,
null,
null,
null,
null,
null,
null,
null,
null,
null,
null,
null,
null,
null,
null,
null,
null,
null,
null,
null,
null,
null,
null,
null,
null,
null,
null,
null,
null,
null,
null,
null,
null,
null,
null,
null,
null,
null,
null,
null,
null,
null,
null,
null,
null,
null,
null,
null,
null,
null,
null,
null,
null,
null,
null,
null,
null,
null,
null,
null,
null,
null,
null,
null,
null,
null,
null,
null,
null,
null,
null,
null,
null,
null,
null,
null,
null,
null,
null,
null,
null,
null,
null,
null,
null,
null,
null,
null,
null,
null,
null,
null,
null,
null,
null,
null,
null,
null,
null,
null,
null,
null,
null,
null,
null,
null,
null,
null,
null,
null,
null,
null,
null,
null,
null,
null,
null,
null,
null,
null,
null,
null,
null,
null,
null,
null,
null,
null,
null,
null,
null,
null,
null,
null,
null,
null,
null,
null,
null,
null,
null,
null,
null,
null,
null,
null,
null,
null,
null,
null,
null,
null,
null,
null,
null,
null,
null,
null,
null,
null,
null,
null,
null,
null,
null,
null,
null,
null,
null,
null,
null,
null,
null,
null,
null,
null,
null,
null,
null,
null,
null,
null,
null,
null,
null,
null,
null,
null,
null,
null,
null,
null,
null,
null,
null,
null,
null,
null,
null,
null,
null,
null,
null,
null,
null,
null,
null,
null,
null,
null,
null,
null,
null,
null,
null,
null,
null,
null,
null,
null,
null,
null,
null,
null,
null,
null,
null,
null,
null,
null,
null,
null,
null,
null,
null,
null,
null,
null,
null,
null,
null,
null,
null,
null,
null,
null,
null,
null,
null,
null,
null,
null,
null,
null,
null,
null,
null,
null,
null,
null,
null,
null,
null,
null,
null,
null,
null,
null,
null,
null,
null,
null,
null,
null,
null,
null,
null,
null,
null,
null,
null,
null,
null,
null,
null,
null,
null,
null,
null,
null,
null,
null,
null,
null,
null,
null,
null,
null,
null,
null,
null,
null,
null,
null,
null,
null,
null,
null,
null,
null,
null,
null,
null,
null,
null,
null,
null,
null,
null,
null,
null,
null,
null,
null,
null,
null,
null,
null,
null,
null,
null,
null,
null,
null,
null,
null,
null,
null,
null,
null,
null,
null,
null,
null,
null,
null,
null,
null,
null,
null,
null,
null,
null,
null,
null,
null,
null,
null,
null,
null,
null,
null,
null,
null,
null,
null,
null,
null,
null,
null,
null,
null,
null,
null,
null,
null,
null,
null,
null,
null,
null,
null,
null,
null,
null,
null,
null,
null,
null,
null,
null,
null,
null,
null,
null,
null,
null,
null,
null,
null,
null,
null,
null,
null,
null,
null,
null,
null,
null,
null,
null,
null,
null,
null,
null,
null,
null,
null,
null,
null,
null,
null,
null,
null,
null,
null,
null,
null,
null,
null,
null,
null,
null,
null,
null,
null,
null,
null,
null,
null,
null,
null,
null,
null,
null,
null,
null,
null,
null,
null,
null,
null,
null,
null,
null,
null,
null,
null,
null,
null,
null,
null,
null,
null,
null,
null,
null,
null,
null,
null,
null,
null,
null,
null,
null,
null,
null,
null,
null,
null,
null,
null,
null,
null,
null,
null,
null,
null,
null,
null,
null,
null,
null,
null,
null,
null,
null,
null,
null,
null,
null,
null,
null,
null,
null,
null,
null,
null,
null,
null,
null,
null,
null,
null,
null,
null,
null,
null,
null,
null,
null,
null,
null,
null,
null,
null,
null,
null,
null,
null,
null,
null,
null,
null,
null,
null,
null,
null,
null,
null,
null,
null,
null,
null,
null,
null,
null,
null,
null,
null,
null,
null,
null,
null,
null,
null,
null,
null,
null,
null,
null,
null,
null,
null,
null,
null,
null,
null,
null,
null,
null,
null,
null,
null,
null,
null,
null,
null,
null,
null,
null,
null,
null,
null,
null,
null,
null,
null,
null,
null,
null,
null,
null,
null,
null,
null,
null,
null,
null,
null,
null,
null,
null,
null,
null,
null,
null,
null,
null,
null,
null,
null,
null,
null,
null,
null,
null,
null,
null,
null,
null,
null,
null,
null,
null,
null,
null,
null,
null,
null,
null,
null,
null,
null,
null,
null,
null,
null,
null,
null,
null,
null,
null,
null,
null,
null,
null,
null,
null,
null,
null,
null,
null,
null,
null,
null,
null,
null,
null,
null,
null,
null,
null,
null,
null,
null
at testcases.RowCount.validateRowCountOfEachTable(RowCount.java:90)
at java.base/java.util.ArrayList.forEach(ArrayList.java:1511)
... Removed 29 stack frames]]>
    </failure>
  </testcase> <!-- validateRowCountOfEachTable -->
  <testcase classname="testcases.RowCount" name="validateRowCountOfEachTable" time="1.441"/>
  <testcase classname="testcases.RowCount" name="validateRowCountOfEachTable" time="1.637"/>
  <testcase classname="testcases.RowCount" name="validateRowCountOfEachTable" time="1.649"/>
  <testcase classname="testcases.RowCount" name="validateRowCountOfEachTable" time="1.524"/>
  <testcase classname="testcases.ColumnCheck" name="validateColumnName" time="1.615"/>
  <testcase classname="testcases.ColumnCheck" name="validateColumnName" time="1.138"/>
  <testcase classname="testcases.ColumnCheck" name="validateColumnName" time="0.991"/>
  <testcase classname="testcases.ColumnCheck" name="validateColumnName" time="0.974"/>
  <testcase classname="testcases.ColumnCheck" name="validateColumnName" time="0.988">
    <failure type="java.lang.AssertionError" message="The following asserts failed:
	null">
      <![CDATA[java.lang.AssertionError: The following asserts failed:
null
at testcases.ColumnCheck.validateColumnName(ColumnCheck.java:37)
at java.base/java.util.ArrayList.forEach(ArrayList.java:1511)
... Removed 29 stack frames]]>
    </failure>
  </testcase> <!-- validateColumnName -->
  <testcase classname="testcases.ColumnCheck" name="validateColumnName" time="0.995"/>
  <testcase classname="testcases.ColumnCheck" name="validateColumnName" time="0.994"/>
  <testcase classname="testcases.ColumnCheck" name="validateColumnName" time="0.96">
    <failure type="java.lang.AssertionError" message="The following asserts failed:
	null">
      <![CDATA[java.lang.AssertionError: The following asserts failed:
null
at testcases.ColumnCheck.validateColumnName(ColumnCheck.java:37)
at java.base/java.util.ArrayList.forEach(ArrayList.java:1511)
... Removed 29 stack frames]]>
    </failure>
  </testcase> <!-- validateColumnName -->
  <testcase classname="testcases.ColumnCheck" name="validateColumnName" time="0.991"/>
  <testcase classname="testcases.ColumnCheck" name="validateColumnName" time="1.071"/>
  <testcase classname="testcases.ColumnCheck" name="validateColumnName" time="1.076"/>
  <testcase classname="testcases.ColumnCheck" name="validateColumnName" time="1.064"/>
  <testcase classname="testcases.RowCount" name="validateRowCount" time="0.0">
    <ignored/>
  </testcase> <!-- validateRowCount -->
  <testcase classname="testcases.TableCount" name="validateCount" time="0.0">
    <ignored/>
  </testcase> <!-- validateCount -->
  <testcase classname="testcases.BaseClass" name="@BeforeSuite beforeSuite" time="0.0">
    <ignored/>
  </testcase> <!-- @BeforeSuite beforeSuite -->
  <testcase classname="testcases.BaseClass" name="@BeforeSuite beforeSuite" time="0.0">
    <ignored/>
  </testcase> <!-- @BeforeSuite beforeSuite -->
  <testcase classname="testcases.BaseClass" name="@AfterSuite afterSuite" time="0.0">
    <ignored/>
  </testcase> <!-- @AfterSuite afterSuite -->
  <testcase classname="testcases.BaseClass" name="@AfterSuite afterSuite" time="0.0">
    <ignored/>
  </testcase> <!-- @AfterSuite afterSuite -->
</testsuite> <!-- Test -->
