<?xml version="1.0" encoding="UTF-8"?>
<!-- Generated by org.testng.reporters.JUnitXMLReporter -->
<testsuite ignored="2" hostname="BALT-CHN-00" failures="597" tests="625" name="SnowFlake(failed)" time="1448.468" errors="0" timestamp="2021-12-09T11:50:30 IST">
  <testcase classname="testcases.RAW_DATAMART_CURATED.SnowFlake_ColumnValidation_Master" name="Testcase_ColumnValidation" time="3.429">
    <failure type="java.lang.AssertionError" message="The following asserts failed:
	null">
      <![CDATA[java.lang.AssertionError: The following asserts failed:
null
at testcases.RAW_DATAMART_CURATED.SnowFlake_ColumnValidation_Master.BKP_Tables_ColumnName_validation(SnowFlake_ColumnValidation_Master.java:231)
at testcases.RAW_DATAMART_CURATED.SnowFlake_ColumnValidation_Master.Testcase_ColumnValidation(SnowFlake_ColumnValidation_Master.java:240)
at java.base/java.util.ArrayList.forEach(ArrayList.java:1511)
... Removed 29 stack frames]]>
    </failure>
  </testcase> <!-- Testcase_ColumnValidation -->
  <testcase classname="testcases.RAW_DATAMART_CURATED.SnowFlake_ColumnValidation_Master" name="Testcase_ColumnValidation" time="3.187">
    <failure type="java.lang.AssertionError" message="The following asserts failed:
	null">
      <![CDATA[java.lang.AssertionError: The following asserts failed:
null
at testcases.RAW_DATAMART_CURATED.SnowFlake_ColumnValidation_Master.BKP_Tables_ColumnName_validation(SnowFlake_ColumnValidation_Master.java:231)
at testcases.RAW_DATAMART_CURATED.SnowFlake_ColumnValidation_Master.Testcase_ColumnValidation(SnowFlake_ColumnValidation_Master.java:240)
at java.base/java.util.ArrayList.forEach(ArrayList.java:1511)
... Removed 29 stack frames]]>
    </failure>
  </testcase> <!-- Testcase_ColumnValidation -->
  <testcase classname="testcases.RAW_DATAMART_CURATED.SnowFlake_ColumnValidation_Master" name="Testcase_ColumnValidation" time="2.744">
    <failure type="java.lang.AssertionError" message="The following asserts failed:
	null">
      <![CDATA[java.lang.AssertionError: The following asserts failed:
null
at testcases.RAW_DATAMART_CURATED.SnowFlake_ColumnValidation_Master.BKP_Tables_ColumnName_validation(SnowFlake_ColumnValidation_Master.java:231)
at testcases.RAW_DATAMART_CURATED.SnowFlake_ColumnValidation_Master.Testcase_ColumnValidation(SnowFlake_ColumnValidation_Master.java:240)
at java.base/java.util.ArrayList.forEach(ArrayList.java:1511)
... Removed 29 stack frames]]>
    </failure>
  </testcase> <!-- Testcase_ColumnValidation -->
  <testcase classname="testcases.RAW_DATAMART_CURATED.SnowFlake_ColumnValidation_Master" name="Testcase_ColumnValidation" time="2.243">
    <failure type="java.lang.AssertionError" message="The following asserts failed:
	null">
      <![CDATA[java.lang.AssertionError: The following asserts failed:
null
at testcases.RAW_DATAMART_CURATED.SnowFlake_ColumnValidation_Master.BKP_Tables_ColumnName_validation(SnowFlake_ColumnValidation_Master.java:231)
at testcases.RAW_DATAMART_CURATED.SnowFlake_ColumnValidation_Master.Testcase_ColumnValidation(SnowFlake_ColumnValidation_Master.java:240)
at java.base/java.util.ArrayList.forEach(ArrayList.java:1511)
... Removed 29 stack frames]]>
    </failure>
  </testcase> <!-- Testcase_ColumnValidation -->
  <testcase classname="testcases.RAW_DATAMART_CURATED.SnowFlake_ColumnValidation_Master" name="Testcase_ColumnValidation" time="2.549">
    <failure type="java.lang.AssertionError" message="The following asserts failed:
	null">
      <![CDATA[java.lang.AssertionError: The following asserts failed:
null
at testcases.RAW_DATAMART_CURATED.SnowFlake_ColumnValidation_Master.BKP_Tables_ColumnName_validation(SnowFlake_ColumnValidation_Master.java:231)
at testcases.RAW_DATAMART_CURATED.SnowFlake_ColumnValidation_Master.Testcase_ColumnValidation(SnowFlake_ColumnValidation_Master.java:240)
at java.base/java.util.ArrayList.forEach(ArrayList.java:1511)
... Removed 29 stack frames]]>
    </failure>
  </testcase> <!-- Testcase_ColumnValidation -->
  <testcase classname="testcases.RAW_DATAMART_CURATED.SnowFlake_ColumnValidation_Master" name="Testcase_ColumnValidation" time="2.356">
    <failure type="java.lang.AssertionError" message="The following asserts failed:
	null">
      <![CDATA[java.lang.AssertionError: The following asserts failed:
null
at testcases.RAW_DATAMART_CURATED.SnowFlake_ColumnValidation_Master.BKP_Tables_ColumnName_validation(SnowFlake_ColumnValidation_Master.java:231)
at testcases.RAW_DATAMART_CURATED.SnowFlake_ColumnValidation_Master.Testcase_ColumnValidation(SnowFlake_ColumnValidation_Master.java:240)
at java.base/java.util.ArrayList.forEach(ArrayList.java:1511)
... Removed 29 stack frames]]>
    </failure>
  </testcase> <!-- Testcase_ColumnValidation -->
  <testcase classname="testcases.RAW_DATAMART_CURATED.SnowFlake_ColumnValidation_Master" name="Testcase_ColumnValidation" time="2.763">
    <failure type="java.lang.AssertionError" message="The following asserts failed:
	null">
      <![CDATA[java.lang.AssertionError: The following asserts failed:
null
at testcases.RAW_DATAMART_CURATED.SnowFlake_ColumnValidation_Master.BKP_Tables_ColumnName_validation(SnowFlake_ColumnValidation_Master.java:231)
at testcases.RAW_DATAMART_CURATED.SnowFlake_ColumnValidation_Master.Testcase_ColumnValidation(SnowFlake_ColumnValidation_Master.java:240)
at java.base/java.util.ArrayList.forEach(ArrayList.java:1511)
... Removed 29 stack frames]]>
    </failure>
  </testcase> <!-- Testcase_ColumnValidation -->
  <testcase classname="testcases.RAW_DATAMART_CURATED.SnowFlake_ColumnValidation_Master" name="Testcase_ColumnValidation" time="2.86">
    <failure type="java.lang.AssertionError" message="The following asserts failed:
	null">
      <![CDATA[java.lang.AssertionError: The following asserts failed:
null
at testcases.RAW_DATAMART_CURATED.SnowFlake_ColumnValidation_Master.BKP_Tables_ColumnName_validation(SnowFlake_ColumnValidation_Master.java:231)
at testcases.RAW_DATAMART_CURATED.SnowFlake_ColumnValidation_Master.Testcase_ColumnValidation(SnowFlake_ColumnValidation_Master.java:240)
at java.base/java.util.ArrayList.forEach(ArrayList.java:1511)
... Removed 29 stack frames]]>
    </failure>
  </testcase> <!-- Testcase_ColumnValidation -->
  <testcase classname="testcases.RAW_DATAMART_CURATED.SnowFlake_ColumnValidation_Master" name="Testcase_ColumnValidation" time="2.685">
    <failure type="java.lang.AssertionError" message="The following asserts failed:
	null">
      <![CDATA[java.lang.AssertionError: The following asserts failed:
null
at testcases.RAW_DATAMART_CURATED.SnowFlake_ColumnValidation_Master.BKP_Tables_ColumnName_validation(SnowFlake_ColumnValidation_Master.java:231)
at testcases.RAW_DATAMART_CURATED.SnowFlake_ColumnValidation_Master.Testcase_ColumnValidation(SnowFlake_ColumnValidation_Master.java:240)
at java.base/java.util.ArrayList.forEach(ArrayList.java:1511)
... Removed 29 stack frames]]>
    </failure>
  </testcase> <!-- Testcase_ColumnValidation -->
  <testcase classname="testcases.RAW_DATAMART_CURATED.SnowFlake_ColumnValidation_Master" name="Testcase_ColumnValidation" time="2.372">
    <failure type="java.lang.AssertionError" message="The following asserts failed:
	null">
      <![CDATA[java.lang.AssertionError: The following asserts failed:
null
at testcases.RAW_DATAMART_CURATED.SnowFlake_ColumnValidation_Master.BKP_Tables_ColumnName_validation(SnowFlake_ColumnValidation_Master.java:231)
at testcases.RAW_DATAMART_CURATED.SnowFlake_ColumnValidation_Master.Testcase_ColumnValidation(SnowFlake_ColumnValidation_Master.java:240)
at java.base/java.util.ArrayList.forEach(ArrayList.java:1511)
... Removed 29 stack frames]]>
    </failure>
  </testcase> <!-- Testcase_ColumnValidation -->
  <testcase classname="testcases.RAW_DATAMART_CURATED.SnowFlake_ColumnValidation_Master" name="Testcase_ColumnValidation" time="2.211">
    <failure type="java.lang.AssertionError" message="The following asserts failed:
	null">
      <![CDATA[java.lang.AssertionError: The following asserts failed:
null
at testcases.RAW_DATAMART_CURATED.SnowFlake_ColumnValidation_Master.BKP_Tables_ColumnName_validation(SnowFlake_ColumnValidation_Master.java:231)
at testcases.RAW_DATAMART_CURATED.SnowFlake_ColumnValidation_Master.Testcase_ColumnValidation(SnowFlake_ColumnValidation_Master.java:240)
at java.base/java.util.ArrayList.forEach(ArrayList.java:1511)
... Removed 29 stack frames]]>
    </failure>
  </testcase> <!-- Testcase_ColumnValidation -->
  <testcase classname="testcases.RAW_DATAMART_CURATED.SnowFlake_ColumnValidation_Master" name="Testcase_ColumnValidation" time="2.18">
    <failure type="java.lang.AssertionError" message="The following asserts failed:
	null">
      <![CDATA[java.lang.AssertionError: The following asserts failed:
null
at testcases.RAW_DATAMART_CURATED.SnowFlake_ColumnValidation_Master.BKP_Tables_ColumnName_validation(SnowFlake_ColumnValidation_Master.java:231)
at testcases.RAW_DATAMART_CURATED.SnowFlake_ColumnValidation_Master.Testcase_ColumnValidation(SnowFlake_ColumnValidation_Master.java:240)
at java.base/java.util.ArrayList.forEach(ArrayList.java:1511)
... Removed 29 stack frames]]>
    </failure>
  </testcase> <!-- Testcase_ColumnValidation -->
  <testcase classname="testcases.RAW_DATAMART_CURATED.SnowFlake_ColumnValidation_Master" name="Testcase_ColumnValidation" time="2.319">
    <failure type="java.lang.AssertionError" message="The following asserts failed:
	null">
      <![CDATA[java.lang.AssertionError: The following asserts failed:
null
at testcases.RAW_DATAMART_CURATED.SnowFlake_ColumnValidation_Master.BKP_Tables_ColumnName_validation(SnowFlake_ColumnValidation_Master.java:231)
at testcases.RAW_DATAMART_CURATED.SnowFlake_ColumnValidation_Master.Testcase_ColumnValidation(SnowFlake_ColumnValidation_Master.java:240)
at java.base/java.util.ArrayList.forEach(ArrayList.java:1511)
... Removed 29 stack frames]]>
    </failure>
  </testcase> <!-- Testcase_ColumnValidation -->
  <testcase classname="testcases.RAW_DATAMART_CURATED.SnowFlake_ColumnValidation_Master" name="Testcase_ColumnValidation" time="2.148">
    <failure type="java.lang.AssertionError" message="The following asserts failed:
	null">
      <![CDATA[java.lang.AssertionError: The following asserts failed:
null
at testcases.RAW_DATAMART_CURATED.SnowFlake_ColumnValidation_Master.BKP_Tables_ColumnName_validation(SnowFlake_ColumnValidation_Master.java:231)
at testcases.RAW_DATAMART_CURATED.SnowFlake_ColumnValidation_Master.Testcase_ColumnValidation(SnowFlake_ColumnValidation_Master.java:240)
at java.base/java.util.ArrayList.forEach(ArrayList.java:1511)
... Removed 29 stack frames]]>
    </failure>
  </testcase> <!-- Testcase_ColumnValidation -->
  <testcase classname="testcases.RAW_DATAMART_CURATED.SnowFlake_ColumnValidation_Master" name="Testcase_ColumnValidation" time="2.142">
    <failure type="java.lang.AssertionError" message="The following asserts failed:
	null">
      <![CDATA[java.lang.AssertionError: The following asserts failed:
null
at testcases.RAW_DATAMART_CURATED.SnowFlake_ColumnValidation_Master.BKP_Tables_ColumnName_validation(SnowFlake_ColumnValidation_Master.java:231)
at testcases.RAW_DATAMART_CURATED.SnowFlake_ColumnValidation_Master.Testcase_ColumnValidation(SnowFlake_ColumnValidation_Master.java:240)
at java.base/java.util.ArrayList.forEach(ArrayList.java:1511)
... Removed 29 stack frames]]>
    </failure>
  </testcase> <!-- Testcase_ColumnValidation -->
  <testcase classname="testcases.RAW_DATAMART_CURATED.SnowFlake_ColumnValidation_Master" name="Testcase_ColumnValidation" time="2.459">
    <failure type="java.lang.AssertionError" message="The following asserts failed:
	null">
      <![CDATA[java.lang.AssertionError: The following asserts failed:
null
at testcases.RAW_DATAMART_CURATED.SnowFlake_ColumnValidation_Master.BKP_Tables_ColumnName_validation(SnowFlake_ColumnValidation_Master.java:231)
at testcases.RAW_DATAMART_CURATED.SnowFlake_ColumnValidation_Master.Testcase_ColumnValidation(SnowFlake_ColumnValidation_Master.java:240)
at java.base/java.util.ArrayList.forEach(ArrayList.java:1511)
... Removed 29 stack frames]]>
    </failure>
  </testcase> <!-- Testcase_ColumnValidation -->
  <testcase classname="testcases.RAW_DATAMART_CURATED.SnowFlake_ColumnValidation_Master" name="Testcase_ColumnValidation" time="2.349">
    <failure type="java.lang.AssertionError" message="The following asserts failed:
	null">
      <![CDATA[java.lang.AssertionError: The following asserts failed:
null
at testcases.RAW_DATAMART_CURATED.SnowFlake_ColumnValidation_Master.BKP_Tables_ColumnName_validation(SnowFlake_ColumnValidation_Master.java:231)
at testcases.RAW_DATAMART_CURATED.SnowFlake_ColumnValidation_Master.Testcase_ColumnValidation(SnowFlake_ColumnValidation_Master.java:240)
at java.base/java.util.ArrayList.forEach(ArrayList.java:1511)
... Removed 28 stack frames]]>
    </failure>
  </testcase> <!-- Testcase_ColumnValidation -->
  <testcase classname="testcases.RAW_DATAMART_CURATED.SnowFlake_ColumnValidation_Master" name="Testcase_ColumnValidation" time="2.571">
    <failure type="java.lang.AssertionError" message="The following asserts failed:
	null">
      <![CDATA[java.lang.AssertionError: The following asserts failed:
null
at testcases.RAW_DATAMART_CURATED.SnowFlake_ColumnValidation_Master.BKP_Tables_ColumnName_validation(SnowFlake_ColumnValidation_Master.java:231)
at testcases.RAW_DATAMART_CURATED.SnowFlake_ColumnValidation_Master.Testcase_ColumnValidation(SnowFlake_ColumnValidation_Master.java:240)
at java.base/java.util.ArrayList.forEach(ArrayList.java:1511)
... Removed 28 stack frames]]>
    </failure>
  </testcase> <!-- Testcase_ColumnValidation -->
  <testcase classname="testcases.RAW_DATAMART_CURATED.SnowFlake_ColumnValidation_Master" name="Testcase_ColumnValidation" time="2.241">
    <failure type="java.lang.AssertionError" message="The following asserts failed:
	null">
      <![CDATA[java.lang.AssertionError: The following asserts failed:
null
at testcases.RAW_DATAMART_CURATED.SnowFlake_ColumnValidation_Master.BKP_Tables_ColumnName_validation(SnowFlake_ColumnValidation_Master.java:231)
at testcases.RAW_DATAMART_CURATED.SnowFlake_ColumnValidation_Master.Testcase_ColumnValidation(SnowFlake_ColumnValidation_Master.java:240)
at java.base/java.util.ArrayList.forEach(ArrayList.java:1511)
... Removed 28 stack frames]]>
    </failure>
  </testcase> <!-- Testcase_ColumnValidation -->
  <testcase classname="testcases.RAW_DATAMART_CURATED.SnowFlake_ColumnValidation_Master" name="Testcase_ColumnValidation" time="2.144">
    <failure type="java.lang.AssertionError" message="The following asserts failed:
	null">
      <![CDATA[java.lang.AssertionError: The following asserts failed:
null
at testcases.RAW_DATAMART_CURATED.SnowFlake_ColumnValidation_Master.BKP_Tables_ColumnName_validation(SnowFlake_ColumnValidation_Master.java:231)
at testcases.RAW_DATAMART_CURATED.SnowFlake_ColumnValidation_Master.Testcase_ColumnValidation(SnowFlake_ColumnValidation_Master.java:240)
at java.base/java.util.ArrayList.forEach(ArrayList.java:1511)
... Removed 28 stack frames]]>
    </failure>
  </testcase> <!-- Testcase_ColumnValidation -->
  <testcase classname="testcases.RAW_DATAMART_CURATED.SnowFlake_ColumnValidation_Master" name="Testcase_ColumnValidation" time="2.177">
    <failure type="java.lang.AssertionError" message="The following asserts failed:
	null">
      <![CDATA[java.lang.AssertionError: The following asserts failed:
null
at testcases.RAW_DATAMART_CURATED.SnowFlake_ColumnValidation_Master.BKP_Tables_ColumnName_validation(SnowFlake_ColumnValidation_Master.java:231)
at testcases.RAW_DATAMART_CURATED.SnowFlake_ColumnValidation_Master.Testcase_ColumnValidation(SnowFlake_ColumnValidation_Master.java:240)
at java.base/java.util.ArrayList.forEach(ArrayList.java:1511)
... Removed 28 stack frames]]>
    </failure>
  </testcase> <!-- Testcase_ColumnValidation -->
  <testcase classname="testcases.RAW_DATAMART_CURATED.SnowFlake_ColumnValidation_Master" name="Testcase_ColumnValidation" time="2.236">
    <failure type="java.lang.AssertionError" message="The following asserts failed:
	null">
      <![CDATA[java.lang.AssertionError: The following asserts failed:
null
at testcases.RAW_DATAMART_CURATED.SnowFlake_ColumnValidation_Master.BKP_Tables_ColumnName_validation(SnowFlake_ColumnValidation_Master.java:231)
at testcases.RAW_DATAMART_CURATED.SnowFlake_ColumnValidation_Master.Testcase_ColumnValidation(SnowFlake_ColumnValidation_Master.java:240)
at java.base/java.util.ArrayList.forEach(ArrayList.java:1511)
... Removed 28 stack frames]]>
    </failure>
  </testcase> <!-- Testcase_ColumnValidation -->
  <testcase classname="testcases.RAW_DATAMART_CURATED.SnowFlake_ColumnValidation_Master" name="Testcase_ColumnValidation" time="2.545">
    <failure type="java.lang.AssertionError" message="The following asserts failed:
	null">
      <![CDATA[java.lang.AssertionError: The following asserts failed:
null
at testcases.RAW_DATAMART_CURATED.SnowFlake_ColumnValidation_Master.BKP_Tables_ColumnName_validation(SnowFlake_ColumnValidation_Master.java:231)
at testcases.RAW_DATAMART_CURATED.SnowFlake_ColumnValidation_Master.Testcase_ColumnValidation(SnowFlake_ColumnValidation_Master.java:240)
at java.base/java.util.ArrayList.forEach(ArrayList.java:1511)
... Removed 28 stack frames]]>
    </failure>
  </testcase> <!-- Testcase_ColumnValidation -->
  <testcase classname="testcases.RAW_DATAMART_CURATED.SnowFlake_ColumnValidation_Master" name="Testcase_ColumnValidation" time="2.352">
    <failure type="java.lang.AssertionError" message="The following asserts failed:
	null">
      <![CDATA[java.lang.AssertionError: The following asserts failed:
null
at testcases.RAW_DATAMART_CURATED.SnowFlake_ColumnValidation_Master.BKP_Tables_ColumnName_validation(SnowFlake_ColumnValidation_Master.java:231)
at testcases.RAW_DATAMART_CURATED.SnowFlake_ColumnValidation_Master.Testcase_ColumnValidation(SnowFlake_ColumnValidation_Master.java:240)
at java.base/java.util.ArrayList.forEach(ArrayList.java:1511)
... Removed 28 stack frames]]>
    </failure>
  </testcase> <!-- Testcase_ColumnValidation -->
  <testcase classname="testcases.RAW_DATAMART_CURATED.SnowFlake_ColumnValidation_Master" name="Testcase_ColumnValidation" time="2.467">
    <failure type="java.lang.AssertionError" message="The following asserts failed:
	null">
      <![CDATA[java.lang.AssertionError: The following asserts failed:
null
at testcases.RAW_DATAMART_CURATED.SnowFlake_ColumnValidation_Master.BKP_Tables_ColumnName_validation(SnowFlake_ColumnValidation_Master.java:231)
at testcases.RAW_DATAMART_CURATED.SnowFlake_ColumnValidation_Master.Testcase_ColumnValidation(SnowFlake_ColumnValidation_Master.java:240)
at java.base/java.util.ArrayList.forEach(ArrayList.java:1511)
... Removed 28 stack frames]]>
    </failure>
  </testcase> <!-- Testcase_ColumnValidation -->
  <testcase classname="testcases.RAW_DATAMART_CURATED.SnowFlake_ColumnValidation_Master" name="Testcase_ColumnValidation" time="2.549">
    <failure type="java.lang.AssertionError" message="The following asserts failed:
	null">
      <![CDATA[java.lang.AssertionError: The following asserts failed:
null
at testcases.RAW_DATAMART_CURATED.SnowFlake_ColumnValidation_Master.BKP_Tables_ColumnName_validation(SnowFlake_ColumnValidation_Master.java:231)
at testcases.RAW_DATAMART_CURATED.SnowFlake_ColumnValidation_Master.Testcase_ColumnValidation(SnowFlake_ColumnValidation_Master.java:240)
at java.base/java.util.ArrayList.forEach(ArrayList.java:1511)
... Removed 28 stack frames]]>
    </failure>
  </testcase> <!-- Testcase_ColumnValidation -->
  <testcase classname="testcases.RAW_DATAMART_CURATED.SnowFlake_ColumnValidation_Master" name="Testcase_ColumnValidation" time="4.298">
    <failure type="java.lang.AssertionError" message="The following asserts failed:
	null">
      <![CDATA[java.lang.AssertionError: The following asserts failed:
null
at testcases.RAW_DATAMART_CURATED.SnowFlake_ColumnValidation_Master.BKP_Tables_ColumnName_validation(SnowFlake_ColumnValidation_Master.java:231)
at testcases.RAW_DATAMART_CURATED.SnowFlake_ColumnValidation_Master.Testcase_ColumnValidation(SnowFlake_ColumnValidation_Master.java:240)
at java.base/java.util.ArrayList.forEach(ArrayList.java:1511)
... Removed 28 stack frames]]>
    </failure>
  </testcase> <!-- Testcase_ColumnValidation -->
  <testcase classname="testcases.RAW_DATAMART_CURATED.SnowFlake_ColumnValidation_Master" name="Testcase_ColumnValidation" time="3.091">
    <failure type="java.lang.AssertionError" message="The following asserts failed:
	null">
      <![CDATA[java.lang.AssertionError: The following asserts failed:
null
at testcases.RAW_DATAMART_CURATED.SnowFlake_ColumnValidation_Master.BKP_Tables_ColumnName_validation(SnowFlake_ColumnValidation_Master.java:231)
at testcases.RAW_DATAMART_CURATED.SnowFlake_ColumnValidation_Master.Testcase_ColumnValidation(SnowFlake_ColumnValidation_Master.java:240)
at java.base/java.util.ArrayList.forEach(ArrayList.java:1511)
... Removed 28 stack frames]]>
    </failure>
  </testcase> <!-- Testcase_ColumnValidation -->
  <testcase classname="testcases.RAW_DATAMART_CURATED.SnowFlake_ColumnValidation_Master" name="Testcase_ColumnValidation" time="2.439">
    <failure type="java.lang.AssertionError" message="The following asserts failed:
	null">
      <![CDATA[java.lang.AssertionError: The following asserts failed:
null
at testcases.RAW_DATAMART_CURATED.SnowFlake_ColumnValidation_Master.BKP_Tables_ColumnName_validation(SnowFlake_ColumnValidation_Master.java:231)
at testcases.RAW_DATAMART_CURATED.SnowFlake_ColumnValidation_Master.Testcase_ColumnValidation(SnowFlake_ColumnValidation_Master.java:240)
at java.base/java.util.ArrayList.forEach(ArrayList.java:1511)
... Removed 28 stack frames]]>
    </failure>
  </testcase> <!-- Testcase_ColumnValidation -->
  <testcase classname="testcases.RAW_DATAMART_CURATED.SnowFlake_ColumnValidation_Master" name="Testcase_ColumnValidation" time="2.353">
    <failure type="java.lang.AssertionError" message="The following asserts failed:
	null">
      <![CDATA[java.lang.AssertionError: The following asserts failed:
null
at testcases.RAW_DATAMART_CURATED.SnowFlake_ColumnValidation_Master.BKP_Tables_ColumnName_validation(SnowFlake_ColumnValidation_Master.java:231)
at testcases.RAW_DATAMART_CURATED.SnowFlake_ColumnValidation_Master.Testcase_ColumnValidation(SnowFlake_ColumnValidation_Master.java:240)
at java.base/java.util.ArrayList.forEach(ArrayList.java:1511)
... Removed 28 stack frames]]>
    </failure>
  </testcase> <!-- Testcase_ColumnValidation -->
  <testcase classname="testcases.RAW_DATAMART_CURATED.SnowFlake_ColumnValidation_Master" name="Testcase_ColumnValidation" time="2.255">
    <failure type="java.lang.AssertionError" message="The following asserts failed:
	null">
      <![CDATA[java.lang.AssertionError: The following asserts failed:
null
at testcases.RAW_DATAMART_CURATED.SnowFlake_ColumnValidation_Master.BKP_Tables_ColumnName_validation(SnowFlake_ColumnValidation_Master.java:231)
at testcases.RAW_DATAMART_CURATED.SnowFlake_ColumnValidation_Master.Testcase_ColumnValidation(SnowFlake_ColumnValidation_Master.java:240)
at java.base/java.util.ArrayList.forEach(ArrayList.java:1511)
... Removed 28 stack frames]]>
    </failure>
  </testcase> <!-- Testcase_ColumnValidation -->
  <testcase classname="testcases.RAW_DATAMART_CURATED.SnowFlake_ColumnValidation_Master" name="Testcase_ColumnValidation" time="2.248">
    <failure type="java.lang.AssertionError" message="The following asserts failed:
	null">
      <![CDATA[java.lang.AssertionError: The following asserts failed:
null
at testcases.RAW_DATAMART_CURATED.SnowFlake_ColumnValidation_Master.BKP_Tables_ColumnName_validation(SnowFlake_ColumnValidation_Master.java:231)
at testcases.RAW_DATAMART_CURATED.SnowFlake_ColumnValidation_Master.Testcase_ColumnValidation(SnowFlake_ColumnValidation_Master.java:240)
at java.base/java.util.ArrayList.forEach(ArrayList.java:1511)
... Removed 28 stack frames]]>
    </failure>
  </testcase> <!-- Testcase_ColumnValidation -->
  <testcase classname="testcases.RAW_DATAMART_CURATED.SnowFlake_ColumnValidation_Master" name="Testcase_ColumnValidation" time="2.251">
    <failure type="java.lang.AssertionError" message="The following asserts failed:
	null">
      <![CDATA[java.lang.AssertionError: The following asserts failed:
null
at testcases.RAW_DATAMART_CURATED.SnowFlake_ColumnValidation_Master.BKP_Tables_ColumnName_validation(SnowFlake_ColumnValidation_Master.java:231)
at testcases.RAW_DATAMART_CURATED.SnowFlake_ColumnValidation_Master.Testcase_ColumnValidation(SnowFlake_ColumnValidation_Master.java:240)
at java.base/java.util.ArrayList.forEach(ArrayList.java:1511)
... Removed 28 stack frames]]>
    </failure>
  </testcase> <!-- Testcase_ColumnValidation -->
  <testcase classname="testcases.RAW_DATAMART_CURATED.SnowFlake_ColumnValidation_Master" name="Testcase_ColumnValidation" time="2.151">
    <failure type="java.lang.AssertionError" message="The following asserts failed:
	null">
      <![CDATA[java.lang.AssertionError: The following asserts failed:
null
at testcases.RAW_DATAMART_CURATED.SnowFlake_ColumnValidation_Master.BKP_Tables_ColumnName_validation(SnowFlake_ColumnValidation_Master.java:231)
at testcases.RAW_DATAMART_CURATED.SnowFlake_ColumnValidation_Master.Testcase_ColumnValidation(SnowFlake_ColumnValidation_Master.java:240)
at java.base/java.util.ArrayList.forEach(ArrayList.java:1511)
... Removed 28 stack frames]]>
    </failure>
  </testcase> <!-- Testcase_ColumnValidation -->
  <testcase classname="testcases.RAW_DATAMART_CURATED.SnowFlake_ColumnValidation_Master" name="Testcase_ColumnValidation" time="2.568">
    <failure type="java.lang.AssertionError" message="The following asserts failed:
	null">
      <![CDATA[java.lang.AssertionError: The following asserts failed:
null
at testcases.RAW_DATAMART_CURATED.SnowFlake_ColumnValidation_Master.BKP_Tables_ColumnName_validation(SnowFlake_ColumnValidation_Master.java:231)
at testcases.RAW_DATAMART_CURATED.SnowFlake_ColumnValidation_Master.Testcase_ColumnValidation(SnowFlake_ColumnValidation_Master.java:240)
at java.base/java.util.ArrayList.forEach(ArrayList.java:1511)
... Removed 28 stack frames]]>
    </failure>
  </testcase> <!-- Testcase_ColumnValidation -->
  <testcase classname="testcases.RAW_DATAMART_CURATED.SnowFlake_ColumnValidation_Master" name="Testcase_ColumnValidation" time="2.077">
    <failure type="java.lang.AssertionError" message="The following asserts failed:
	null">
      <![CDATA[java.lang.AssertionError: The following asserts failed:
null
at testcases.RAW_DATAMART_CURATED.SnowFlake_ColumnValidation_Master.BKP_Tables_ColumnName_validation(SnowFlake_ColumnValidation_Master.java:231)
at testcases.RAW_DATAMART_CURATED.SnowFlake_ColumnValidation_Master.Testcase_ColumnValidation(SnowFlake_ColumnValidation_Master.java:240)
at java.base/java.util.ArrayList.forEach(ArrayList.java:1511)
... Removed 28 stack frames]]>
    </failure>
  </testcase> <!-- Testcase_ColumnValidation -->
  <testcase classname="testcases.RAW_DATAMART_CURATED.SnowFlake_ColumnValidation_Master" name="Testcase_ColumnValidation" time="2.737">
    <failure type="java.lang.AssertionError" message="The following asserts failed:
	null">
      <![CDATA[java.lang.AssertionError: The following asserts failed:
null
at testcases.RAW_DATAMART_CURATED.SnowFlake_ColumnValidation_Master.BKP_Tables_ColumnName_validation(SnowFlake_ColumnValidation_Master.java:231)
at testcases.RAW_DATAMART_CURATED.SnowFlake_ColumnValidation_Master.Testcase_ColumnValidation(SnowFlake_ColumnValidation_Master.java:240)
at java.base/java.util.ArrayList.forEach(ArrayList.java:1511)
... Removed 28 stack frames]]>
    </failure>
  </testcase> <!-- Testcase_ColumnValidation -->
  <testcase classname="testcases.RAW_DATAMART_CURATED.SnowFlake_ColumnValidation_Master" name="Testcase_ColumnValidation" time="2.445">
    <failure type="java.lang.AssertionError" message="The following asserts failed:
	null">
      <![CDATA[java.lang.AssertionError: The following asserts failed:
null
at testcases.RAW_DATAMART_CURATED.SnowFlake_ColumnValidation_Master.BKP_Tables_ColumnName_validation(SnowFlake_ColumnValidation_Master.java:231)
at testcases.RAW_DATAMART_CURATED.SnowFlake_ColumnValidation_Master.Testcase_ColumnValidation(SnowFlake_ColumnValidation_Master.java:240)
at java.base/java.util.ArrayList.forEach(ArrayList.java:1511)
... Removed 28 stack frames]]>
    </failure>
  </testcase> <!-- Testcase_ColumnValidation -->
  <testcase classname="testcases.RAW_DATAMART_CURATED.SnowFlake_ColumnValidation_Master" name="Testcase_ColumnValidation" time="2.25">
    <failure type="java.lang.AssertionError" message="The following asserts failed:
	null">
      <![CDATA[java.lang.AssertionError: The following asserts failed:
null
at testcases.RAW_DATAMART_CURATED.SnowFlake_ColumnValidation_Master.BKP_Tables_ColumnName_validation(SnowFlake_ColumnValidation_Master.java:231)
at testcases.RAW_DATAMART_CURATED.SnowFlake_ColumnValidation_Master.Testcase_ColumnValidation(SnowFlake_ColumnValidation_Master.java:240)
at java.base/java.util.ArrayList.forEach(ArrayList.java:1511)
... Removed 28 stack frames]]>
    </failure>
  </testcase> <!-- Testcase_ColumnValidation -->
  <testcase classname="testcases.RAW_DATAMART_CURATED.SnowFlake_ColumnValidation_Master" name="Testcase_ColumnValidation" time="2.471">
    <failure type="java.lang.AssertionError" message="The following asserts failed:
	null">
      <![CDATA[java.lang.AssertionError: The following asserts failed:
null
at testcases.RAW_DATAMART_CURATED.SnowFlake_ColumnValidation_Master.BKP_Tables_ColumnName_validation(SnowFlake_ColumnValidation_Master.java:231)
at testcases.RAW_DATAMART_CURATED.SnowFlake_ColumnValidation_Master.Testcase_ColumnValidation(SnowFlake_ColumnValidation_Master.java:240)
at java.base/java.util.ArrayList.forEach(ArrayList.java:1511)
... Removed 28 stack frames]]>
    </failure>
  </testcase> <!-- Testcase_ColumnValidation -->
  <testcase classname="testcases.RAW_DATAMART_CURATED.SnowFlake_ColumnValidation_Master" name="Testcase_ColumnValidation" time="2.23">
    <failure type="java.lang.AssertionError" message="The following asserts failed:
	null">
      <![CDATA[java.lang.AssertionError: The following asserts failed:
null
at testcases.RAW_DATAMART_CURATED.SnowFlake_ColumnValidation_Master.BKP_Tables_ColumnName_validation(SnowFlake_ColumnValidation_Master.java:231)
at testcases.RAW_DATAMART_CURATED.SnowFlake_ColumnValidation_Master.Testcase_ColumnValidation(SnowFlake_ColumnValidation_Master.java:240)
at java.base/java.util.ArrayList.forEach(ArrayList.java:1511)
... Removed 28 stack frames]]>
    </failure>
  </testcase> <!-- Testcase_ColumnValidation -->
  <testcase classname="testcases.RAW_DATAMART_CURATED.SnowFlake_ColumnValidation_Master" name="Testcase_ColumnValidation" time="2.353">
    <failure type="java.lang.AssertionError" message="The following asserts failed:
	null">
      <![CDATA[java.lang.AssertionError: The following asserts failed:
null
at testcases.RAW_DATAMART_CURATED.SnowFlake_ColumnValidation_Master.BKP_Tables_ColumnName_validation(SnowFlake_ColumnValidation_Master.java:231)
at testcases.RAW_DATAMART_CURATED.SnowFlake_ColumnValidation_Master.Testcase_ColumnValidation(SnowFlake_ColumnValidation_Master.java:240)
at java.base/java.util.ArrayList.forEach(ArrayList.java:1511)
... Removed 28 stack frames]]>
    </failure>
  </testcase> <!-- Testcase_ColumnValidation -->
  <testcase classname="testcases.RAW_DATAMART_CURATED.SnowFlake_ColumnValidation_Master" name="Testcase_ColumnValidation" time="1.968">
    <failure type="java.lang.AssertionError" message="The following asserts failed:
	null">
      <![CDATA[java.lang.AssertionError: The following asserts failed:
null
at testcases.RAW_DATAMART_CURATED.SnowFlake_ColumnValidation_Master.BKP_Tables_ColumnName_validation(SnowFlake_ColumnValidation_Master.java:231)
at testcases.RAW_DATAMART_CURATED.SnowFlake_ColumnValidation_Master.Testcase_ColumnValidation(SnowFlake_ColumnValidation_Master.java:240)
at java.base/java.util.ArrayList.forEach(ArrayList.java:1511)
... Removed 28 stack frames]]>
    </failure>
  </testcase> <!-- Testcase_ColumnValidation -->
  <testcase classname="testcases.RAW_DATAMART_CURATED.SnowFlake_ColumnValidation_Master" name="Testcase_ColumnValidation" time="2.29">
    <failure type="java.lang.AssertionError" message="The following asserts failed:
	null">
      <![CDATA[java.lang.AssertionError: The following asserts failed:
null
at testcases.RAW_DATAMART_CURATED.SnowFlake_ColumnValidation_Master.BKP_Tables_ColumnName_validation(SnowFlake_ColumnValidation_Master.java:231)
at testcases.RAW_DATAMART_CURATED.SnowFlake_ColumnValidation_Master.Testcase_ColumnValidation(SnowFlake_ColumnValidation_Master.java:240)
at java.base/java.util.ArrayList.forEach(ArrayList.java:1511)
... Removed 28 stack frames]]>
    </failure>
  </testcase> <!-- Testcase_ColumnValidation -->
  <testcase classname="testcases.RAW_DATAMART_CURATED.SnowFlake_ColumnValidation_Master" name="Testcase_ColumnValidation" time="2.343">
    <failure type="java.lang.AssertionError" message="The following asserts failed:
	null">
      <![CDATA[java.lang.AssertionError: The following asserts failed:
null
at testcases.RAW_DATAMART_CURATED.SnowFlake_ColumnValidation_Master.BKP_Tables_ColumnName_validation(SnowFlake_ColumnValidation_Master.java:231)
at testcases.RAW_DATAMART_CURATED.SnowFlake_ColumnValidation_Master.Testcase_ColumnValidation(SnowFlake_ColumnValidation_Master.java:240)
at java.base/java.util.ArrayList.forEach(ArrayList.java:1511)
... Removed 28 stack frames]]>
    </failure>
  </testcase> <!-- Testcase_ColumnValidation -->
  <testcase classname="testcases.RAW_DATAMART_CURATED.SnowFlake_ColumnValidation_Master" name="Testcase_ColumnValidation" time="2.302">
    <failure type="java.lang.AssertionError" message="The following asserts failed:
	null">
      <![CDATA[java.lang.AssertionError: The following asserts failed:
null
at testcases.RAW_DATAMART_CURATED.SnowFlake_ColumnValidation_Master.BKP_Tables_ColumnName_validation(SnowFlake_ColumnValidation_Master.java:231)
at testcases.RAW_DATAMART_CURATED.SnowFlake_ColumnValidation_Master.Testcase_ColumnValidation(SnowFlake_ColumnValidation_Master.java:240)
at java.base/java.util.ArrayList.forEach(ArrayList.java:1511)
... Removed 28 stack frames]]>
    </failure>
  </testcase> <!-- Testcase_ColumnValidation -->
  <testcase classname="testcases.RAW_DATAMART_CURATED.SnowFlake_ColumnValidation_Master" name="Testcase_ColumnValidation" time="2.253">
    <failure type="java.lang.AssertionError" message="The following asserts failed:
	null,
	null">
      <![CDATA[java.lang.AssertionError: The following asserts failed:
null,
null
at testcases.RAW_DATAMART_CURATED.SnowFlake_ColumnValidation_Master.API_Tables_ColumnName_validation(SnowFlake_ColumnValidation_Master.java:130)
at testcases.RAW_DATAMART_CURATED.SnowFlake_ColumnValidation_Master.Testcase_ColumnValidation(SnowFlake_ColumnValidation_Master.java:243)
at java.base/java.util.ArrayList.forEach(ArrayList.java:1511)
... Removed 28 stack frames]]>
    </failure>
  </testcase> <!-- Testcase_ColumnValidation -->
  <testcase classname="testcases.RAW_DATAMART_CURATED.SnowFlake_ColumnValidation_Master" name="Testcase_ColumnValidation" time="2.454">
    <failure type="java.lang.AssertionError" message="The following asserts failed:
	null">
      <![CDATA[java.lang.AssertionError: The following asserts failed:
null
at testcases.RAW_DATAMART_CURATED.SnowFlake_ColumnValidation_Master.API_Tables_ColumnName_validation(SnowFlake_ColumnValidation_Master.java:130)
at testcases.RAW_DATAMART_CURATED.SnowFlake_ColumnValidation_Master.Testcase_ColumnValidation(SnowFlake_ColumnValidation_Master.java:243)
at java.base/java.util.ArrayList.forEach(ArrayList.java:1511)
... Removed 28 stack frames]]>
    </failure>
  </testcase> <!-- Testcase_ColumnValidation -->
  <testcase classname="testcases.RAW_DATAMART_CURATED.SnowFlake_ColumnValidation_Master" name="Testcase_ColumnValidation" time="2.049">
    <failure type="java.lang.AssertionError" message="The following asserts failed:
	null,
	null">
      <![CDATA[java.lang.AssertionError: The following asserts failed:
null,
null
at testcases.RAW_DATAMART_CURATED.SnowFlake_ColumnValidation_Master.API_Tables_ColumnName_validation(SnowFlake_ColumnValidation_Master.java:130)
at testcases.RAW_DATAMART_CURATED.SnowFlake_ColumnValidation_Master.Testcase_ColumnValidation(SnowFlake_ColumnValidation_Master.java:243)
at java.base/java.util.ArrayList.forEach(ArrayList.java:1511)
... Removed 28 stack frames]]>
    </failure>
  </testcase> <!-- Testcase_ColumnValidation -->
  <testcase classname="testcases.RAW_DATAMART_CURATED.SnowFlake_ColumnValidation_Master" name="Testcase_ColumnValidation" time="2.251">
    <failure type="java.lang.AssertionError" message="The following asserts failed:
	null">
      <![CDATA[java.lang.AssertionError: The following asserts failed:
null
at testcases.RAW_DATAMART_CURATED.SnowFlake_ColumnValidation_Master.API_Tables_ColumnName_validation(SnowFlake_ColumnValidation_Master.java:130)
at testcases.RAW_DATAMART_CURATED.SnowFlake_ColumnValidation_Master.Testcase_ColumnValidation(SnowFlake_ColumnValidation_Master.java:243)
at java.base/java.util.ArrayList.forEach(ArrayList.java:1511)
... Removed 28 stack frames]]>
    </failure>
  </testcase> <!-- Testcase_ColumnValidation -->
  <testcase classname="testcases.RAW_DATAMART_CURATED.SnowFlake_ColumnValidation_Master" name="Testcase_ColumnValidation" time="2.593">
    <failure type="java.lang.AssertionError" message="The following asserts failed:
	null,
	null">
      <![CDATA[java.lang.AssertionError: The following asserts failed:
null,
null
at testcases.RAW_DATAMART_CURATED.SnowFlake_ColumnValidation_Master.API_Tables_ColumnName_validation(SnowFlake_ColumnValidation_Master.java:130)
at testcases.RAW_DATAMART_CURATED.SnowFlake_ColumnValidation_Master.Testcase_ColumnValidation(SnowFlake_ColumnValidation_Master.java:243)
at java.base/java.util.ArrayList.forEach(ArrayList.java:1511)
... Removed 28 stack frames]]>
    </failure>
  </testcase> <!-- Testcase_ColumnValidation -->
  <testcase classname="testcases.RAW_DATAMART_CURATED.SnowFlake_ColumnValidation_Master" name="Testcase_ColumnValidation" time="2.129">
    <failure type="java.lang.AssertionError" message="The following asserts failed:
	null">
      <![CDATA[java.lang.AssertionError: The following asserts failed:
null
at testcases.RAW_DATAMART_CURATED.SnowFlake_ColumnValidation_Master.API_Tables_ColumnName_validation(SnowFlake_ColumnValidation_Master.java:130)
at testcases.RAW_DATAMART_CURATED.SnowFlake_ColumnValidation_Master.Testcase_ColumnValidation(SnowFlake_ColumnValidation_Master.java:243)
at java.base/java.util.ArrayList.forEach(ArrayList.java:1511)
... Removed 28 stack frames]]>
    </failure>
  </testcase> <!-- Testcase_ColumnValidation -->
  <testcase classname="testcases.RAW_DATAMART_CURATED.SnowFlake_ColumnValidation_Master" name="Testcase_ColumnValidation" time="2.748">
    <failure type="java.lang.AssertionError" message="The following asserts failed:
	null,
	null">
      <![CDATA[java.lang.AssertionError: The following asserts failed:
null,
null
at testcases.RAW_DATAMART_CURATED.SnowFlake_ColumnValidation_Master.API_Tables_ColumnName_validation(SnowFlake_ColumnValidation_Master.java:130)
at testcases.RAW_DATAMART_CURATED.SnowFlake_ColumnValidation_Master.Testcase_ColumnValidation(SnowFlake_ColumnValidation_Master.java:243)
at java.base/java.util.ArrayList.forEach(ArrayList.java:1511)
... Removed 28 stack frames]]>
    </failure>
  </testcase> <!-- Testcase_ColumnValidation -->
  <testcase classname="testcases.RAW_DATAMART_CURATED.SnowFlake_ColumnValidation_Master" name="Testcase_ColumnValidation" time="2.2">
    <failure type="java.lang.AssertionError" message="The following asserts failed:
	null">
      <![CDATA[java.lang.AssertionError: The following asserts failed:
null
at testcases.RAW_DATAMART_CURATED.SnowFlake_ColumnValidation_Master.API_Tables_ColumnName_validation(SnowFlake_ColumnValidation_Master.java:130)
at testcases.RAW_DATAMART_CURATED.SnowFlake_ColumnValidation_Master.Testcase_ColumnValidation(SnowFlake_ColumnValidation_Master.java:243)
at java.base/java.util.ArrayList.forEach(ArrayList.java:1511)
... Removed 28 stack frames]]>
    </failure>
  </testcase> <!-- Testcase_ColumnValidation -->
  <testcase classname="testcases.RAW_DATAMART_CURATED.SnowFlake_ColumnValidation_Master" name="Testcase_ColumnValidation" time="2.2">
    <failure type="java.lang.AssertionError" message="The following asserts failed:
	null,
	null">
      <![CDATA[java.lang.AssertionError: The following asserts failed:
null,
null
at testcases.RAW_DATAMART_CURATED.SnowFlake_ColumnValidation_Master.API_Tables_ColumnName_validation(SnowFlake_ColumnValidation_Master.java:130)
at testcases.RAW_DATAMART_CURATED.SnowFlake_ColumnValidation_Master.Testcase_ColumnValidation(SnowFlake_ColumnValidation_Master.java:243)
at java.base/java.util.ArrayList.forEach(ArrayList.java:1511)
... Removed 28 stack frames]]>
    </failure>
  </testcase> <!-- Testcase_ColumnValidation -->
  <testcase classname="testcases.RAW_DATAMART_CURATED.SnowFlake_ColumnValidation_Master" name="Testcase_ColumnValidation" time="2.56">
    <failure type="java.lang.AssertionError" message="The following asserts failed:
	null">
      <![CDATA[java.lang.AssertionError: The following asserts failed:
null
at testcases.RAW_DATAMART_CURATED.SnowFlake_ColumnValidation_Master.API_Tables_ColumnName_validation(SnowFlake_ColumnValidation_Master.java:130)
at testcases.RAW_DATAMART_CURATED.SnowFlake_ColumnValidation_Master.Testcase_ColumnValidation(SnowFlake_ColumnValidation_Master.java:243)
at java.base/java.util.ArrayList.forEach(ArrayList.java:1511)
... Removed 28 stack frames]]>
    </failure>
  </testcase> <!-- Testcase_ColumnValidation -->
  <testcase classname="testcases.RAW_DATAMART_CURATED.SnowFlake_ColumnValidation_Master" name="Testcase_ColumnValidation" time="2.354">
    <failure type="java.lang.AssertionError" message="The following asserts failed:
	null,
	null">
      <![CDATA[java.lang.AssertionError: The following asserts failed:
null,
null
at testcases.RAW_DATAMART_CURATED.SnowFlake_ColumnValidation_Master.API_Tables_ColumnName_validation(SnowFlake_ColumnValidation_Master.java:130)
at testcases.RAW_DATAMART_CURATED.SnowFlake_ColumnValidation_Master.Testcase_ColumnValidation(SnowFlake_ColumnValidation_Master.java:243)
at java.base/java.util.ArrayList.forEach(ArrayList.java:1511)
... Removed 28 stack frames]]>
    </failure>
  </testcase> <!-- Testcase_ColumnValidation -->
  <testcase classname="testcases.RAW_DATAMART_CURATED.SnowFlake_ColumnValidation_Master" name="Testcase_ColumnValidation" time="2.453">
    <failure type="java.lang.AssertionError" message="The following asserts failed:
	null">
      <![CDATA[java.lang.AssertionError: The following asserts failed:
null
at testcases.RAW_DATAMART_CURATED.SnowFlake_ColumnValidation_Master.API_Tables_ColumnName_validation(SnowFlake_ColumnValidation_Master.java:130)
at testcases.RAW_DATAMART_CURATED.SnowFlake_ColumnValidation_Master.Testcase_ColumnValidation(SnowFlake_ColumnValidation_Master.java:243)
at java.base/java.util.ArrayList.forEach(ArrayList.java:1511)
... Removed 28 stack frames]]>
    </failure>
  </testcase> <!-- Testcase_ColumnValidation -->
  <testcase classname="testcases.RAW_DATAMART_CURATED.SnowFlake_ColumnValidation_Master" name="Testcase_ColumnValidation" time="2.965">
    <failure type="java.lang.AssertionError" message="The following asserts failed:
	null,
	null">
      <![CDATA[java.lang.AssertionError: The following asserts failed:
null,
null
at testcases.RAW_DATAMART_CURATED.SnowFlake_ColumnValidation_Master.API_Tables_ColumnName_validation(SnowFlake_ColumnValidation_Master.java:130)
at testcases.RAW_DATAMART_CURATED.SnowFlake_ColumnValidation_Master.Testcase_ColumnValidation(SnowFlake_ColumnValidation_Master.java:243)
at java.base/java.util.ArrayList.forEach(ArrayList.java:1511)
... Removed 28 stack frames]]>
    </failure>
  </testcase> <!-- Testcase_ColumnValidation -->
  <testcase classname="testcases.RAW_DATAMART_CURATED.SnowFlake_ColumnValidation_Master" name="Testcase_ColumnValidation" time="2.16">
    <failure type="java.lang.AssertionError" message="The following asserts failed:
	null">
      <![CDATA[java.lang.AssertionError: The following asserts failed:
null
at testcases.RAW_DATAMART_CURATED.SnowFlake_ColumnValidation_Master.API_Tables_ColumnName_validation(SnowFlake_ColumnValidation_Master.java:130)
at testcases.RAW_DATAMART_CURATED.SnowFlake_ColumnValidation_Master.Testcase_ColumnValidation(SnowFlake_ColumnValidation_Master.java:243)
at java.base/java.util.ArrayList.forEach(ArrayList.java:1511)
... Removed 28 stack frames]]>
    </failure>
  </testcase> <!-- Testcase_ColumnValidation -->
  <testcase classname="testcases.RAW_DATAMART_CURATED.SnowFlake_ColumnValidation_Master" name="Testcase_ColumnValidation" time="2.247">
    <failure type="java.lang.AssertionError" message="The following asserts failed:
	null,
	null">
      <![CDATA[java.lang.AssertionError: The following asserts failed:
null,
null
at testcases.RAW_DATAMART_CURATED.SnowFlake_ColumnValidation_Master.API_Tables_ColumnName_validation(SnowFlake_ColumnValidation_Master.java:130)
at testcases.RAW_DATAMART_CURATED.SnowFlake_ColumnValidation_Master.Testcase_ColumnValidation(SnowFlake_ColumnValidation_Master.java:243)
at java.base/java.util.ArrayList.forEach(ArrayList.java:1511)
... Removed 28 stack frames]]>
    </failure>
  </testcase> <!-- Testcase_ColumnValidation -->
  <testcase classname="testcases.RAW_DATAMART_CURATED.SnowFlake_ColumnValidation_Master" name="Testcase_ColumnValidation" time="2.253">
    <failure type="java.lang.AssertionError" message="The following asserts failed:
	null">
      <![CDATA[java.lang.AssertionError: The following asserts failed:
null
at testcases.RAW_DATAMART_CURATED.SnowFlake_ColumnValidation_Master.API_Tables_ColumnName_validation(SnowFlake_ColumnValidation_Master.java:130)
at testcases.RAW_DATAMART_CURATED.SnowFlake_ColumnValidation_Master.Testcase_ColumnValidation(SnowFlake_ColumnValidation_Master.java:243)
at java.base/java.util.ArrayList.forEach(ArrayList.java:1511)
... Removed 28 stack frames]]>
    </failure>
  </testcase> <!-- Testcase_ColumnValidation -->
  <testcase classname="testcases.RAW_DATAMART_CURATED.SnowFlake_ColumnValidation_Master" name="Testcase_ColumnValidation" time="2.557">
    <failure type="java.lang.AssertionError" message="The following asserts failed:
	null,
	null">
      <![CDATA[java.lang.AssertionError: The following asserts failed:
null,
null
at testcases.RAW_DATAMART_CURATED.SnowFlake_ColumnValidation_Master.API_Tables_ColumnName_validation(SnowFlake_ColumnValidation_Master.java:130)
at testcases.RAW_DATAMART_CURATED.SnowFlake_ColumnValidation_Master.Testcase_ColumnValidation(SnowFlake_ColumnValidation_Master.java:243)
at java.base/java.util.ArrayList.forEach(ArrayList.java:1511)
... Removed 28 stack frames]]>
    </failure>
  </testcase> <!-- Testcase_ColumnValidation -->
  <testcase classname="testcases.RAW_DATAMART_CURATED.SnowFlake_ColumnValidation_Master" name="Testcase_ColumnValidation" time="2.561">
    <failure type="java.lang.AssertionError" message="The following asserts failed:
	null">
      <![CDATA[java.lang.AssertionError: The following asserts failed:
null
at testcases.RAW_DATAMART_CURATED.SnowFlake_ColumnValidation_Master.API_Tables_ColumnName_validation(SnowFlake_ColumnValidation_Master.java:130)
at testcases.RAW_DATAMART_CURATED.SnowFlake_ColumnValidation_Master.Testcase_ColumnValidation(SnowFlake_ColumnValidation_Master.java:243)
at java.base/java.util.ArrayList.forEach(ArrayList.java:1511)
... Removed 28 stack frames]]>
    </failure>
  </testcase> <!-- Testcase_ColumnValidation -->
  <testcase classname="testcases.RAW_DATAMART_CURATED.SnowFlake_ColumnValidation_Master" name="Testcase_ColumnValidation" time="2.558">
    <failure type="java.lang.AssertionError" message="The following asserts failed:
	null,
	null">
      <![CDATA[java.lang.AssertionError: The following asserts failed:
null,
null
at testcases.RAW_DATAMART_CURATED.SnowFlake_ColumnValidation_Master.API_Tables_ColumnName_validation(SnowFlake_ColumnValidation_Master.java:130)
at testcases.RAW_DATAMART_CURATED.SnowFlake_ColumnValidation_Master.Testcase_ColumnValidation(SnowFlake_ColumnValidation_Master.java:243)
at java.base/java.util.ArrayList.forEach(ArrayList.java:1511)
... Removed 28 stack frames]]>
    </failure>
  </testcase> <!-- Testcase_ColumnValidation -->
  <testcase classname="testcases.RAW_DATAMART_CURATED.SnowFlake_ColumnValidation_Master" name="Testcase_ColumnValidation" time="2.557">
    <failure type="java.lang.AssertionError" message="The following asserts failed:
	null">
      <![CDATA[java.lang.AssertionError: The following asserts failed:
null
at testcases.RAW_DATAMART_CURATED.SnowFlake_ColumnValidation_Master.API_Tables_ColumnName_validation(SnowFlake_ColumnValidation_Master.java:130)
at testcases.RAW_DATAMART_CURATED.SnowFlake_ColumnValidation_Master.Testcase_ColumnValidation(SnowFlake_ColumnValidation_Master.java:243)
at java.base/java.util.ArrayList.forEach(ArrayList.java:1511)
... Removed 28 stack frames]]>
    </failure>
  </testcase> <!-- Testcase_ColumnValidation -->
  <testcase classname="testcases.RAW_DATAMART_CURATED.SnowFlake_ColumnValidation_Master" name="Testcase_ColumnValidation" time="2.353">
    <failure type="java.lang.AssertionError" message="The following asserts failed:
	null,
	null">
      <![CDATA[java.lang.AssertionError: The following asserts failed:
null,
null
at testcases.RAW_DATAMART_CURATED.SnowFlake_ColumnValidation_Master.API_Tables_ColumnName_validation(SnowFlake_ColumnValidation_Master.java:130)
at testcases.RAW_DATAMART_CURATED.SnowFlake_ColumnValidation_Master.Testcase_ColumnValidation(SnowFlake_ColumnValidation_Master.java:243)
at java.base/java.util.ArrayList.forEach(ArrayList.java:1511)
... Removed 28 stack frames]]>
    </failure>
  </testcase> <!-- Testcase_ColumnValidation -->
  <testcase classname="testcases.RAW_DATAMART_CURATED.SnowFlake_ColumnValidation_Master" name="Testcase_ColumnValidation" time="3.029">
    <failure type="java.lang.AssertionError" message="The following asserts failed:
	null">
      <![CDATA[java.lang.AssertionError: The following asserts failed:
null
at testcases.RAW_DATAMART_CURATED.SnowFlake_ColumnValidation_Master.API_Tables_ColumnName_validation(SnowFlake_ColumnValidation_Master.java:130)
at testcases.RAW_DATAMART_CURATED.SnowFlake_ColumnValidation_Master.Testcase_ColumnValidation(SnowFlake_ColumnValidation_Master.java:243)
at java.base/java.util.ArrayList.forEach(ArrayList.java:1511)
... Removed 28 stack frames]]>
    </failure>
  </testcase> <!-- Testcase_ColumnValidation -->
  <testcase classname="testcases.RAW_DATAMART_CURATED.SnowFlake_ColumnValidation_Master" name="Testcase_ColumnValidation" time="2.498">
    <failure type="java.lang.AssertionError" message="The following asserts failed:
	null,
	null">
      <![CDATA[java.lang.AssertionError: The following asserts failed:
null,
null
at testcases.RAW_DATAMART_CURATED.SnowFlake_ColumnValidation_Master.API_Tables_ColumnName_validation(SnowFlake_ColumnValidation_Master.java:130)
at testcases.RAW_DATAMART_CURATED.SnowFlake_ColumnValidation_Master.Testcase_ColumnValidation(SnowFlake_ColumnValidation_Master.java:243)
at java.base/java.util.ArrayList.forEach(ArrayList.java:1511)
... Removed 28 stack frames]]>
    </failure>
  </testcase> <!-- Testcase_ColumnValidation -->
  <testcase classname="testcases.RAW_DATAMART_CURATED.SnowFlake_ColumnValidation_Master" name="Testcase_ColumnValidation" time="2.352">
    <failure type="java.lang.AssertionError" message="The following asserts failed:
	null">
      <![CDATA[java.lang.AssertionError: The following asserts failed:
null
at testcases.RAW_DATAMART_CURATED.SnowFlake_ColumnValidation_Master.API_Tables_ColumnName_validation(SnowFlake_ColumnValidation_Master.java:130)
at testcases.RAW_DATAMART_CURATED.SnowFlake_ColumnValidation_Master.Testcase_ColumnValidation(SnowFlake_ColumnValidation_Master.java:243)
at java.base/java.util.ArrayList.forEach(ArrayList.java:1511)
... Removed 28 stack frames]]>
    </failure>
  </testcase> <!-- Testcase_ColumnValidation -->
  <testcase classname="testcases.RAW_DATAMART_CURATED.SnowFlake_RowCount_Master" name="Testcase_RowCount_validation" time="2.409">
    <failure type="java.lang.AssertionError" message="The following asserts failed:
	null">
      <![CDATA[java.lang.AssertionError: The following asserts failed:
null
at testcases.RAW_DATAMART_CURATED.SnowFlake_RowCount_Master.validate_RowCount_BKP(SnowFlake_RowCount_Master.java:56)
at testcases.RAW_DATAMART_CURATED.SnowFlake_RowCount_Master.Testcase_RowCount_validation(SnowFlake_RowCount_Master.java:25)
at java.base/java.util.ArrayList.forEach(ArrayList.java:1511)
... Removed 29 stack frames]]>
    </failure>
  </testcase> <!-- Testcase_RowCount_validation -->
  <testcase classname="testcases.RAW_DATAMART_CURATED.SnowFlake_RowCount_Master" name="Testcase_RowCount_validation" time="2.457">
    <failure type="java.lang.AssertionError" message="The following asserts failed:
	null">
      <![CDATA[java.lang.AssertionError: The following asserts failed:
null
at testcases.RAW_DATAMART_CURATED.SnowFlake_RowCount_Master.validate_RowCount_BKP(SnowFlake_RowCount_Master.java:56)
at testcases.RAW_DATAMART_CURATED.SnowFlake_RowCount_Master.Testcase_RowCount_validation(SnowFlake_RowCount_Master.java:25)
at java.base/java.util.ArrayList.forEach(ArrayList.java:1511)
... Removed 29 stack frames]]>
    </failure>
  </testcase> <!-- Testcase_RowCount_validation -->
  <testcase classname="testcases.RAW_DATAMART_CURATED.SnowFlake_RowCount_Master" name="Testcase_RowCount_validation" time="2.567">
    <failure type="java.lang.AssertionError" message="The following asserts failed:
	null">
      <![CDATA[java.lang.AssertionError: The following asserts failed:
null
at testcases.RAW_DATAMART_CURATED.SnowFlake_RowCount_Master.validate_RowCount_BKP(SnowFlake_RowCount_Master.java:56)
at testcases.RAW_DATAMART_CURATED.SnowFlake_RowCount_Master.Testcase_RowCount_validation(SnowFlake_RowCount_Master.java:25)
at java.base/java.util.ArrayList.forEach(ArrayList.java:1511)
... Removed 29 stack frames]]>
    </failure>
  </testcase> <!-- Testcase_RowCount_validation -->
  <testcase classname="testcases.RAW_DATAMART_CURATED.SnowFlake_RowCount_Master" name="Testcase_RowCount_validation" time="1.633">
    <failure type="java.lang.AssertionError" message="The following asserts failed:
	null">
      <![CDATA[java.lang.AssertionError: The following asserts failed:
null
at testcases.RAW_DATAMART_CURATED.SnowFlake_RowCount_Master.validate_RowCount_BKP(SnowFlake_RowCount_Master.java:56)
at testcases.RAW_DATAMART_CURATED.SnowFlake_RowCount_Master.Testcase_RowCount_validation(SnowFlake_RowCount_Master.java:25)
at java.base/java.util.ArrayList.forEach(ArrayList.java:1511)
... Removed 29 stack frames]]>
    </failure>
  </testcase> <!-- Testcase_RowCount_validation -->
  <testcase classname="testcases.RAW_DATAMART_CURATED.SnowFlake_RowCount_Master" name="Testcase_RowCount_validation" time="1.413">
    <failure type="java.lang.AssertionError" message="The following asserts failed:
	null">
      <![CDATA[java.lang.AssertionError: The following asserts failed:
null
at testcases.RAW_DATAMART_CURATED.SnowFlake_RowCount_Master.validate_RowCount_BKP(SnowFlake_RowCount_Master.java:56)
at testcases.RAW_DATAMART_CURATED.SnowFlake_RowCount_Master.Testcase_RowCount_validation(SnowFlake_RowCount_Master.java:25)
at java.base/java.util.ArrayList.forEach(ArrayList.java:1511)
... Removed 29 stack frames]]>
    </failure>
  </testcase> <!-- Testcase_RowCount_validation -->
  <testcase classname="testcases.RAW_DATAMART_CURATED.SnowFlake_RowCount_Master" name="Testcase_RowCount_validation" time="1.852">
    <failure type="java.lang.AssertionError" message="The following asserts failed:
	null,
	null">
      <![CDATA[java.lang.AssertionError: The following asserts failed:
null,
null
at testcases.RAW_DATAMART_CURATED.SnowFlake_RowCount_Master.validate_RowCount_BKP(SnowFlake_RowCount_Master.java:56)
at testcases.RAW_DATAMART_CURATED.SnowFlake_RowCount_Master.Testcase_RowCount_validation(SnowFlake_RowCount_Master.java:25)
at java.base/java.util.ArrayList.forEach(ArrayList.java:1511)
... Removed 29 stack frames]]>
    </failure>
  </testcase> <!-- Testcase_RowCount_validation -->
  <testcase classname="testcases.RAW_DATAMART_CURATED.SnowFlake_RowCount_Master" name="Testcase_RowCount_validation" time="1.945">
    <failure type="java.lang.AssertionError" message="The following asserts failed:
	null">
      <![CDATA[java.lang.AssertionError: The following asserts failed:
null
at testcases.RAW_DATAMART_CURATED.SnowFlake_RowCount_Master.validate_RowCount_BKP(SnowFlake_RowCount_Master.java:56)
at testcases.RAW_DATAMART_CURATED.SnowFlake_RowCount_Master.Testcase_RowCount_validation(SnowFlake_RowCount_Master.java:25)
at java.base/java.util.ArrayList.forEach(ArrayList.java:1511)
... Removed 29 stack frames]]>
    </failure>
  </testcase> <!-- Testcase_RowCount_validation -->
  <testcase classname="testcases.RAW_DATAMART_CURATED.SnowFlake_RowCount_Master" name="Testcase_RowCount_validation" time="2.354">
    <failure type="java.lang.AssertionError" message="The following asserts failed:
	null">
      <![CDATA[java.lang.AssertionError: The following asserts failed:
null
at testcases.RAW_DATAMART_CURATED.SnowFlake_RowCount_Master.validate_RowCount_BKP(SnowFlake_RowCount_Master.java:56)
at testcases.RAW_DATAMART_CURATED.SnowFlake_RowCount_Master.Testcase_RowCount_validation(SnowFlake_RowCount_Master.java:25)
at java.base/java.util.ArrayList.forEach(ArrayList.java:1511)
... Removed 29 stack frames]]>
    </failure>
  </testcase> <!-- Testcase_RowCount_validation -->
  <testcase classname="testcases.RAW_DATAMART_CURATED.SnowFlake_RowCount_Master" name="Testcase_RowCount_validation" time="1.739">
    <failure type="java.lang.AssertionError" message="The following asserts failed:
	null">
      <![CDATA[java.lang.AssertionError: The following asserts failed:
null
at testcases.RAW_DATAMART_CURATED.SnowFlake_RowCount_Master.validate_RowCount_BKP(SnowFlake_RowCount_Master.java:56)
at testcases.RAW_DATAMART_CURATED.SnowFlake_RowCount_Master.Testcase_RowCount_validation(SnowFlake_RowCount_Master.java:25)
at java.base/java.util.ArrayList.forEach(ArrayList.java:1511)
... Removed 29 stack frames]]>
    </failure>
  </testcase> <!-- Testcase_RowCount_validation -->
  <testcase classname="testcases.RAW_DATAMART_CURATED.SnowFlake_RowCount_Master" name="Testcase_RowCount_validation" time="1.638">
    <failure type="java.lang.AssertionError" message="The following asserts failed:
	null,
	null">
      <![CDATA[java.lang.AssertionError: The following asserts failed:
null,
null
at testcases.RAW_DATAMART_CURATED.SnowFlake_RowCount_Master.validate_RowCount_BKP(SnowFlake_RowCount_Master.java:56)
at testcases.RAW_DATAMART_CURATED.SnowFlake_RowCount_Master.Testcase_RowCount_validation(SnowFlake_RowCount_Master.java:25)
at java.base/java.util.ArrayList.forEach(ArrayList.java:1511)
... Removed 29 stack frames]]>
    </failure>
  </testcase> <!-- Testcase_RowCount_validation -->
  <testcase classname="testcases.RAW_DATAMART_CURATED.SnowFlake_RowCount_Master" name="Testcase_RowCount_validation" time="1.39">
    <failure type="java.lang.AssertionError" message="The following asserts failed:
	null,
	null">
      <![CDATA[java.lang.AssertionError: The following asserts failed:
null,
null
at testcases.RAW_DATAMART_CURATED.SnowFlake_RowCount_Master.validate_RowCount_BKP(SnowFlake_RowCount_Master.java:56)
at testcases.RAW_DATAMART_CURATED.SnowFlake_RowCount_Master.Testcase_RowCount_validation(SnowFlake_RowCount_Master.java:25)
at java.base/java.util.ArrayList.forEach(ArrayList.java:1511)
... Removed 29 stack frames]]>
    </failure>
  </testcase> <!-- Testcase_RowCount_validation -->
  <testcase classname="testcases.RAW_DATAMART_CURATED.SnowFlake_RowCount_Master" name="Testcase_RowCount_validation" time="1.328">
    <failure type="java.lang.AssertionError" message="The following asserts failed:
	null,
	null">
      <![CDATA[java.lang.AssertionError: The following asserts failed:
null,
null
at testcases.RAW_DATAMART_CURATED.SnowFlake_RowCount_Master.validate_RowCount_BKP(SnowFlake_RowCount_Master.java:56)
at testcases.RAW_DATAMART_CURATED.SnowFlake_RowCount_Master.Testcase_RowCount_validation(SnowFlake_RowCount_Master.java:25)
at java.base/java.util.ArrayList.forEach(ArrayList.java:1511)
... Removed 29 stack frames]]>
    </failure>
  </testcase> <!-- Testcase_RowCount_validation -->
  <testcase classname="testcases.RAW_DATAMART_CURATED.SnowFlake_RowCount_Master" name="Testcase_RowCount_validation" time="4.144">
    <failure type="java.lang.AssertionError" message="The following asserts failed:
	null,
	null">
      <![CDATA[java.lang.AssertionError: The following asserts failed:
null,
null
at testcases.RAW_DATAMART_CURATED.SnowFlake_RowCount_Master.validate_RowCount_BKP(SnowFlake_RowCount_Master.java:56)
at testcases.RAW_DATAMART_CURATED.SnowFlake_RowCount_Master.Testcase_RowCount_validation(SnowFlake_RowCount_Master.java:25)
at java.base/java.util.ArrayList.forEach(ArrayList.java:1511)
... Removed 29 stack frames]]>
    </failure>
  </testcase> <!-- Testcase_RowCount_validation -->
  <testcase classname="testcases.RAW_DATAMART_CURATED.SnowFlake_RowCount_Master" name="Testcase_RowCount_validation" time="2.155">
    <failure type="java.lang.AssertionError" message="The following asserts failed:
	null">
      <![CDATA[java.lang.AssertionError: The following asserts failed:
null
at testcases.RAW_DATAMART_CURATED.SnowFlake_RowCount_Master.validate_RowCount_BKP(SnowFlake_RowCount_Master.java:56)
at testcases.RAW_DATAMART_CURATED.SnowFlake_RowCount_Master.Testcase_RowCount_validation(SnowFlake_RowCount_Master.java:25)
at java.base/java.util.ArrayList.forEach(ArrayList.java:1511)
... Removed 29 stack frames]]>
    </failure>
  </testcase> <!-- Testcase_RowCount_validation -->
  <testcase classname="testcases.RAW_DATAMART_CURATED.SnowFlake_RowCount_Master" name="Testcase_RowCount_validation" time="2.716">
    <failure type="java.lang.AssertionError" message="The following asserts failed:
	null">
      <![CDATA[java.lang.AssertionError: The following asserts failed:
null
at testcases.RAW_DATAMART_CURATED.SnowFlake_RowCount_Master.validate_RowCount_BKP(SnowFlake_RowCount_Master.java:56)
at testcases.RAW_DATAMART_CURATED.SnowFlake_RowCount_Master.Testcase_RowCount_validation(SnowFlake_RowCount_Master.java:25)
at java.base/java.util.ArrayList.forEach(ArrayList.java:1511)
... Removed 29 stack frames]]>
    </failure>
  </testcase> <!-- Testcase_RowCount_validation -->
  <testcase classname="testcases.RAW_DATAMART_CURATED.SnowFlake_RowCount_Master" name="Testcase_RowCount_validation" time="2.088">
    <failure type="java.lang.AssertionError" message="The following asserts failed:
	null">
      <![CDATA[java.lang.AssertionError: The following asserts failed:
null
at testcases.RAW_DATAMART_CURATED.SnowFlake_RowCount_Master.validate_RowCount_BKP(SnowFlake_RowCount_Master.java:56)
at testcases.RAW_DATAMART_CURATED.SnowFlake_RowCount_Master.Testcase_RowCount_validation(SnowFlake_RowCount_Master.java:25)
at java.base/java.util.ArrayList.forEach(ArrayList.java:1511)
... Removed 29 stack frames]]>
    </failure>
  </testcase> <!-- Testcase_RowCount_validation -->
  <testcase classname="testcases.RAW_DATAMART_CURATED.SnowFlake_RowCount_Master" name="Testcase_RowCount_validation" time="1.631">
    <failure type="java.lang.AssertionError" message="The following asserts failed:
	null">
      <![CDATA[java.lang.AssertionError: The following asserts failed:
null
at testcases.RAW_DATAMART_CURATED.SnowFlake_RowCount_Master.validate_RowCount_BKP(SnowFlake_RowCount_Master.java:56)
at testcases.RAW_DATAMART_CURATED.SnowFlake_RowCount_Master.Testcase_RowCount_validation(SnowFlake_RowCount_Master.java:25)
at java.base/java.util.ArrayList.forEach(ArrayList.java:1511)
... Removed 28 stack frames]]>
    </failure>
  </testcase> <!-- Testcase_RowCount_validation -->
  <testcase classname="testcases.RAW_DATAMART_CURATED.SnowFlake_RowCount_Master" name="Testcase_RowCount_validation" time="2.048">
    <failure type="java.lang.AssertionError" message="The following asserts failed:
	null">
      <![CDATA[java.lang.AssertionError: The following asserts failed:
null
at testcases.RAW_DATAMART_CURATED.SnowFlake_RowCount_Master.validate_RowCount_BKP(SnowFlake_RowCount_Master.java:56)
at testcases.RAW_DATAMART_CURATED.SnowFlake_RowCount_Master.Testcase_RowCount_validation(SnowFlake_RowCount_Master.java:25)
at java.base/java.util.ArrayList.forEach(ArrayList.java:1511)
... Removed 28 stack frames]]>
    </failure>
  </testcase> <!-- Testcase_RowCount_validation -->
  <testcase classname="testcases.RAW_DATAMART_CURATED.SnowFlake_RowCount_Master" name="Testcase_RowCount_validation" time="1.946">
    <failure type="java.lang.AssertionError" message="The following asserts failed:
	null">
      <![CDATA[java.lang.AssertionError: The following asserts failed:
null
at testcases.RAW_DATAMART_CURATED.SnowFlake_RowCount_Master.validate_RowCount_BKP(SnowFlake_RowCount_Master.java:56)
at testcases.RAW_DATAMART_CURATED.SnowFlake_RowCount_Master.Testcase_RowCount_validation(SnowFlake_RowCount_Master.java:25)
at java.base/java.util.ArrayList.forEach(ArrayList.java:1511)
... Removed 28 stack frames]]>
    </failure>
  </testcase> <!-- Testcase_RowCount_validation -->
  <testcase classname="testcases.RAW_DATAMART_CURATED.SnowFlake_RowCount_Master" name="Testcase_RowCount_validation" time="2.21">
    <failure type="java.lang.AssertionError" message="The following asserts failed:
	null,
	null">
      <![CDATA[java.lang.AssertionError: The following asserts failed:
null,
null
at testcases.RAW_DATAMART_CURATED.SnowFlake_RowCount_Master.validate_RowCount_BKP(SnowFlake_RowCount_Master.java:56)
at testcases.RAW_DATAMART_CURATED.SnowFlake_RowCount_Master.Testcase_RowCount_validation(SnowFlake_RowCount_Master.java:25)
at java.base/java.util.ArrayList.forEach(ArrayList.java:1511)
... Removed 28 stack frames]]>
    </failure>
  </testcase> <!-- Testcase_RowCount_validation -->
  <testcase classname="testcases.RAW_DATAMART_CURATED.SnowFlake_RowCount_Master" name="Testcase_RowCount_validation" time="1.984">
    <failure type="java.lang.AssertionError" message="The following asserts failed:
	null">
      <![CDATA[java.lang.AssertionError: The following asserts failed:
null
at testcases.RAW_DATAMART_CURATED.SnowFlake_RowCount_Master.validate_RowCount_BKP(SnowFlake_RowCount_Master.java:56)
at testcases.RAW_DATAMART_CURATED.SnowFlake_RowCount_Master.Testcase_RowCount_validation(SnowFlake_RowCount_Master.java:25)
at java.base/java.util.ArrayList.forEach(ArrayList.java:1511)
... Removed 28 stack frames]]>
    </failure>
  </testcase> <!-- Testcase_RowCount_validation -->
  <testcase classname="testcases.RAW_DATAMART_CURATED.SnowFlake_RowCount_Master" name="Testcase_RowCount_validation" time="1.662">
    <failure type="java.lang.AssertionError" message="The following asserts failed:
	null,
	null">
      <![CDATA[java.lang.AssertionError: The following asserts failed:
null,
null
at testcases.RAW_DATAMART_CURATED.SnowFlake_RowCount_Master.validate_RowCount_BKP(SnowFlake_RowCount_Master.java:56)
at testcases.RAW_DATAMART_CURATED.SnowFlake_RowCount_Master.Testcase_RowCount_validation(SnowFlake_RowCount_Master.java:25)
at java.base/java.util.ArrayList.forEach(ArrayList.java:1511)
... Removed 28 stack frames]]>
    </failure>
  </testcase> <!-- Testcase_RowCount_validation -->
  <testcase classname="testcases.RAW_DATAMART_CURATED.SnowFlake_RowCount_Master" name="Testcase_RowCount_validation" time="2.023">
    <failure type="java.lang.AssertionError" message="The following asserts failed:
	null">
      <![CDATA[java.lang.AssertionError: The following asserts failed:
null
at testcases.RAW_DATAMART_CURATED.SnowFlake_RowCount_Master.validate_RowCount_BKP(SnowFlake_RowCount_Master.java:56)
at testcases.RAW_DATAMART_CURATED.SnowFlake_RowCount_Master.Testcase_RowCount_validation(SnowFlake_RowCount_Master.java:25)
at java.base/java.util.ArrayList.forEach(ArrayList.java:1511)
... Removed 28 stack frames]]>
    </failure>
  </testcase> <!-- Testcase_RowCount_validation -->
  <testcase classname="testcases.RAW_DATAMART_CURATED.SnowFlake_RowCount_Master" name="Testcase_RowCount_validation" time="1.737">
    <failure type="java.lang.AssertionError" message="The following asserts failed:
	null">
      <![CDATA[java.lang.AssertionError: The following asserts failed:
null
at testcases.RAW_DATAMART_CURATED.SnowFlake_RowCount_Master.validate_RowCount_BKP(SnowFlake_RowCount_Master.java:56)
at testcases.RAW_DATAMART_CURATED.SnowFlake_RowCount_Master.Testcase_RowCount_validation(SnowFlake_RowCount_Master.java:25)
at java.base/java.util.ArrayList.forEach(ArrayList.java:1511)
... Removed 28 stack frames]]>
    </failure>
  </testcase> <!-- Testcase_RowCount_validation -->
  <testcase classname="testcases.RAW_DATAMART_CURATED.SnowFlake_RowCount_Master" name="Testcase_RowCount_validation" time="1.54">
    <failure type="java.lang.AssertionError" message="The following asserts failed:
	null,
	null">
      <![CDATA[java.lang.AssertionError: The following asserts failed:
null,
null
at testcases.RAW_DATAMART_CURATED.SnowFlake_RowCount_Master.validate_RowCount_BKP(SnowFlake_RowCount_Master.java:56)
at testcases.RAW_DATAMART_CURATED.SnowFlake_RowCount_Master.Testcase_RowCount_validation(SnowFlake_RowCount_Master.java:25)
at java.base/java.util.ArrayList.forEach(ArrayList.java:1511)
... Removed 28 stack frames]]>
    </failure>
  </testcase> <!-- Testcase_RowCount_validation -->
  <testcase classname="testcases.RAW_DATAMART_CURATED.SnowFlake_RowCount_Master" name="Testcase_RowCount_validation" time="1.14">
    <failure type="java.lang.AssertionError" message="The following asserts failed:
	null,
	null">
      <![CDATA[java.lang.AssertionError: The following asserts failed:
null,
null
at testcases.RAW_DATAMART_CURATED.SnowFlake_RowCount_Master.validate_RowCount_BKP(SnowFlake_RowCount_Master.java:56)
at testcases.RAW_DATAMART_CURATED.SnowFlake_RowCount_Master.Testcase_RowCount_validation(SnowFlake_RowCount_Master.java:25)
at java.base/java.util.ArrayList.forEach(ArrayList.java:1511)
... Removed 28 stack frames]]>
    </failure>
  </testcase> <!-- Testcase_RowCount_validation -->
  <testcase classname="testcases.RAW_DATAMART_CURATED.SnowFlake_RowCount_Master" name="Testcase_RowCount_validation" time="1.316">
    <failure type="java.lang.AssertionError" message="The following asserts failed:
	null,
	null,
	null">
      <![CDATA[java.lang.AssertionError: The following asserts failed:
null,
null,
null
at testcases.RAW_DATAMART_CURATED.SnowFlake_RowCount_Master.validate_RowCount_BKP(SnowFlake_RowCount_Master.java:56)
at testcases.RAW_DATAMART_CURATED.SnowFlake_RowCount_Master.Testcase_RowCount_validation(SnowFlake_RowCount_Master.java:25)
at java.base/java.util.ArrayList.forEach(ArrayList.java:1511)
... Removed 28 stack frames]]>
    </failure>
  </testcase> <!-- Testcase_RowCount_validation -->
  <testcase classname="testcases.RAW_DATAMART_CURATED.SnowFlake_RowCount_Master" name="Testcase_RowCount_validation" time="1.433">
    <failure type="java.lang.AssertionError" message="The following asserts failed:
	null">
      <![CDATA[java.lang.AssertionError: The following asserts failed:
null
at testcases.RAW_DATAMART_CURATED.SnowFlake_RowCount_Master.validate_RowCount_BKP(SnowFlake_RowCount_Master.java:56)
at testcases.RAW_DATAMART_CURATED.SnowFlake_RowCount_Master.Testcase_RowCount_validation(SnowFlake_RowCount_Master.java:25)
at java.base/java.util.ArrayList.forEach(ArrayList.java:1511)
... Removed 28 stack frames]]>
    </failure>
  </testcase> <!-- Testcase_RowCount_validation -->
  <testcase classname="testcases.RAW_DATAMART_CURATED.SnowFlake_RowCount_Master" name="Testcase_RowCount_validation" time="1.835">
    <failure type="java.lang.AssertionError" message="The following asserts failed:
	null">
      <![CDATA[java.lang.AssertionError: The following asserts failed:
null
at testcases.RAW_DATAMART_CURATED.SnowFlake_RowCount_Master.validate_RowCount_BKP(SnowFlake_RowCount_Master.java:56)
at testcases.RAW_DATAMART_CURATED.SnowFlake_RowCount_Master.Testcase_RowCount_validation(SnowFlake_RowCount_Master.java:25)
at java.base/java.util.ArrayList.forEach(ArrayList.java:1511)
... Removed 28 stack frames]]>
    </failure>
  </testcase> <!-- Testcase_RowCount_validation -->
  <testcase classname="testcases.RAW_DATAMART_CURATED.SnowFlake_RowCount_Master" name="Testcase_RowCount_validation" time="2.561"/>
  <testcase classname="testcases.RAW_DATAMART_CURATED.SnowFlake_RowCount_Master" name="Testcase_RowCount_validation" time="1.536">
    <failure type="java.lang.AssertionError" message="The following asserts failed:
	null">
      <![CDATA[java.lang.AssertionError: The following asserts failed:
null
at testcases.RAW_DATAMART_CURATED.SnowFlake_RowCount_Master.validate_RowCount_BKP(SnowFlake_RowCount_Master.java:56)
at testcases.RAW_DATAMART_CURATED.SnowFlake_RowCount_Master.Testcase_RowCount_validation(SnowFlake_RowCount_Master.java:25)
at java.base/java.util.ArrayList.forEach(ArrayList.java:1511)
... Removed 28 stack frames]]>
    </failure>
  </testcase> <!-- Testcase_RowCount_validation -->
  <testcase classname="testcases.RAW_DATAMART_CURATED.SnowFlake_RowCount_Master" name="Testcase_RowCount_validation" time="1.943">
    <failure type="java.lang.AssertionError" message="The following asserts failed:
	null">
      <![CDATA[java.lang.AssertionError: The following asserts failed:
null
at testcases.RAW_DATAMART_CURATED.SnowFlake_RowCount_Master.validate_RowCount_BKP(SnowFlake_RowCount_Master.java:56)
at testcases.RAW_DATAMART_CURATED.SnowFlake_RowCount_Master.Testcase_RowCount_validation(SnowFlake_RowCount_Master.java:25)
at java.base/java.util.ArrayList.forEach(ArrayList.java:1511)
... Removed 28 stack frames]]>
    </failure>
  </testcase> <!-- Testcase_RowCount_validation -->
  <testcase classname="testcases.RAW_DATAMART_CURATED.SnowFlake_RowCount_Master" name="Testcase_RowCount_validation" time="2.043">
    <failure type="java.lang.AssertionError" message="The following asserts failed:
	null">
      <![CDATA[java.lang.AssertionError: The following asserts failed:
null
at testcases.RAW_DATAMART_CURATED.SnowFlake_RowCount_Master.validate_RowCount_BKP(SnowFlake_RowCount_Master.java:56)
at testcases.RAW_DATAMART_CURATED.SnowFlake_RowCount_Master.Testcase_RowCount_validation(SnowFlake_RowCount_Master.java:25)
at java.base/java.util.ArrayList.forEach(ArrayList.java:1511)
... Removed 28 stack frames]]>
    </failure>
  </testcase> <!-- Testcase_RowCount_validation -->
  <testcase classname="testcases.RAW_DATAMART_CURATED.SnowFlake_RowCount_Master" name="Testcase_RowCount_validation" time="2.762">
    <failure type="java.lang.AssertionError" message="The following asserts failed:
	null,
	null">
      <![CDATA[java.lang.AssertionError: The following asserts failed:
null,
null
at testcases.RAW_DATAMART_CURATED.SnowFlake_RowCount_Master.validate_RowCount_BKP(SnowFlake_RowCount_Master.java:56)
at testcases.RAW_DATAMART_CURATED.SnowFlake_RowCount_Master.Testcase_RowCount_validation(SnowFlake_RowCount_Master.java:25)
at java.base/java.util.ArrayList.forEach(ArrayList.java:1511)
... Removed 28 stack frames]]>
    </failure>
  </testcase> <!-- Testcase_RowCount_validation -->
  <testcase classname="testcases.RAW_DATAMART_CURATED.SnowFlake_RowCount_Master" name="Testcase_RowCount_validation" time="1.63">
    <failure type="java.lang.AssertionError" message="The following asserts failed:
	null">
      <![CDATA[java.lang.AssertionError: The following asserts failed:
null
at testcases.RAW_DATAMART_CURATED.SnowFlake_RowCount_Master.validate_RowCount_BKP(SnowFlake_RowCount_Master.java:56)
at testcases.RAW_DATAMART_CURATED.SnowFlake_RowCount_Master.Testcase_RowCount_validation(SnowFlake_RowCount_Master.java:25)
at java.base/java.util.ArrayList.forEach(ArrayList.java:1511)
... Removed 28 stack frames]]>
    </failure>
  </testcase> <!-- Testcase_RowCount_validation -->
  <testcase classname="testcases.RAW_DATAMART_CURATED.SnowFlake_RowCount_Master" name="Testcase_RowCount_validation" time="2.77">
    <failure type="java.lang.AssertionError" message="The following asserts failed:
	null,
	null">
      <![CDATA[java.lang.AssertionError: The following asserts failed:
null,
null
at testcases.RAW_DATAMART_CURATED.SnowFlake_RowCount_Master.validate_RowCount_BKP(SnowFlake_RowCount_Master.java:56)
at testcases.RAW_DATAMART_CURATED.SnowFlake_RowCount_Master.Testcase_RowCount_validation(SnowFlake_RowCount_Master.java:25)
at java.base/java.util.ArrayList.forEach(ArrayList.java:1511)
... Removed 28 stack frames]]>
    </failure>
  </testcase> <!-- Testcase_RowCount_validation -->
  <testcase classname="testcases.RAW_DATAMART_CURATED.SnowFlake_RowCount_Master" name="Testcase_RowCount_validation" time="2.085">
    <failure type="java.lang.AssertionError" message="The following asserts failed:
	null">
      <![CDATA[java.lang.AssertionError: The following asserts failed:
null
at testcases.RAW_DATAMART_CURATED.SnowFlake_RowCount_Master.validate_RowCount_BKP(SnowFlake_RowCount_Master.java:56)
at testcases.RAW_DATAMART_CURATED.SnowFlake_RowCount_Master.Testcase_RowCount_validation(SnowFlake_RowCount_Master.java:25)
at java.base/java.util.ArrayList.forEach(ArrayList.java:1511)
... Removed 28 stack frames]]>
    </failure>
  </testcase> <!-- Testcase_RowCount_validation -->
  <testcase classname="testcases.RAW_DATAMART_CURATED.SnowFlake_RowCount_Master" name="Testcase_RowCount_validation" time="3.709">
    <failure type="java.lang.AssertionError" message="The following asserts failed:
	null">
      <![CDATA[java.lang.AssertionError: The following asserts failed:
null
at testcases.RAW_DATAMART_CURATED.SnowFlake_RowCount_Master.validate_RowCount_BKP(SnowFlake_RowCount_Master.java:56)
at testcases.RAW_DATAMART_CURATED.SnowFlake_RowCount_Master.Testcase_RowCount_validation(SnowFlake_RowCount_Master.java:25)
at java.base/java.util.ArrayList.forEach(ArrayList.java:1511)
... Removed 28 stack frames]]>
    </failure>
  </testcase> <!-- Testcase_RowCount_validation -->
  <testcase classname="testcases.RAW_DATAMART_CURATED.SnowFlake_RowCount_Master" name="Testcase_RowCount_validation" time="3.324">
    <failure type="java.lang.AssertionError" message="The following asserts failed:
	null">
      <![CDATA[java.lang.AssertionError: The following asserts failed:
null
at testcases.RAW_DATAMART_CURATED.SnowFlake_RowCount_Master.validate_RowCount_BKP(SnowFlake_RowCount_Master.java:56)
at testcases.RAW_DATAMART_CURATED.SnowFlake_RowCount_Master.Testcase_RowCount_validation(SnowFlake_RowCount_Master.java:25)
at java.base/java.util.ArrayList.forEach(ArrayList.java:1511)
... Removed 28 stack frames]]>
    </failure>
  </testcase> <!-- Testcase_RowCount_validation -->
  <testcase classname="testcases.RAW_DATAMART_CURATED.SnowFlake_RowCount_Master" name="Testcase_RowCount_validation" time="1.736">
    <failure type="java.lang.AssertionError" message="The following asserts failed:
	null,
	null">
      <![CDATA[java.lang.AssertionError: The following asserts failed:
null,
null
at testcases.RAW_DATAMART_CURATED.SnowFlake_RowCount_Master.validate_RowCount_BKP(SnowFlake_RowCount_Master.java:56)
at testcases.RAW_DATAMART_CURATED.SnowFlake_RowCount_Master.Testcase_RowCount_validation(SnowFlake_RowCount_Master.java:25)
at java.base/java.util.ArrayList.forEach(ArrayList.java:1511)
[...]
    <failure type="java.lang.AssertionError" message="The following asserts failed:
	null,
	null">
      <![CDATA[java.lang.AssertionError: The following asserts failed:
null,
null
at testcases.RAW_DATAMART_CURATED.SnowFlake_RowCount_Master.validate_RowCount_API(SnowFlake_RowCount_Master.java:115)
at testcases.RAW_DATAMART_CURATED.SnowFlake_RowCount_Master.Testcase_RowCount_validation(SnowFlake_RowCount_Master.java:28)
at java.base/java.util.ArrayList.forEach(ArrayList.java:1511)
... Removed 28 stack frames]]>
    </failure>
  </testcase> <!-- Testcase_RowCount_validation -->
  <testcase classname="testcases.RAW_DATAMART_CURATED.SnowFlake_RowCount_Master" name="Testcase_RowCount_validation" time="2.696">
    <failure type="java.lang.AssertionError" message="The following asserts failed:
	null,
	null">
      <![CDATA[java.lang.AssertionError: The following asserts failed:
null,
null
at testcases.RAW_DATAMART_CURATED.SnowFlake_RowCount_Master.validate_RowCount_API(SnowFlake_RowCount_Master.java:115)
at testcases.RAW_DATAMART_CURATED.SnowFlake_RowCount_Master.Testcase_RowCount_validation(SnowFlake_RowCount_Master.java:28)
at java.base/java.util.ArrayList.forEach(ArrayList.java:1511)
... Removed 28 stack frames]]>
    </failure>
  </testcase> <!-- Testcase_RowCount_validation -->
  <testcase classname="testcases.RAW_DATAMART_CURATED.SnowFlake_RowCount_Master" name="Testcase_RowCount_validation" time="3.327">
    <failure type="java.lang.AssertionError" message="The following asserts failed:
	null,
	null">
      <![CDATA[java.lang.AssertionError: The following asserts failed:
null,
null
at testcases.RAW_DATAMART_CURATED.SnowFlake_RowCount_Master.validate_RowCount_API(SnowFlake_RowCount_Master.java:115)
at testcases.RAW_DATAMART_CURATED.SnowFlake_RowCount_Master.Testcase_RowCount_validation(SnowFlake_RowCount_Master.java:28)
at java.base/java.util.ArrayList.forEach(ArrayList.java:1511)
... Removed 28 stack frames]]>
    </failure>
  </testcase> <!-- Testcase_RowCount_validation -->
  <testcase classname="testcases.RAW_DATAMART_CURATED.SnowFlake_RowCount_Master" name="Testcase_RowCount_validation" time="1.536">
    <failure type="java.lang.AssertionError" message="The following asserts failed:
	null">
      <![CDATA[java.lang.AssertionError: The following asserts failed:
null
at testcases.RAW_DATAMART_CURATED.SnowFlake_RowCount_Master.validate_RowCount_API(SnowFlake_RowCount_Master.java:115)
at testcases.RAW_DATAMART_CURATED.SnowFlake_RowCount_Master.Testcase_RowCount_validation(SnowFlake_RowCount_Master.java:28)
at java.base/java.util.ArrayList.forEach(ArrayList.java:1511)
... Removed 28 stack frames]]>
    </failure>
  </testcase> <!-- Testcase_RowCount_validation -->
  <testcase classname="testcases.RAW_DATAMART_CURATED.SnowFlake_RowCount_Master" name="Testcase_RowCount_validation" time="3.89">
    <failure type="java.lang.AssertionError" message="The following asserts failed:
	null">
      <![CDATA[java.lang.AssertionError: The following asserts failed:
null
at testcases.RAW_DATAMART_CURATED.SnowFlake_RowCount_Master.validate_RowCount_API(SnowFlake_RowCount_Master.java:115)
at testcases.RAW_DATAMART_CURATED.SnowFlake_RowCount_Master.Testcase_RowCount_validation(SnowFlake_RowCount_Master.java:28)
at java.base/java.util.ArrayList.forEach(ArrayList.java:1511)
... Removed 28 stack frames]]>
    </failure>
  </testcase> <!-- Testcase_RowCount_validation -->
  <testcase classname="testcases.RAW_DATAMART_CURATED.SnowFlake_RowCount_Master" name="Testcase_RowCount_validation" time="3.385">
    <failure type="java.lang.AssertionError" message="The following asserts failed:
	null,
	null">
      <![CDATA[java.lang.AssertionError: The following asserts failed:
null,
null
at testcases.RAW_DATAMART_CURATED.SnowFlake_RowCount_Master.validate_RowCount_API(SnowFlake_RowCount_Master.java:115)
at testcases.RAW_DATAMART_CURATED.SnowFlake_RowCount_Master.Testcase_RowCount_validation(SnowFlake_RowCount_Master.java:28)
at java.base/java.util.ArrayList.forEach(ArrayList.java:1511)
... Removed 28 stack frames]]>
    </failure>
  </testcase> <!-- Testcase_RowCount_validation -->
  <testcase classname="testcases.RAW_DATAMART_CURATED.SnowFlake_RowCount_Master" name="Testcase_RowCount_validation" time="2.041">
    <failure type="java.lang.AssertionError" message="The following asserts failed:
	null">
      <![CDATA[java.lang.AssertionError: The following asserts failed:
null
at testcases.RAW_DATAMART_CURATED.SnowFlake_RowCount_Master.validate_RowCount_API(SnowFlake_RowCount_Master.java:115)
at testcases.RAW_DATAMART_CURATED.SnowFlake_RowCount_Master.Testcase_RowCount_validation(SnowFlake_RowCount_Master.java:28)
at java.base/java.util.ArrayList.forEach(ArrayList.java:1511)
... Removed 28 stack frames]]>
    </failure>
  </testcase> <!-- Testcase_RowCount_validation -->
  <testcase classname="testcases.RAW_DATAMART_CURATED.SnowFlake_RowCount_Master" name="Testcase_RowCount_validation" time="1.944">
    <failure type="java.lang.AssertionError" message="The following asserts failed:
	null,
	null">
      <![CDATA[java.lang.AssertionError: The following asserts failed:
null,
null
at testcases.RAW_DATAMART_CURATED.SnowFlake_RowCount_Master.validate_RowCount_API(SnowFlake_RowCount_Master.java:115)
at testcases.RAW_DATAMART_CURATED.SnowFlake_RowCount_Master.Testcase_RowCount_validation(SnowFlake_RowCount_Master.java:28)
at java.base/java.util.ArrayList.forEach(ArrayList.java:1511)
... Removed 28 stack frames]]>
    </failure>
  </testcase> <!-- Testcase_RowCount_validation -->
  <testcase classname="testcases.RAW_DATAMART_CURATED.SnowFlake_RowCount_Master" name="Testcase_RowCount_validation" time="1.473">
    <failure type="java.lang.AssertionError" message="The following asserts failed:
	null">
      <![CDATA[java.lang.AssertionError: The following asserts failed:
null
at testcases.RAW_DATAMART_CURATED.SnowFlake_RowCount_Master.validate_RowCount_API(SnowFlake_RowCount_Master.java:115)
at testcases.RAW_DATAMART_CURATED.SnowFlake_RowCount_Master.Testcase_RowCount_validation(SnowFlake_RowCount_Master.java:28)
at java.base/java.util.ArrayList.forEach(ArrayList.java:1511)
... Removed 28 stack frames]]>
    </failure>
  </testcase> <!-- Testcase_RowCount_validation -->
  <testcase classname="testcases.RAW_DATAMART_CURATED.SnowFlake_RowCount_Master" name="Testcase_RowCount_validation" time="2.521">
    <failure type="java.lang.AssertionError" message="The following asserts failed:
	null,
	null">
      <![CDATA[java.lang.AssertionError: The following asserts failed:
null,
null
at testcases.RAW_DATAMART_CURATED.SnowFlake_RowCount_Master.validate_RowCount_API(SnowFlake_RowCount_Master.java:115)
at testcases.RAW_DATAMART_CURATED.SnowFlake_RowCount_Master.Testcase_RowCount_validation(SnowFlake_RowCount_Master.java:28)
at java.base/java.util.ArrayList.forEach(ArrayList.java:1511)
... Removed 28 stack frames]]>
    </failure>
  </testcase> <!-- Testcase_RowCount_validation -->
  <testcase classname="testcases.RAW_DATAMART_CURATED.SnowFlake_RowCount_Master" name="Testcase_RowCount_validation" time="2.174">
    <failure type="java.lang.AssertionError" message="The following asserts failed:
	null">
      <![CDATA[java.lang.AssertionError: The following asserts failed:
null
at testcases.RAW_DATAMART_CURATED.SnowFlake_RowCount_Master.validate_RowCount_API(SnowFlake_RowCount_Master.java:115)
at testcases.RAW_DATAMART_CURATED.SnowFlake_RowCount_Master.Testcase_RowCount_validation(SnowFlake_RowCount_Master.java:28)
at java.base/java.util.ArrayList.forEach(ArrayList.java:1511)
... Removed 28 stack frames]]>
    </failure>
  </testcase> <!-- Testcase_RowCount_validation -->
  <testcase classname="testcases.RAW_DATAMART_CURATED.SnowFlake_RowCount_Master" name="Testcase_RowCount_validation" time="1.818">
    <failure type="java.lang.AssertionError" message="The following asserts failed:
	null">
      <![CDATA[java.lang.AssertionError: The following asserts failed:
null
at testcases.RAW_DATAMART_CURATED.SnowFlake_RowCount_Master.validate_RowCount_API(SnowFlake_RowCount_Master.java:115)
at testcases.RAW_DATAMART_CURATED.SnowFlake_RowCount_Master.Testcase_RowCount_validation(SnowFlake_RowCount_Master.java:28)
at java.base/java.util.ArrayList.forEach(ArrayList.java:1511)
... Removed 28 stack frames]]>
    </failure>
  </testcase> <!-- Testcase_RowCount_validation -->
  <testcase classname="testcases.RAW_DATAMART_CURATED.SnowFlake_RowCount_Master" name="Testcase_RowCount_validation" time="3.173">
    <failure type="java.lang.AssertionError" message="The following asserts failed:
	null">
      <![CDATA[java.lang.AssertionError: The following asserts failed:
null
at testcases.RAW_DATAMART_CURATED.SnowFlake_RowCount_Master.validate_RowCount_API(SnowFlake_RowCount_Master.java:115)
at testcases.RAW_DATAMART_CURATED.SnowFlake_RowCount_Master.Testcase_RowCount_validation(SnowFlake_RowCount_Master.java:28)
at java.base/java.util.ArrayList.forEach(ArrayList.java:1511)
... Removed 28 stack frames]]>
    </failure>
  </testcase> <!-- Testcase_RowCount_validation -->
  <testcase classname="testcases.RAW_DATAMART_CURATED.SnowFlake_RowCount_Master" name="Testcase_RowCount_validation" time="1.948">
    <failure type="java.lang.AssertionError" message="The following asserts failed:
	null">
      <![CDATA[java.lang.AssertionError: The following asserts failed:
null
at testcases.RAW_DATAMART_CURATED.SnowFlake_RowCount_Master.validate_RowCount_API(SnowFlake_RowCount_Master.java:115)
at testcases.RAW_DATAMART_CURATED.SnowFlake_RowCount_Master.Testcase_RowCount_validation(SnowFlake_RowCount_Master.java:28)
at java.base/java.util.ArrayList.forEach(ArrayList.java:1511)
... Removed 28 stack frames]]>
    </failure>
  </testcase> <!-- Testcase_RowCount_validation -->
  <testcase classname="testcases.RAW_DATAMART_CURATED.SnowFlake_RowCount_Master" name="Testcase_RowCount_validation" time="2.146">
    <failure type="java.lang.AssertionError" message="The following asserts failed:
	null,
	null">
      <![CDATA[java.lang.AssertionError: The following asserts failed:
null,
null
at testcases.RAW_DATAMART_CURATED.SnowFlake_RowCount_Master.validate_RowCount_API(SnowFlake_RowCount_Master.java:115)
at testcases.RAW_DATAMART_CURATED.SnowFlake_RowCount_Master.Testcase_RowCount_validation(SnowFlake_RowCount_Master.java:28)
at java.base/java.util.ArrayList.forEach(ArrayList.java:1511)
... Removed 28 stack frames]]>
    </failure>
  </testcase> <!-- Testcase_RowCount_validation -->
  <testcase classname="testcases.RAW_DATAMART_CURATED.SnowFlake_RowCount_Master" name="Testcase_RowCount_validation" time="1.945">
    <failure type="java.lang.AssertionError" message="The following asserts failed:
	null">
      <![CDATA[java.lang.AssertionError: The following asserts failed:
null
at testcases.RAW_DATAMART_CURATED.SnowFlake_RowCount_Master.validate_RowCount_API(SnowFlake_RowCount_Master.java:115)
at testcases.RAW_DATAMART_CURATED.SnowFlake_RowCount_Master.Testcase_RowCount_validation(SnowFlake_RowCount_Master.java:28)
at java.base/java.util.ArrayList.forEach(ArrayList.java:1511)
... Removed 28 stack frames]]>
    </failure>
  </testcase> <!-- Testcase_RowCount_validation -->
  <testcase classname="testcases.RAW_DATAMART_CURATED.SnowFlake_RowCount_Master" name="Testcase_RowCount_validation" time="3.015">
    <failure type="java.lang.AssertionError" message="The following asserts failed:
	null,
	null">
      <![CDATA[java.lang.AssertionError: The following asserts failed:
null,
null
at testcases.RAW_DATAMART_CURATED.SnowFlake_RowCount_Master.validate_RowCount_API(SnowFlake_RowCount_Master.java:115)
at testcases.RAW_DATAMART_CURATED.SnowFlake_RowCount_Master.Testcase_RowCount_validation(SnowFlake_RowCount_Master.java:28)
at java.base/java.util.ArrayList.forEach(ArrayList.java:1511)
... Removed 28 stack frames]]>
    </failure>
  </testcase> <!-- Testcase_RowCount_validation -->
  <testcase classname="testcases.RAW_DATAMART_CURATED.SnowFlake_RowCount_Master" name="Testcase_RowCount_validation" time="2.41">
    <failure type="java.lang.AssertionError" message="The following asserts failed:
	null">
      <![CDATA[java.lang.AssertionError: The following asserts failed:
null
at testcases.RAW_DATAMART_CURATED.SnowFlake_RowCount_Master.validate_RowCount_API(SnowFlake_RowCount_Master.java:115)
at testcases.RAW_DATAMART_CURATED.SnowFlake_RowCount_Master.Testcase_RowCount_validation(SnowFlake_RowCount_Master.java:28)
at java.base/java.util.ArrayList.forEach(ArrayList.java:1511)
... Removed 28 stack frames]]>
    </failure>
  </testcase> <!-- Testcase_RowCount_validation -->
  <testcase classname="testcases.RAW_DATAMART_CURATED.SnowFlake_RowCount_Master" name="Testcase_RowCount_validation" time="2.048">
    <failure type="java.lang.AssertionError" message="The following asserts failed:
	null">
      <![CDATA[java.lang.AssertionError: The following asserts failed:
null
at testcases.RAW_DATAMART_CURATED.SnowFlake_RowCount_Master.validate_RowCount_API(SnowFlake_RowCount_Master.java:115)
at testcases.RAW_DATAMART_CURATED.SnowFlake_RowCount_Master.Testcase_RowCount_validation(SnowFlake_RowCount_Master.java:28)
at java.base/java.util.ArrayList.forEach(ArrayList.java:1511)
... Removed 28 stack frames]]>
    </failure>
  </testcase> <!-- Testcase_RowCount_validation -->
  <testcase classname="testcases.RAW_DATAMART_CURATED.SnowFlake_RowCount_Master" name="Testcase_RowCount_validation" time="2.461">
    <failure type="java.lang.AssertionError" message="The following asserts failed:
	null">
      <![CDATA[java.lang.AssertionError: The following asserts failed:
null
at testcases.RAW_DATAMART_CURATED.SnowFlake_RowCount_Master.validate_RowCount_API(SnowFlake_RowCount_Master.java:115)
at testcases.RAW_DATAMART_CURATED.SnowFlake_RowCount_Master.Testcase_RowCount_validation(SnowFlake_RowCount_Master.java:28)
at java.base/java.util.ArrayList.forEach(ArrayList.java:1511)
... Removed 28 stack frames]]>
    </failure>
  </testcase> <!-- Testcase_RowCount_validation -->
  <testcase classname="testcases.RAW_DATAMART_CURATED.SnowFlake_RowCount_Master" name="Testcase_RowCount_validation" time="1.941">
    <failure type="java.lang.AssertionError" message="The following asserts failed:
	null">
      <![CDATA[java.lang.AssertionError: The following asserts failed:
null
at testcases.RAW_DATAMART_CURATED.SnowFlake_RowCount_Master.validate_RowCount_API(SnowFlake_RowCount_Master.java:115)
at testcases.RAW_DATAMART_CURATED.SnowFlake_RowCount_Master.Testcase_RowCount_validation(SnowFlake_RowCount_Master.java:28)
at java.base/java.util.ArrayList.forEach(ArrayList.java:1511)
... Removed 28 stack frames]]>
    </failure>
  </testcase> <!-- Testcase_RowCount_validation -->
  <testcase classname="testcases.RAW_DATAMART_CURATED.SnowFlake_RowCount_Master" name="Testcase_RowCount_validation" time="2.149">
    <failure type="java.lang.AssertionError" message="The following asserts failed:
	null,
	null">
      <![CDATA[java.lang.AssertionError: The following asserts failed:
null,
null
at testcases.RAW_DATAMART_CURATED.SnowFlake_RowCount_Master.validate_RowCount_API(SnowFlake_RowCount_Master.java:115)
at testcases.RAW_DATAMART_CURATED.SnowFlake_RowCount_Master.Testcase_RowCount_validation(SnowFlake_RowCount_Master.java:28)
at java.base/java.util.ArrayList.forEach(ArrayList.java:1511)
... Removed 28 stack frames]]>
    </failure>
  </testcase> <!-- Testcase_RowCount_validation -->
  <testcase classname="testcases.RAW_DATAMART_CURATED.SnowFlake_RowCount_Master" name="Testcase_RowCount_validation" time="2.047">
    <failure type="java.lang.AssertionError" message="The following asserts failed:
	null">
      <![CDATA[java.lang.AssertionError: The following asserts failed:
null
at testcases.RAW_DATAMART_CURATED.SnowFlake_RowCount_Master.validate_RowCount_API(SnowFlake_RowCount_Master.java:115)
at testcases.RAW_DATAMART_CURATED.SnowFlake_RowCount_Master.Testcase_RowCount_validation(SnowFlake_RowCount_Master.java:28)
at java.base/java.util.ArrayList.forEach(ArrayList.java:1511)
... Removed 28 stack frames]]>
    </failure>
  </testcase> <!-- Testcase_RowCount_validation -->
  <testcase classname="testcases.RAW_DATAMART_CURATED.SnowFlake_RowCount_Master" name="Testcase_RowCount_validation" time="1.433">
    <failure type="java.lang.AssertionError" message="The following asserts failed:
	null">
      <![CDATA[java.lang.AssertionError: The following asserts failed:
null
at testcases.RAW_DATAMART_CURATED.SnowFlake_RowCount_Master.validate_RowCount_API(SnowFlake_RowCount_Master.java:115)
at testcases.RAW_DATAMART_CURATED.SnowFlake_RowCount_Master.Testcase_RowCount_validation(SnowFlake_RowCount_Master.java:28)
at java.base/java.util.ArrayList.forEach(ArrayList.java:1511)
... Removed 28 stack frames]]>
    </failure>
  </testcase> <!-- Testcase_RowCount_validation -->
  <testcase classname="testcases.RAW_DATAMART_CURATED.SnowFlake_RowCount_Master" name="Testcase_RowCount_validation" time="3.277">
    <failure type="java.lang.AssertionError" message="The following asserts failed:
	null,
	null">
      <![CDATA[java.lang.AssertionError: The following asserts failed:
null,
null
at testcases.RAW_DATAMART_CURATED.SnowFlake_RowCount_Master.validate_RowCount_API(SnowFlake_RowCount_Master.java:115)
at testcases.RAW_DATAMART_CURATED.SnowFlake_RowCount_Master.Testcase_RowCount_validation(SnowFlake_RowCount_Master.java:28)
at java.base/java.util.ArrayList.forEach(ArrayList.java:1511)
... Removed 28 stack frames]]>
    </failure>
  </testcase> <!-- Testcase_RowCount_validation -->
  <testcase classname="testcases.RAW_DATAMART_CURATED.SnowFlake_RowCount_Master" name="Testcase_RowCount_validation" time="1.841">
    <failure type="java.lang.AssertionError" message="The following asserts failed:
	null">
      <![CDATA[java.lang.AssertionError: The following asserts failed:
null
at testcases.RAW_DATAMART_CURATED.SnowFlake_RowCount_Master.validate_RowCount_API(SnowFlake_RowCount_Master.java:115)
at testcases.RAW_DATAMART_CURATED.SnowFlake_RowCount_Master.Testcase_RowCount_validation(SnowFlake_RowCount_Master.java:28)
at java.base/java.util.ArrayList.forEach(ArrayList.java:1511)
... Removed 28 stack frames]]>
    </failure>
  </testcase> <!-- Testcase_RowCount_validation -->
  <testcase classname="testcases.RAW_DATAMART_CURATED.SnowFlake_RowCount_Master" name="Testcase_RowCount_validation" time="1.535">
    <failure type="java.lang.AssertionError" message="The following asserts failed:
	null">
      <![CDATA[java.lang.AssertionError: The following asserts failed:
null
at testcases.RAW_DATAMART_CURATED.SnowFlake_RowCount_Master.validate_RowCount_API(SnowFlake_RowCount_Master.java:115)
at testcases.RAW_DATAMART_CURATED.SnowFlake_RowCount_Master.Testcase_RowCount_validation(SnowFlake_RowCount_Master.java:28)
at java.base/java.util.ArrayList.forEach(ArrayList.java:1511)
... Removed 28 stack frames]]>
    </failure>
  </testcase> <!-- Testcase_RowCount_validation -->
  <testcase classname="testcases.RAW_DATAMART_CURATED.SnowFlake_RowCount_Master" name="Testcase_RowCount_validation" time="3.071">
    <failure type="java.lang.AssertionError" message="The following asserts failed:
	null,
	null">
      <![CDATA[java.lang.AssertionError: The following asserts failed:
null,
null
at testcases.RAW_DATAMART_CURATED.SnowFlake_RowCount_Master.validate_RowCount_API(SnowFlake_RowCount_Master.java:115)
at testcases.RAW_DATAMART_CURATED.SnowFlake_RowCount_Master.Testcase_RowCount_validation(SnowFlake_RowCount_Master.java:28)
at java.base/java.util.ArrayList.forEach(ArrayList.java:1511)
... Removed 28 stack frames]]>
    </failure>
  </testcase> <!-- Testcase_RowCount_validation -->
  <testcase classname="testcases.BaseClass" name="@BeforeSuite beforeSuite" time="0.0">
    <ignored/>
  </testcase> <!-- @BeforeSuite beforeSuite -->
  <testcase classname="testcases.BaseClass" name="@AfterSuite afterSuite" time="0.0">
    <ignored/>
  </testcase> <!-- @AfterSuite afterSuite -->
</testsuite> <!-- SnowFlake(failed) -->
